{"/home/admin1/Fundoo/backend/app/model/user.js":{"path":"/home/admin1/Fundoo/backend/app/model/user.js","statementMap":{"0":{"start":{"line":15,"column":17},"end":{"line":15,"column":36}},"1":{"start":{"line":16,"column":19},"end":{"line":16,"column":50}},"2":{"start":{"line":17,"column":19},"end":{"line":59,"column":2}},"3":{"start":{"line":61,"column":11},"end":{"line":61,"column":45}},"4":{"start":{"line":75,"column":8},"end":{"line":92,"column":10}},"5":{"start":{"line":77,"column":12},"end":{"line":91,"column":13}},"6":{"start":{"line":80,"column":16},"end":{"line":80,"column":60}},"7":{"start":{"line":82,"column":17},"end":{"line":91,"column":13}},"8":{"start":{"line":84,"column":16},"end":{"line":84,"column":51}},"9":{"start":{"line":85,"column":16},"end":{"line":85,"column":44}},"10":{"start":{"line":90,"column":16},"end":{"line":90,"column":43}},"11":{"start":{"line":105,"column":8},"end":{"line":113,"column":10}},"12":{"start":{"line":106,"column":12},"end":{"line":112,"column":14}},"13":{"start":{"line":108,"column":16},"end":{"line":108,"column":29}},"14":{"start":{"line":111,"column":16},"end":{"line":111,"column":29}},"15":{"start":{"line":138,"column":25},"end":{"line":143,"column":10}},"16":{"start":{"line":144,"column":8},"end":{"line":151,"column":10}},"17":{"start":{"line":145,"column":12},"end":{"line":150,"column":14}},"18":{"start":{"line":146,"column":16},"end":{"line":146,"column":29}},"19":{"start":{"line":149,"column":16},"end":{"line":149,"column":29}},"20":{"start":{"line":156,"column":0},"end":{"line":156,"column":27}}},"fnMap":{"0":{"name":"(anonymous_0)","decl":{"start":{"line":72,"column":4},"end":{"line":72,"column":5}},"loc":{"start":{"line":73,"column":4},"end":{"line":93,"column":5}},"line":73},"1":{"name":"(anonymous_1)","decl":{"start":{"line":75,"column":29},"end":{"line":75,"column":30}},"loc":{"start":{"line":75,"column":43},"end":{"line":92,"column":9}},"line":75},"2":{"name":"(anonymous_2)","decl":{"start":{"line":102,"column":4},"end":{"line":102,"column":5}},"loc":{"start":{"line":103,"column":4},"end":{"line":127,"column":5}},"line":103},"3":{"name":"(anonymous_3)","decl":{"start":{"line":105,"column":27},"end":{"line":105,"column":28}},"loc":{"start":{"line":105,"column":51},"end":{"line":113,"column":9}},"line":105},"4":{"name":"(anonymous_4)","decl":{"start":{"line":106,"column":74},"end":{"line":106,"column":75}},"loc":{"start":{"line":106,"column":80},"end":{"line":109,"column":13}},"line":106},"5":{"name":"(anonymous_5)","decl":{"start":{"line":110,"column":19},"end":{"line":110,"column":20}},"loc":{"start":{"line":110,"column":26},"end":{"line":112,"column":13}},"line":110},"6":{"name":"(anonymous_6)","decl":{"start":{"line":134,"column":4},"end":{"line":134,"column":5}},"loc":{"start":{"line":135,"column":4},"end":{"line":152,"column":5}},"line":135},"7":{"name":"(anonymous_7)","decl":{"start":{"line":144,"column":27},"end":{"line":144,"column":28}},"loc":{"start":{"line":144,"column":54},"end":{"line":151,"column":9}},"line":144},"8":{"name":"(anonymous_8)","decl":{"start":{"line":145,"column":35},"end":{"line":145,"column":36}},"loc":{"start":{"line":145,"column":45},"end":{"line":147,"column":13}},"line":145},"9":{"name":"(anonymous_9)","decl":{"start":{"line":148,"column":19},"end":{"line":148,"column":20}},"loc":{"start":{"line":148,"column":30},"end":{"line":150,"column":13}},"line":148}},"branchMap":{"0":{"loc":{"start":{"line":77,"column":12},"end":{"line":91,"column":13}},"type":"if","locations":[{"start":{"line":77,"column":12},"end":{"line":91,"column":13}},{"start":{"line":77,"column":12},"end":{"line":91,"column":13}}],"line":77},"1":{"loc":{"start":{"line":82,"column":17},"end":{"line":91,"column":13}},"type":"if","locations":[{"start":{"line":82,"column":17},"end":{"line":91,"column":13}},{"start":{"line":82,"column":17},"end":{"line":91,"column":13}}],"line":82}},"s":{"0":1,"1":1,"2":1,"3":1,"4":7,"5":0,"6":0,"7":0,"8":0,"9":0,"10":0,"11":0,"12":0,"13":0,"14":0,"15":0,"16":0,"17":0,"18":0,"19":0,"20":1},"f":{"0":7,"1":0,"2":0,"3":0,"4":0,"5":0,"6":0,"7":0,"8":0,"9":0},"b":{"0":[0,0],"1":[0,0]},"_coverageSchema":"1a1c01bbd47fc00a2c39e90264f33305004495a9","hash":"ed75441f6e66e8ac2875ff14cf9f328e77d96da3","contentHash":"152064d6944f9ac44323fb8eee976c14517e3d6d7f2bec2b43e16a76b91a2c7b"},"/home/admin1/Fundoo/backend/config/winston.js":{"path":"/home/admin1/Fundoo/backend/config/winston.js","statementMap":{"0":{"start":{"line":1,"column":14},"end":{"line":1,"column":32}},"1":{"start":{"line":3,"column":14},"end":{"line":19,"column":1}},"2":{"start":{"line":22,"column":13},"end":{"line":28,"column":4}},"3":{"start":{"line":30,"column":0},"end":{"line":30,"column":24}}},"fnMap":{},"branchMap":{},"s":{"0":1,"1":1,"2":1,"3":1},"f":{},"b":{},"_coverageSchema":"1a1c01bbd47fc00a2c39e90264f33305004495a9","hash":"18997ca9c6600ee6dbb94f9d77228a2f5c552af4","contentHash":"35dfc00c124a53f410da142cca2c251847e14b108cb728985e5b1e7810a6d56f"},"/home/admin1/Fundoo/backend/server.js":{"path":"/home/admin1/Fundoo/backend/server.js","statementMap":{"0":{"start":{"line":15,"column":16},"end":{"line":15,"column":34}},"1":{"start":{"line":16,"column":19},"end":{"line":16,"column":41}},"2":{"start":{"line":17,"column":17},"end":{"line":17,"column":52}},"3":{"start":{"line":18,"column":12},"end":{"line":18,"column":21}},"4":{"start":{"line":19,"column":11},"end":{"line":19,"column":26}},"5":{"start":{"line":20,"column":18},"end":{"line":20,"column":46}},"6":{"start":{"line":21,"column":12},"end":{"line":21,"column":38}},"7":{"start":{"line":22,"column":0},"end":{"line":22,"column":16}},"8":{"start":{"line":23,"column":0},"end":{"line":23,"column":28}},"9":{"start":{"line":24,"column":0},"end":{"line":24,"column":27}},"10":{"start":{"line":25,"column":0},"end":{"line":25,"column":21}},"11":{"start":{"line":26,"column":0},"end":{"line":26,"column":20}},"12":{"start":{"line":27,"column":0},"end":{"line":29,"column":3}},"13":{"start":{"line":28,"column":4},"end":{"line":28,"column":63}},"14":{"start":{"line":34,"column":11},"end":{"line":34,"column":27}},"15":{"start":{"line":36,"column":0},"end":{"line":39,"column":3}},"16":{"start":{"line":37,"column":4},"end":{"line":37,"column":23}},"17":{"start":{"line":38,"column":4},"end":{"line":38,"column":55}},"18":{"start":{"line":41,"column":0},"end":{"line":41,"column":21}}},"fnMap":{"0":{"name":"(anonymous_0)","decl":{"start":{"line":27,"column":13},"end":{"line":27,"column":14}},"loc":{"start":{"line":27,"column":27},"end":{"line":29,"column":1}},"line":27},"1":{"name":"(anonymous_1)","decl":{"start":{"line":36,"column":25},"end":{"line":36,"column":26}},"loc":{"start":{"line":36,"column":31},"end":{"line":39,"column":1}},"line":36}},"branchMap":{"0":{"loc":{"start":{"line":36,"column":11},"end":{"line":36,"column":23}},"type":"binary-expr","locations":[{"start":{"line":36,"column":11},"end":{"line":36,"column":15}},{"start":{"line":36,"column":19},"end":{"line":36,"column":23}}],"line":36}},"s":{"0":1,"1":1,"2":1,"3":1,"4":1,"5":1,"6":1,"7":1,"8":1,"9":1,"10":1,"11":1,"12":1,"13":0,"14":1,"15":1,"16":0,"17":0,"18":1},"f":{"0":0,"1":0},"b":{"0":[1,0]},"_coverageSchema":"1a1c01bbd47fc00a2c39e90264f33305004495a9","hash":"a48858e0644044aa8efdf877517c3077af46c628","contentHash":"f0e28f65cf351957040fad4a047a1cd95df0adc9570ea5469d992ed6429721c0"},"/home/admin1/Fundoo/backend/config/database.config.js":{"path":"/home/admin1/Fundoo/backend/config/database.config.js","statementMap":{"0":{"start":{"line":12,"column":17},"end":{"line":12,"column":36}},"1":{"start":{"line":13,"column":0},"end":{"line":13,"column":27}},"2":{"start":{"line":14,"column":13},"end":{"line":14,"column":33}},"3":{"start":{"line":19,"column":8},"end":{"line":19,"column":33}},"4":{"start":{"line":20,"column":8},"end":{"line":20,"column":41}},"5":{"start":{"line":21,"column":8},"end":{"line":21,"column":44}},"6":{"start":{"line":22,"column":8},"end":{"line":22,"column":40}},"7":{"start":{"line":26,"column":8},"end":{"line":26,"column":29}},"8":{"start":{"line":27,"column":8},"end":{"line":32,"column":11}},"9":{"start":{"line":33,"column":8},"end":{"line":33,"column":23}},"10":{"start":{"line":34,"column":8},"end":{"line":34,"column":29}},"11":{"start":{"line":40,"column":8},"end":{"line":43,"column":11}},"12":{"start":{"line":41,"column":12},"end":{"line":41,"column":54}},"13":{"start":{"line":42,"column":12},"end":{"line":42,"column":28}},"14":{"start":{"line":45,"column":8},"end":{"line":47,"column":11}},"15":{"start":{"line":46,"column":12},"end":{"line":46,"column":69}},"16":{"start":{"line":49,"column":8},"end":{"line":51,"column":11}},"17":{"start":{"line":50,"column":12},"end":{"line":50,"column":63}},"18":{"start":{"line":53,"column":8},"end":{"line":56,"column":11}},"19":{"start":{"line":54,"column":12},"end":{"line":54,"column":62}},"20":{"start":{"line":55,"column":12},"end":{"line":55,"column":28}},"21":{"start":{"line":60,"column":0},"end":{"line":60,"column":30}}},"fnMap":{"0":{"name":"(anonymous_0)","decl":{"start":{"line":18,"column":4},"end":{"line":18,"column":5}},"loc":{"start":{"line":18,"column":17},"end":{"line":23,"column":5}},"line":18},"1":{"name":"(anonymous_1)","decl":{"start":{"line":25,"column":4},"end":{"line":25,"column":5}},"loc":{"start":{"line":25,"column":13},"end":{"line":36,"column":5}},"line":25},"2":{"name":"(anonymous_2)","decl":{"start":{"line":38,"column":4},"end":{"line":38,"column":5}},"loc":{"start":{"line":38,"column":13},"end":{"line":57,"column":5}},"line":38},"3":{"name":"(anonymous_3)","decl":{"start":{"line":40,"column":52},"end":{"line":40,"column":53}},"loc":{"start":{"line":40,"column":63},"end":{"line":43,"column":9}},"line":40},"4":{"name":"(anonymous_4)","decl":{"start":{"line":45,"column":45},"end":{"line":45,"column":46}},"loc":{"start":{"line":45,"column":55},"end":{"line":47,"column":9}},"line":45},"5":{"name":"(anonymous_5)","decl":{"start":{"line":49,"column":44},"end":{"line":49,"column":45}},"loc":{"start":{"line":49,"column":55},"end":{"line":51,"column":9}},"line":49},"6":{"name":"(anonymous_6)","decl":{"start":{"line":53,"column":40},"end":{"line":53,"column":41}},"loc":{"start":{"line":53,"column":54},"end":{"line":56,"column":9}},"line":53}},"branchMap":{},"s":{"0":1,"1":1,"2":1,"3":1,"4":1,"5":1,"6":1,"7":0,"8":0,"9":0,"10":0,"11":0,"12":0,"13":0,"14":0,"15":0,"16":0,"17":0,"18":0,"19":0,"20":0,"21":1},"f":{"0":1,"1":0,"2":0,"3":0,"4":0,"5":0,"6":0},"b":{},"_coverageSchema":"1a1c01bbd47fc00a2c39e90264f33305004495a9","hash":"399aae80e8410eb085860a8ee6040b62d38a38f0","contentHash":"d6cadb43124befd0e1eb56aa3acf631c1055f6a2ef9a00ab2c0674e0d20efdb1"},"/home/admin1/Fundoo/backend/routes/routes.js":{"path":"/home/admin1/Fundoo/backend/routes/routes.js","statementMap":{"0":{"start":{"line":15,"column":22},"end":{"line":15,"column":51}},"1":{"start":{"line":16,"column":14},"end":{"line":16,"column":32}},"2":{"start":{"line":17,"column":15},"end":{"line":17,"column":31}},"3":{"start":{"line":18,"column":10},"end":{"line":18,"column":40}},"4":{"start":{"line":19,"column":11},"end":{"line":19,"column":39}},"5":{"start":{"line":20,"column":13},"end":{"line":20,"column":38}},"6":{"start":{"line":21,"column":19},"end":{"line":21,"column":41}},"7":{"start":{"line":22,"column":13},"end":{"line":22,"column":41}},"8":{"start":{"line":23,"column":21},"end":{"line":23,"column":50}},"9":{"start":{"line":24,"column":22},"end":{"line":24,"column":52}},"10":{"start":{"line":26,"column":0},"end":{"line":26,"column":58}},"11":{"start":{"line":28,"column":0},"end":{"line":28,"column":53}},"12":{"start":{"line":30,"column":0},"end":{"line":30,"column":71}},"13":{"start":{"line":32,"column":0},"end":{"line":32,"column":85}},"14":{"start":{"line":36,"column":0},"end":{"line":49,"column":2}},"15":{"start":{"line":37,"column":4},"end":{"line":37,"column":45}},"16":{"start":{"line":38,"column":4},"end":{"line":48,"column":6}},"17":{"start":{"line":39,"column":8},"end":{"line":47,"column":9}},"18":{"start":{"line":41,"column":12},"end":{"line":41,"column":62}},"19":{"start":{"line":45,"column":12},"end":{"line":45,"column":49}},"20":{"start":{"line":46,"column":12},"end":{"line":46,"column":44}},"21":{"start":{"line":51,"column":0},"end":{"line":51,"column":86}},"22":{"start":{"line":53,"column":0},"end":{"line":93,"column":3}},"23":{"start":{"line":54,"column":4},"end":{"line":54,"column":36}},"24":{"start":{"line":55,"column":26},"end":{"line":55,"column":28}},"25":{"start":{"line":56,"column":4},"end":{"line":56,"column":47}},"26":{"start":{"line":58,"column":4},"end":{"line":92,"column":6}},"27":{"start":{"line":59,"column":16},"end":{"line":59,"column":18}},"28":{"start":{"line":60,"column":8},"end":{"line":91,"column":9}},"29":{"start":{"line":62,"column":12},"end":{"line":62,"column":37}},"30":{"start":{"line":64,"column":12},"end":{"line":64,"column":32}},"31":{"start":{"line":65,"column":12},"end":{"line":65,"column":32}},"32":{"start":{"line":66,"column":12},"end":{"line":66,"column":50}},"33":{"start":{"line":68,"column":12},"end":{"line":68,"column":45}},"34":{"start":{"line":70,"column":12},"end":{"line":70,"column":53}},"35":{"start":{"line":73,"column":12},"end":{"line":73,"column":61}},"36":{"start":{"line":74,"column":12},"end":{"line":74,"column":41}},"37":{"start":{"line":76,"column":12},"end":{"line":76,"column":74}},"38":{"start":{"line":78,"column":16},"end":{"line":89,"column":17}},"39":{"start":{"line":80,"column":20},"end":{"line":80,"column":38}},"40":{"start":{"line":81,"column":20},"end":{"line":81,"column":40}},"41":{"start":{"line":82,"column":20},"end":{"line":82,"column":58}},"42":{"start":{"line":86,"column":20},"end":{"line":86,"column":55}},"43":{"start":{"line":87,"column":20},"end":{"line":87,"column":39}},"44":{"start":{"line":88,"column":20},"end":{"line":88,"column":58}},"45":{"start":{"line":96,"column":0},"end":{"line":96,"column":63}},"46":{"start":{"line":97,"column":0},"end":{"line":97,"column":63}},"47":{"start":{"line":98,"column":0},"end":{"line":98,"column":68}},"48":{"start":{"line":99,"column":0},"end":{"line":99,"column":73}},"49":{"start":{"line":102,"column":0},"end":{"line":102,"column":74}},"50":{"start":{"line":103,"column":0},"end":{"line":103,"column":74}},"51":{"start":{"line":104,"column":0},"end":{"line":104,"column":71}},"52":{"start":{"line":105,"column":0},"end":{"line":105,"column":77}},"53":{"start":{"line":106,"column":0},"end":{"line":106,"column":24}}},"fnMap":{"0":{"name":"(anonymous_0)","decl":{"start":{"line":36,"column":26},"end":{"line":36,"column":27}},"loc":{"start":{"line":36,"column":46},"end":{"line":49,"column":1}},"line":36},"1":{"name":"(anonymous_1)","decl":{"start":{"line":38,"column":48},"end":{"line":38,"column":49}},"loc":{"start":{"line":38,"column":62},"end":{"line":48,"column":5}},"line":38},"2":{"name":"(anonymous_2)","decl":{"start":{"line":53,"column":44},"end":{"line":53,"column":45}},"loc":{"start":{"line":53,"column":70},"end":{"line":93,"column":1}},"line":53},"3":{"name":"(anonymous_3)","decl":{"start":{"line":58,"column":34},"end":{"line":58,"column":35}},"loc":{"start":{"line":58,"column":49},"end":{"line":92,"column":5}},"line":58}},"branchMap":{"0":{"loc":{"start":{"line":39,"column":8},"end":{"line":47,"column":9}},"type":"if","locations":[{"start":{"line":39,"column":8},"end":{"line":47,"column":9}},{"start":{"line":39,"column":8},"end":{"line":47,"column":9}}],"line":39},"1":{"loc":{"start":{"line":60,"column":8},"end":{"line":91,"column":9}},"type":"if","locations":[{"start":{"line":60,"column":8},"end":{"line":91,"column":9}},{"start":{"line":60,"column":8},"end":{"line":91,"column":9}}],"line":60},"2":{"loc":{"start":{"line":78,"column":16},"end":{"line":89,"column":17}},"type":"if","locations":[{"start":{"line":78,"column":16},"end":{"line":89,"column":17}},{"start":{"line":78,"column":16},"end":{"line":89,"column":17}}],"line":78}},"s":{"0":1,"1":1,"2":1,"3":1,"4":1,"5":1,"6":1,"7":1,"8":1,"9":1,"10":1,"11":1,"12":1,"13":1,"14":1,"15":0,"16":0,"17":0,"18":0,"19":0,"20":0,"21":1,"22":1,"23":0,"24":0,"25":0,"26":0,"27":0,"28":0,"29":0,"30":0,"31":0,"32":0,"33":0,"34":0,"35":0,"36":0,"37":0,"38":0,"39":0,"40":0,"41":0,"42":0,"43":0,"44":0,"45":1,"46":1,"47":1,"48":1,"49":1,"50":1,"51":1,"52":1,"53":1},"f":{"0":0,"1":0,"2":0,"3":0},"b":{"0":[0,0],"1":[0,0],"2":[0,0]},"_coverageSchema":"1a1c01bbd47fc00a2c39e90264f33305004495a9","hash":"879938087d0a721015e78345af442bb6cab584e0","contentHash":"e4db99c0d42da9e765ec94a10edf5d3a7be447605c92f401fc09258d21f0556f"},"/home/admin1/Fundoo/backend/controller/user.js":{"path":"/home/admin1/Fundoo/backend/controller/user.js","statementMap":{"0":{"start":{"line":10,"column":19},"end":{"line":10,"column":46}},"1":{"start":{"line":11,"column":19},"end":{"line":11,"column":49}},"2":{"start":{"line":12,"column":19},"end":{"line":12,"column":51}},"3":{"start":{"line":13,"column":19},"end":{"line":13,"column":52}},"4":{"start":{"line":14,"column":19},"end":{"line":14,"column":47}},"5":{"start":{"line":15,"column":12},"end":{"line":15,"column":28}},"6":{"start":{"line":16,"column":13},"end":{"line":16,"column":33}},"7":{"start":{"line":17,"column":0},"end":{"line":17,"column":27}},"8":{"start":{"line":30,"column":8},"end":{"line":112,"column":9}},"9":{"start":{"line":32,"column":12},"end":{"line":32,"column":189}},"10":{"start":{"line":32,"column":152},"end":{"line":32,"column":189}},"11":{"start":{"line":33,"column":12},"end":{"line":33,"column":214}},"12":{"start":{"line":33,"column":172},"end":{"line":33,"column":214}},"13":{"start":{"line":34,"column":12},"end":{"line":34,"column":187}},"14":{"start":{"line":34,"column":144},"end":{"line":34,"column":187}},"15":{"start":{"line":36,"column":12},"end":{"line":36,"column":98}},"16":{"start":{"line":37,"column":12},"end":{"line":37,"column":92}},"17":{"start":{"line":39,"column":12},"end":{"line":39,"column":96}},"18":{"start":{"line":40,"column":12},"end":{"line":40,"column":90}},"19":{"start":{"line":41,"column":12},"end":{"line":41,"column":78}},"20":{"start":{"line":42,"column":12},"end":{"line":42,"column":243}},"21":{"start":{"line":43,"column":25},"end":{"line":43,"column":51}},"22":{"start":{"line":44,"column":25},"end":{"line":44,"column":27}},"23":{"start":{"line":46,"column":12},"end":{"line":102,"column":13}},"24":{"start":{"line":48,"column":16},"end":{"line":48,"column":38}},"25":{"start":{"line":49,"column":16},"end":{"line":49,"column":39}},"26":{"start":{"line":50,"column":16},"end":{"line":50,"column":57}},"27":{"start":{"line":53,"column":16},"end":{"line":53,"column":62}},"28":{"start":{"line":54,"column":31},"end":{"line":59,"column":17}},"29":{"start":{"line":61,"column":16},"end":{"line":100,"column":18}},"30":{"start":{"line":62,"column":20},"end":{"line":99,"column":22}},"31":{"start":{"line":63,"column":24},"end":{"line":93,"column":25}},"32":{"start":{"line":66,"column":42},"end":{"line":68,"column":29}},"33":{"start":{"line":70,"column":43},"end":{"line":70,"column":78}},"34":{"start":{"line":71,"column":42},"end":{"line":71,"column":73}},"35":{"start":{"line":73,"column":28},"end":{"line":73,"column":77}},"36":{"start":{"line":75,"column":28},"end":{"line":85,"column":30}},"37":{"start":{"line":77,"column":32},"end":{"line":77,"column":75}},"38":{"start":{"line":78,"column":32},"end":{"line":78,"column":54}},"39":{"start":{"line":79,"column":32},"end":{"line":79,"column":51}},"40":{"start":{"line":80,"column":32},"end":{"line":80,"column":73}},"41":{"start":{"line":82,"column":32},"end":{"line":82,"column":53}},"42":{"start":{"line":83,"column":32},"end":{"line":83,"column":82}},"43":{"start":{"line":84,"column":32},"end":{"line":84,"column":73}},"44":{"start":{"line":89,"column":28},"end":{"line":89,"column":58}},"45":{"start":{"line":90,"column":28},"end":{"line":90,"column":58}},"46":{"start":{"line":91,"column":28},"end":{"line":91,"column":52}},"47":{"start":{"line":92,"column":28},"end":{"line":92,"column":69}},"48":{"start":{"line":95,"column":24},"end":{"line":95,"column":45}},"49":{"start":{"line":96,"column":24},"end":{"line":96,"column":63}},"50":{"start":{"line":97,"column":24},"end":{"line":97,"column":47}},"51":{"start":{"line":98,"column":24},"end":{"line":98,"column":65}},"52":{"start":{"line":105,"column":25},"end":{"line":105,"column":27}},"53":{"start":{"line":107,"column":12},"end":{"line":107,"column":33}},"54":{"start":{"line":109,"column":12},"end":{"line":109,"column":34}},"55":{"start":{"line":111,"column":12},"end":{"line":111,"column":52}},"56":{"start":{"line":123,"column":8},"end":{"line":182,"column":9}},"57":{"start":{"line":125,"column":12},"end":{"line":125,"column":78}},"58":{"start":{"line":126,"column":12},"end":{"line":126,"column":243}},"59":{"start":{"line":128,"column":25},"end":{"line":128,"column":51}},"60":{"start":{"line":129,"column":25},"end":{"line":129,"column":27}},"61":{"start":{"line":131,"column":12},"end":{"line":172,"column":13}},"62":{"start":{"line":132,"column":16},"end":{"line":132,"column":45}},"63":{"start":{"line":133,"column":16},"end":{"line":133,"column":39}},"64":{"start":{"line":134,"column":16},"end":{"line":134,"column":57}},"65":{"start":{"line":137,"column":31},"end":{"line":140,"column":17}},"66":{"start":{"line":142,"column":16},"end":{"line":171,"column":18}},"67":{"start":{"line":144,"column":20},"end":{"line":170,"column":21}},"68":{"start":{"line":145,"column":24},"end":{"line":145,"column":45}},"69":{"start":{"line":146,"column":24},"end":{"line":146,"column":47}},"70":{"start":{"line":147,"column":24},"end":{"line":147,"column":65}},"71":{"start":{"line":149,"column":25},"end":{"line":170,"column":21}},"72":{"start":{"line":151,"column":38},"end":{"line":153,"column":25}},"73":{"start":{"line":155,"column":39},"end":{"line":155,"column":74}},"74":{"start":{"line":156,"column":24},"end":{"line":156,"column":71}},"75":{"start":{"line":159,"column":24},"end":{"line":159,"column":48}},"76":{"start":{"line":160,"column":24},"end":{"line":160,"column":60}},"77":{"start":{"line":161,"column":24},"end":{"line":161,"column":54}},"78":{"start":{"line":162,"column":24},"end":{"line":162,"column":43}},"79":{"start":{"line":163,"column":24},"end":{"line":163,"column":65}},"80":{"start":{"line":166,"column":24},"end":{"line":166,"column":54}},"81":{"start":{"line":167,"column":24},"end":{"line":167,"column":54}},"82":{"start":{"line":168,"column":24},"end":{"line":168,"column":48}},"83":{"start":{"line":169,"column":24},"end":{"line":169,"column":65}},"84":{"start":{"line":175,"column":25},"end":{"line":175,"column":27}},"85":{"start":{"line":176,"column":12},"end":{"line":176,"column":47}},"86":{"start":{"line":177,"column":12},"end":{"line":177,"column":33}},"87":{"start":{"line":178,"column":12},"end":{"line":178,"column":38}},"88":{"start":{"line":179,"column":12},"end":{"line":179,"column":34}},"89":{"start":{"line":180,"column":12},"end":{"line":180,"column":38}},"90":{"start":{"line":181,"column":12},"end":{"line":181,"column":52}},"91":{"start":{"line":195,"column":19},"end":{"line":195,"column":21}},"92":{"start":{"line":197,"column":8},"end":{"line":207,"column":10}},"93":{"start":{"line":198,"column":12},"end":{"line":198,"column":31}},"94":{"start":{"line":199,"column":12},"end":{"line":199,"column":34}},"95":{"start":{"line":200,"column":12},"end":{"line":200,"column":35}},"96":{"start":{"line":201,"column":12},"end":{"line":201,"column":53}},"97":{"start":{"line":204,"column":12},"end":{"line":204,"column":33}},"98":{"start":{"line":205,"column":12},"end":{"line":205,"column":35}},"99":{"start":{"line":206,"column":12},"end":{"line":206,"column":53}},"100":{"start":{"line":217,"column":8},"end":{"line":270,"column":9}},"101":{"start":{"line":220,"column":12},"end":{"line":220,"column":78}},"102":{"start":{"line":221,"column":25},"end":{"line":221,"column":51}},"103":{"start":{"line":222,"column":25},"end":{"line":222,"column":27}},"104":{"start":{"line":224,"column":12},"end":{"line":260,"column":13}},"105":{"start":{"line":225,"column":16},"end":{"line":225,"column":45}},"106":{"start":{"line":226,"column":16},"end":{"line":226,"column":39}},"107":{"start":{"line":227,"column":16},"end":{"line":227,"column":57}},"108":{"start":{"line":231,"column":29},"end":{"line":231,"column":31}},"109":{"start":{"line":232,"column":37},"end":{"line":234,"column":17}},"110":{"start":{"line":235,"column":16},"end":{"line":259,"column":18}},"111":{"start":{"line":236,"column":20},"end":{"line":258,"column":21}},"112":{"start":{"line":237,"column":24},"end":{"line":237,"column":45}},"113":{"start":{"line":238,"column":24},"end":{"line":238,"column":46}},"114":{"start":{"line":239,"column":24},"end":{"line":239,"column":65}},"115":{"start":{"line":242,"column":24},"end":{"line":242,"column":71}},"116":{"start":{"line":243,"column":38},"end":{"line":245,"column":25}},"117":{"start":{"line":247,"column":39},"end":{"line":247,"column":74}},"118":{"start":{"line":248,"column":24},"end":{"line":248,"column":54}},"119":{"start":{"line":249,"column":24},"end":{"line":249,"column":67}},"120":{"start":{"line":252,"column":34},"end":{"line":252,"column":75}},"121":{"start":{"line":253,"column":24},"end":{"line":253,"column":61}},"122":{"start":{"line":255,"column":24},"end":{"line":255,"column":52}},"123":{"start":{"line":256,"column":24},"end":{"line":256,"column":46}},"124":{"start":{"line":257,"column":24},"end":{"line":257,"column":65}},"125":{"start":{"line":263,"column":25},"end":{"line":263,"column":27}},"126":{"start":{"line":265,"column":12},"end":{"line":265,"column":33}},"127":{"start":{"line":267,"column":12},"end":{"line":267,"column":34}},"128":{"start":{"line":269,"column":12},"end":{"line":269,"column":52}},"129":{"start":{"line":281,"column":8},"end":{"line":281,"column":239}},"130":{"start":{"line":282,"column":21},"end":{"line":282,"column":47}},"131":{"start":{"line":283,"column":21},"end":{"line":283,"column":23}},"132":{"start":{"line":285,"column":8},"end":{"line":311,"column":9}},"133":{"start":{"line":286,"column":12},"end":{"line":286,"column":41}},"134":{"start":{"line":287,"column":12},"end":{"line":287,"column":35}},"135":{"start":{"line":288,"column":12},"end":{"line":288,"column":53}},"136":{"start":{"line":291,"column":25},"end":{"line":291,"column":27}},"137":{"start":{"line":292,"column":32},"end":{"line":295,"column":13}},"138":{"start":{"line":296,"column":12},"end":{"line":310,"column":14}},"139":{"start":{"line":298,"column":16},"end":{"line":298,"column":35}},"140":{"start":{"line":299,"column":16},"end":{"line":299,"column":38}},"141":{"start":{"line":301,"column":16},"end":{"line":301,"column":57}},"142":{"start":{"line":305,"column":16},"end":{"line":305,"column":37}},"143":{"start":{"line":306,"column":16},"end":{"line":306,"column":39}},"144":{"start":{"line":307,"column":16},"end":{"line":307,"column":39}},"145":{"start":{"line":309,"column":16},"end":{"line":309,"column":57}},"146":{"start":{"line":317,"column":8},"end":{"line":317,"column":57}},"147":{"start":{"line":319,"column":12},"end":{"line":326,"column":14}},"148":{"start":{"line":320,"column":16},"end":{"line":325,"column":18}},"149":{"start":{"line":321,"column":20},"end":{"line":321,"column":34}},"150":{"start":{"line":324,"column":20},"end":{"line":324,"column":34}},"151":{"start":{"line":331,"column":0},"end":{"line":331,"column":34}}},"fnMap":{"0":{"name":"(anonymous_0)","decl":{"start":{"line":29,"column":4},"end":{"line":29,"column":5}},"loc":{"start":{"line":29,"column":40},"end":{"line":113,"column":5}},"line":29},"1":{"name":"(anonymous_1)","decl":{"start":{"line":61,"column":35},"end":{"line":61,"column":36}},"loc":{"start":{"line":61,"column":62},"end":{"line":100,"column":17}},"line":61},"2":{"name":"(anonymous_2)","decl":{"start":{"line":62,"column":62},"end":{"line":62,"column":63}},"loc":{"start":{"line":62,"column":72},"end":{"line":94,"column":21}},"line":62},"3":{"name":"(anonymous_3)","decl":{"start":{"line":75,"column":69},"end":{"line":75,"column":70}},"loc":{"start":{"line":75,"column":77},"end":{"line":81,"column":29}},"line":75},"4":{"name":"(anonymous_4)","decl":{"start":{"line":81,"column":37},"end":{"line":81,"column":38}},"loc":{"start":{"line":81,"column":44},"end":{"line":85,"column":29}},"line":81},"5":{"name":"(anonymous_5)","decl":{"start":{"line":94,"column":29},"end":{"line":94,"column":30}},"loc":{"start":{"line":94,"column":40},"end":{"line":99,"column":21}},"line":94},"6":{"name":"(anonymous_6)","decl":{"start":{"line":122,"column":4},"end":{"line":122,"column":5}},"loc":{"start":{"line":122,"column":39},"end":{"line":183,"column":5}},"line":122},"7":{"name":"(anonymous_7)","decl":{"start":{"line":142,"column":52},"end":{"line":142,"column":53}},"loc":{"start":{"line":142,"column":69},"end":{"line":171,"column":17}},"line":142},"8":{"name":"(anonymous_8)","decl":{"start":{"line":193,"column":4},"end":{"line":193,"column":5}},"loc":{"start":{"line":194,"column":4},"end":{"line":208,"column":5}},"line":194},"9":{"name":"(anonymous_9)","decl":{"start":{"line":197,"column":53},"end":{"line":197,"column":54}},"loc":{"start":{"line":197,"column":59},"end":{"line":202,"column":9}},"line":197},"10":{"name":"(anonymous_10)","decl":{"start":{"line":203,"column":15},"end":{"line":203,"column":16}},"loc":{"start":{"line":203,"column":22},"end":{"line":207,"column":9}},"line":203},"11":{"name":"(anonymous_11)","decl":{"start":{"line":216,"column":4},"end":{"line":216,"column":5}},"loc":{"start":{"line":216,"column":48},"end":{"line":272,"column":5}},"line":216},"12":{"name":"(anonymous_12)","decl":{"start":{"line":235,"column":60},"end":{"line":235,"column":61}},"loc":{"start":{"line":235,"column":77},"end":{"line":259,"column":17}},"line":235},"13":{"name":"(anonymous_13)","decl":{"start":{"line":280,"column":4},"end":{"line":280,"column":5}},"loc":{"start":{"line":280,"column":47},"end":{"line":312,"column":5}},"line":280},"14":{"name":"(anonymous_14)","decl":{"start":{"line":296,"column":67},"end":{"line":296,"column":68}},"loc":{"start":{"line":296,"column":73},"end":{"line":302,"column":13}},"line":296},"15":{"name":"(anonymous_15)","decl":{"start":{"line":303,"column":19},"end":{"line":303,"column":20}},"loc":{"start":{"line":303,"column":26},"end":{"line":310,"column":13}},"line":303},"16":{"name":"(anonymous_16)","decl":{"start":{"line":314,"column":4},"end":{"line":314,"column":5}},"loc":{"start":{"line":315,"column":4},"end":{"line":328,"column":5}},"line":315},"17":{"name":"(anonymous_17)","decl":{"start":{"line":319,"column":31},"end":{"line":319,"column":32}},"loc":{"start":{"line":319,"column":55},"end":{"line":326,"column":13}},"line":319},"18":{"name":"(anonymous_18)","decl":{"start":{"line":320,"column":63},"end":{"line":320,"column":64}},"loc":{"start":{"line":320,"column":69},"end":{"line":322,"column":17}},"line":320},"19":{"name":"(anonymous_19)","decl":{"start":{"line":323,"column":23},"end":{"line":323,"column":24}},"loc":{"start":{"line":323,"column":30},"end":{"line":325,"column":17}},"line":323}},"branchMap":{"0":{"loc":{"start":{"line":32,"column":12},"end":{"line":32,"column":189}},"type":"if","locations":[{"start":{"line":32,"column":12},"end":{"line":32,"column":189}},{"start":{"line":32,"column":12},"end":{"line":32,"column":189}}],"line":32},"1":{"loc":{"start":{"line":32,"column":15},"end":{"line":32,"column":145}},"type":"binary-expr","locations":[{"start":{"line":32,"column":15},"end":{"line":32,"column":46}},{"start":{"line":32,"column":50},"end":{"line":32,"column":80}},{"start":{"line":32,"column":84},"end":{"line":32,"column":111}},{"start":{"line":32,"column":115},"end":{"line":32,"column":145}}],"line":32},"2":{"loc":{"start":{"line":33,"column":12},"end":{"line":33,"column":214}},"type":"if","locations":[{"start":{"line":33,"column":12},"end":{"line":33,"column":214}},{"start":{"line":33,"column":12},"end":{"line":33,"column":214}}],"line":33},"3":{"loc":{"start":{"line":33,"column":15},"end":{"line":33,"column":165}},"type":"binary-expr","locations":[{"start":{"line":33,"column":15},"end":{"line":33,"column":51}},{"start":{"line":33,"column":55},"end":{"line":33,"column":90}},{"start":{"line":33,"column":94},"end":{"line":33,"column":126}},{"start":{"line":33,"column":130},"end":{"line":33,"column":165}}],"line":33},"4":{"loc":{"start":{"line":34,"column":12},"end":{"line":34,"column":187}},"type":"if","locations":[{"start":{"line":34,"column":12},"end":{"line":34,"column":187}},{"start":{"line":34,"column":12},"end":{"line":34,"column":187}}],"line":34},"5":{"loc":{"start":{"line":34,"column":15},"end":{"line":34,"column":137}},"type":"binary-expr","locations":[{"start":{"line":34,"column":15},"end":{"line":34,"column":44}},{"start":{"line":34,"column":48},"end":{"line":34,"column":76}},{"start":{"line":34,"column":80},"end":{"line":34,"column":105}},{"start":{"line":34,"column":109},"end":{"line":34,"column":137}}],"line":34},"6":{"loc":{"start":{"line":46,"column":12},"end":{"line":102,"column":13}},"type":"if","locations":[{"start":{"line":46,"column":12},"end":{"line":102,"column":13}},{"start":{"line":46,"column":12},"end":{"line":102,"column":13}}],"line":46},"7":{"loc":{"start":{"line":63,"column":24},"end":{"line":93,"column":25}},"type":"if","locations":[{"start":{"line":63,"column":24},"end":{"line":93,"column":25}},{"start":{"line":63,"column":24},"end":{"line":93,"column":25}}],"line":63},"8":{"loc":{"start":{"line":131,"column":12},"end":{"line":172,"column":13}},"type":"if","locations":[{"start":{"line":131,"column":12},"end":{"line":172,"column":13}},{"start":{"line":131,"column":12},"end":{"line":172,"column":13}}],"line":131},"9":{"loc":{"start":{"line":144,"column":20},"end":{"line":170,"column":21}},"type":"if","locations":[{"start":{"line":144,"column":20},"end":{"line":170,"column":21}},{"start":{"line":144,"column":20},"end":{"line":170,"column":21}}],"line":144},"10":{"loc":{"start":{"line":149,"column":25},"end":{"line":170,"column":21}},"type":"if","locations":[{"start":{"line":149,"column":25},"end":{"line":170,"column":21}},{"start":{"line":149,"column":25},"end":{"line":170,"column":21}}],"line":149},"11":{"loc":{"start":{"line":224,"column":12},"end":{"line":260,"column":13}},"type":"if","locations":[{"start":{"line":224,"column":12},"end":{"line":260,"column":13}},{"start":{"line":224,"column":12},"end":{"line":260,"column":13}}],"line":224},"12":{"loc":{"start":{"line":236,"column":20},"end":{"line":258,"column":21}},"type":"if","locations":[{"start":{"line":236,"column":20},"end":{"line":258,"column":21}},{"start":{"line":236,"column":20},"end":{"line":258,"column":21}}],"line":236},"13":{"loc":{"start":{"line":285,"column":8},"end":{"line":311,"column":9}},"type":"if","locations":[{"start":{"line":285,"column":8},"end":{"line":311,"column":9}},{"start":{"line":285,"column":8},"end":{"line":311,"column":9}}],"line":285}},"s":{"0":1,"1":1,"2":1,"3":1,"4":1,"5":1,"6":1,"7":1,"8":19,"9":19,"10":1,"11":18,"12":1,"13":17,"14":4,"15":13,"16":13,"17":13,"18":13,"19":13,"20":13,"21":13,"22":13,"23":13,"24":12,"25":12,"26":12,"27":1,"28":1,"29":1,"30":1,"31":0,"32":0,"33":0,"34":0,"35":0,"36":0,"37":0,"38":0,"39":0,"40":0,"41":0,"42":0,"43":0,"44":0,"45":0,"46":0,"47":0,"48":0,"49":0,"50":0,"51":0,"52":6,"53":6,"54":6,"55":6,"56":11,"57":11,"58":11,"59":11,"60":11,"61":11,"62":7,"63":7,"64":7,"65":4,"66":4,"67":0,"68":0,"69":0,"70":0,"71":0,"72":0,"73":0,"74":0,"75":0,"76":0,"77":0,"78":0,"79":0,"80":0,"81":0,"82":0,"83":0,"84":0,"85":0,"86":0,"87":0,"88":0,"89":0,"90":0,"91":0,"92":0,"93":0,"94":0,"95":0,"96":0,"97":0,"98":0,"99":0,"100":6,"101":6,"102":6,"103":6,"104":6,"105":4,"106":4,"107":4,"108":2,"109":2,"110":2,"111":0,"112":0,"113":0,"114":0,"115":0,"116":0,"117":0,"118":0,"119":0,"120":0,"121":0,"122":0,"123":0,"124":0,"125":0,"126":0,"127":0,"128":0,"129":0,"130":0,"131":0,"132":0,"133":0,"134":0,"135":0,"136":0,"137":0,"138":0,"139":0,"140":0,"141":0,"142":0,"143":0,"144":0,"145":0,"146":0,"147":0,"148":0,"149":0,"150":0,"151":1},"f":{"0":19,"1":1,"2":0,"3":0,"4":0,"5":0,"6":11,"7":0,"8":0,"9":0,"10":0,"11":6,"12":0,"13":0,"14":0,"15":0,"16":0,"17":0,"18":0,"19":0},"b":{"0":[1,18],"1":[19,18,18,18],"2":[1,17],"3":[18,17,17,17],"4":[4,13],"5":[17,16,15,14],"6":[12,1],"7":[0,0],"8":[7,4],"9":[0,0],"10":[0,0],"11":[4,2],"12":[0,0],"13":[0,0]},"_coverageSchema":"1a1c01bbd47fc00a2c39e90264f33305004495a9","hash":"daf9d6ee0dddae719863f5863904c6992f846c28","contentHash":"ffede405219146bac8f2a4a53f90131dbc3b549f7e122d89e4f0b2725a327ce4"},"/home/admin1/Fundoo/backend/services/user.js":{"path":"/home/admin1/Fundoo/backend/services/user.js","statementMap":{"0":{"start":{"line":9,"column":16},"end":{"line":9,"column":44}},"1":{"start":{"line":10,"column":16},"end":{"line":10,"column":44}},"2":{"start":{"line":11,"column":19},"end":{"line":11,"column":47}},"3":{"start":{"line":12,"column":0},"end":{"line":12,"column":28}},"4":{"start":{"line":24,"column":8},"end":{"line":24,"column":34}},"5":{"start":{"line":25,"column":18},"end":{"line":25,"column":20}},"6":{"start":{"line":26,"column":8},"end":{"line":63,"column":10}},"7":{"start":{"line":28,"column":12},"end":{"line":62,"column":14}},"8":{"start":{"line":29,"column":16},"end":{"line":61,"column":17}},"9":{"start":{"line":31,"column":20},"end":{"line":31,"column":34}},"10":{"start":{"line":33,"column":21},"end":{"line":61,"column":17}},"11":{"start":{"line":35,"column":20},"end":{"line":53,"column":22}},"12":{"start":{"line":36,"column":24},"end":{"line":52,"column":25}},"13":{"start":{"line":38,"column":28},"end":{"line":38,"column":41}},"14":{"start":{"line":42,"column":28},"end":{"line":42,"column":65}},"15":{"start":{"line":43,"column":28},"end":{"line":43,"column":62}},"16":{"start":{"line":44,"column":28},"end":{"line":51,"column":30}},"17":{"start":{"line":46,"column":36},"end":{"line":46,"column":50}},"18":{"start":{"line":50,"column":32},"end":{"line":50,"column":44}},"19":{"start":{"line":57,"column":20},"end":{"line":57,"column":55}},"20":{"start":{"line":58,"column":20},"end":{"line":58,"column":40}},"21":{"start":{"line":59,"column":20},"end":{"line":59,"column":39}},"22":{"start":{"line":60,"column":20},"end":{"line":60,"column":33}},"23":{"start":{"line":74,"column":8},"end":{"line":74,"column":44}},"24":{"start":{"line":75,"column":16},"end":{"line":75,"column":18}},"25":{"start":{"line":76,"column":8},"end":{"line":120,"column":14}},"26":{"start":{"line":77,"column":12},"end":{"line":119,"column":17}},"27":{"start":{"line":79,"column":16},"end":{"line":79,"column":39}},"28":{"start":{"line":81,"column":17},"end":{"line":119,"column":17}},"29":{"start":{"line":83,"column":16},"end":{"line":83,"column":57}},"30":{"start":{"line":84,"column":16},"end":{"line":84,"column":36}},"31":{"start":{"line":85,"column":16},"end":{"line":85,"column":35}},"32":{"start":{"line":86,"column":16},"end":{"line":86,"column":42}},"33":{"start":{"line":88,"column":17},"end":{"line":119,"column":17}},"34":{"start":{"line":90,"column":20},"end":{"line":90,"column":60}},"35":{"start":{"line":91,"column":20},"end":{"line":91,"column":56}},"36":{"start":{"line":92,"column":20},"end":{"line":111,"column":22}},"37":{"start":{"line":93,"column":24},"end":{"line":93,"column":78}},"38":{"start":{"line":94,"column":24},"end":{"line":110,"column":25}},"39":{"start":{"line":96,"column":28},"end":{"line":96,"column":51}},"40":{"start":{"line":98,"column":29},"end":{"line":110,"column":25}},"41":{"start":{"line":100,"column":28},"end":{"line":100,"column":67}},"42":{"start":{"line":101,"column":28},"end":{"line":101,"column":48}},"43":{"start":{"line":102,"column":28},"end":{"line":102,"column":54}},"44":{"start":{"line":106,"column":28},"end":{"line":106,"column":64}},"45":{"start":{"line":107,"column":28},"end":{"line":107,"column":46}},"46":{"start":{"line":108,"column":28},"end":{"line":108,"column":46}},"47":{"start":{"line":109,"column":28},"end":{"line":109,"column":54}},"48":{"start":{"line":115,"column":20},"end":{"line":115,"column":70}},"49":{"start":{"line":116,"column":20},"end":{"line":116,"column":40}},"50":{"start":{"line":117,"column":20},"end":{"line":117,"column":39}},"51":{"start":{"line":118,"column":20},"end":{"line":118,"column":46}},"52":{"start":{"line":132,"column":8},"end":{"line":132,"column":31}},"53":{"start":{"line":133,"column":8},"end":{"line":140,"column":10}},"54":{"start":{"line":134,"column":12},"end":{"line":139,"column":14}},"55":{"start":{"line":135,"column":16},"end":{"line":135,"column":29}},"56":{"start":{"line":138,"column":16},"end":{"line":138,"column":29}},"57":{"start":{"line":152,"column":8},"end":{"line":152,"column":40}},"58":{"start":{"line":153,"column":8},"end":{"line":153,"column":45}},"59":{"start":{"line":154,"column":8},"end":{"line":154,"column":40}},"60":{"start":{"line":155,"column":8},"end":{"line":174,"column":10}},"61":{"start":{"line":156,"column":12},"end":{"line":173,"column":14}},"62":{"start":{"line":157,"column":16},"end":{"line":172,"column":17}},"63":{"start":{"line":158,"column":20},"end":{"line":158,"column":33}},"64":{"start":{"line":160,"column":21},"end":{"line":172,"column":17}},"65":{"start":{"line":161,"column":20},"end":{"line":161,"column":33}},"66":{"start":{"line":165,"column":20},"end":{"line":171,"column":26}},"67":{"start":{"line":166,"column":24},"end":{"line":166,"column":51}},"68":{"start":{"line":167,"column":24},"end":{"line":167,"column":37}},"69":{"start":{"line":170,"column":28},"end":{"line":170,"column":41}},"70":{"start":{"line":187,"column":8},"end":{"line":187,"column":27}},"71":{"start":{"line":188,"column":8},"end":{"line":200,"column":10}},"72":{"start":{"line":189,"column":12},"end":{"line":199,"column":13}},"73":{"start":{"line":191,"column":16},"end":{"line":191,"column":38}},"74":{"start":{"line":193,"column":17},"end":{"line":199,"column":13}},"75":{"start":{"line":194,"column":16},"end":{"line":194,"column":38}},"76":{"start":{"line":197,"column":16},"end":{"line":197,"column":56}},"77":{"start":{"line":198,"column":16},"end":{"line":198,"column":43}},"78":{"start":{"line":211,"column":8},"end":{"line":246,"column":10}},"79":{"start":{"line":212,"column":12},"end":{"line":245,"column":14}},"80":{"start":{"line":213,"column":16},"end":{"line":244,"column":17}},"81":{"start":{"line":215,"column":20},"end":{"line":215,"column":33}},"82":{"start":{"line":217,"column":21},"end":{"line":244,"column":17}},"83":{"start":{"line":218,"column":20},"end":{"line":218,"column":34}},"84":{"start":{"line":222,"column":20},"end":{"line":222,"column":48}},"85":{"start":{"line":223,"column":20},"end":{"line":242,"column":22}},"86":{"start":{"line":224,"column":24},"end":{"line":240,"column":25}},"87":{"start":{"line":226,"column":28},"end":{"line":226,"column":41}},"88":{"start":{"line":230,"column":28},"end":{"line":230,"column":63}},"89":{"start":{"line":231,"column":50},"end":{"line":231,"column":63}},"90":{"start":{"line":232,"column":28},"end":{"line":239,"column":30}},"91":{"start":{"line":233,"column":32},"end":{"line":233,"column":58}},"92":{"start":{"line":234,"column":32},"end":{"line":234,"column":46}},"93":{"start":{"line":237,"column":32},"end":{"line":237,"column":59}},"94":{"start":{"line":238,"column":32},"end":{"line":238,"column":45}},"95":{"start":{"line":251,"column":8},"end":{"line":272,"column":10}},"96":{"start":{"line":252,"column":12},"end":{"line":271,"column":13}},"97":{"start":{"line":253,"column":16},"end":{"line":270,"column":17}},"98":{"start":{"line":255,"column":20},"end":{"line":255,"column":33}},"99":{"start":{"line":257,"column":21},"end":{"line":270,"column":17}},"100":{"start":{"line":258,"column":20},"end":{"line":258,"column":34}},"101":{"start":{"line":262,"column":20},"end":{"line":269,"column":22}},"102":{"start":{"line":263,"column":24},"end":{"line":263,"column":50}},"103":{"start":{"line":264,"column":24},"end":{"line":264,"column":38}},"104":{"start":{"line":267,"column":24},"end":{"line":267,"column":51}},"105":{"start":{"line":268,"column":24},"end":{"line":268,"column":37}},"106":{"start":{"line":276,"column":0},"end":{"line":276,"column":32}}},"fnMap":{"0":{"name":"(anonymous_0)","decl":{"start":{"line":22,"column":4},"end":{"line":22,"column":5}},"loc":{"start":{"line":23,"column":4},"end":{"line":64,"column":5}},"line":23},"1":{"name":"(anonymous_1)","decl":{"start":{"line":26,"column":27},"end":{"line":26,"column":28}},"loc":{"start":{"line":27,"column":8},"end":{"line":63,"column":9}},"line":27},"2":{"name":"(anonymous_2)","decl":{"start":{"line":28,"column":57},"end":{"line":28,"column":58}},"loc":{"start":{"line":28,"column":71},"end":{"line":62,"column":13}},"line":28},"3":{"name":"(anonymous_3)","decl":{"start":{"line":35,"column":60},"end":{"line":35,"column":61}},"loc":{"start":{"line":35,"column":87},"end":{"line":53,"column":21}},"line":35},"4":{"name":"(anonymous_4)","decl":{"start":{"line":45,"column":34},"end":{"line":45,"column":35}},"loc":{"start":{"line":45,"column":42},"end":{"line":48,"column":29}},"line":45},"5":{"name":"(anonymous_5)","decl":{"start":{"line":49,"column":35},"end":{"line":49,"column":36}},"loc":{"start":{"line":49,"column":40},"end":{"line":51,"column":29}},"line":49},"6":{"name":"(anonymous_6)","decl":{"start":{"line":72,"column":4},"end":{"line":72,"column":5}},"loc":{"start":{"line":73,"column":4},"end":{"line":122,"column":5}},"line":73},"7":{"name":"(anonymous_7)","decl":{"start":{"line":76,"column":50},"end":{"line":76,"column":51}},"loc":{"start":{"line":76,"column":64},"end":{"line":120,"column":13}},"line":76},"8":{"name":"(anonymous_8)","decl":{"start":{"line":92,"column":74},"end":{"line":92,"column":75}},"loc":{"start":{"line":92,"column":91},"end":{"line":111,"column":21}},"line":92},"9":{"name":"(anonymous_9)","decl":{"start":{"line":130,"column":4},"end":{"line":130,"column":5}},"loc":{"start":{"line":131,"column":4},"end":{"line":141,"column":5}},"line":131},"10":{"name":"(anonymous_10)","decl":{"start":{"line":133,"column":27},"end":{"line":133,"column":28}},"loc":{"start":{"line":133,"column":51},"end":{"line":140,"column":9}},"line":133},"11":{"name":"(anonymous_11)","decl":{"start":{"line":134,"column":89},"end":{"line":134,"column":90}},"loc":{"start":{"line":134,"column":95},"end":{"line":136,"column":13}},"line":134},"12":{"name":"(anonymous_12)","decl":{"start":{"line":137,"column":19},"end":{"line":137,"column":20}},"loc":{"start":{"line":137,"column":26},"end":{"line":139,"column":13}},"line":137},"13":{"name":"(anonymous_13)","decl":{"start":{"line":151,"column":4},"end":{"line":151,"column":5}},"loc":{"start":{"line":151,"column":51},"end":{"line":175,"column":5}},"line":151},"14":{"name":"(anonymous_14)","decl":{"start":{"line":155,"column":27},"end":{"line":155,"column":28}},"loc":{"start":{"line":155,"column":54},"end":{"line":174,"column":9}},"line":155},"15":{"name":"(anonymous_15)","decl":{"start":{"line":156,"column":58},"end":{"line":156,"column":59}},"loc":{"start":{"line":156,"column":75},"end":{"line":173,"column":13}},"line":156},"16":{"name":"(anonymous_16)","decl":{"start":{"line":165,"column":179},"end":{"line":165,"column":180}},"loc":{"start":{"line":165,"column":187},"end":{"line":168,"column":21}},"line":165},"17":{"name":"(anonymous_17)","decl":{"start":{"line":169,"column":31},"end":{"line":169,"column":32}},"loc":{"start":{"line":169,"column":40},"end":{"line":171,"column":25}},"line":169},"18":{"name":"(anonymous_18)","decl":{"start":{"line":185,"column":4},"end":{"line":185,"column":5}},"loc":{"start":{"line":186,"column":4},"end":{"line":201,"column":5}},"line":186},"19":{"name":"(anonymous_19)","decl":{"start":{"line":188,"column":50},"end":{"line":188,"column":51}},"loc":{"start":{"line":188,"column":64},"end":{"line":200,"column":9}},"line":188},"20":{"name":"(anonymous_20)","decl":{"start":{"line":209,"column":4},"end":{"line":209,"column":5}},"loc":{"start":{"line":210,"column":4},"end":{"line":247,"column":5}},"line":210},"21":{"name":"(anonymous_21)","decl":{"start":{"line":211,"column":27},"end":{"line":211,"column":28}},"loc":{"start":{"line":211,"column":51},"end":{"line":246,"column":9}},"line":211},"22":{"name":"(anonymous_22)","decl":{"start":{"line":212,"column":49},"end":{"line":212,"column":50}},"loc":{"start":{"line":212,"column":63},"end":{"line":245,"column":13}},"line":212},"23":{"name":"(anonymous_23)","decl":{"start":{"line":223,"column":60},"end":{"line":223,"column":61}},"loc":{"start":{"line":223,"column":83},"end":{"line":242,"column":21}},"line":223},"24":{"name":"(anonymous_24)","decl":{"start":{"line":232,"column":99},"end":{"line":232,"column":100}},"loc":{"start":{"line":232,"column":105},"end":{"line":235,"column":29}},"line":232},"25":{"name":"(anonymous_25)","decl":{"start":{"line":236,"column":35},"end":{"line":236,"column":36}},"loc":{"start":{"line":236,"column":42},"end":{"line":239,"column":29}},"line":236},"26":{"name":"(anonymous_26)","decl":{"start":{"line":249,"column":4},"end":{"line":249,"column":5}},"loc":{"start":{"line":250,"column":4},"end":{"line":273,"column":5}},"line":250},"27":{"name":"(anonymous_27)","decl":{"start":{"line":251,"column":27},"end":{"line":251,"column":28}},"loc":{"start":{"line":251,"column":51},"end":{"line":272,"column":9}},"line":251},"28":{"name":"(anonymous_28)","decl":{"start":{"line":252,"column":49},"end":{"line":252,"column":50}},"loc":{"start":{"line":252,"column":63},"end":{"line":271,"column":12}},"line":252},"29":{"name":"(anonymous_29)","decl":{"start":{"line":262,"column":92},"end":{"line":262,"column":93}},"loc":{"start":{"line":262,"column":98},"end":{"line":265,"column":21}},"line":262},"30":{"name":"(anonymous_30)","decl":{"start":{"line":266,"column":27},"end":{"line":266,"column":28}},"loc":{"start":{"line":266,"column":34},"end":{"line":269,"column":21}},"line":266}},"branchMap":{"0":{"loc":{"start":{"line":29,"column":16},"end":{"line":61,"column":17}},"type":"if","locations":[{"start":{"line":29,"column":16},"end":{"line":61,"column":17}},{"start":{"line":29,"column":16},"end":{"line":61,"column":17}}],"line":29},"1":{"loc":{"start":{"line":33,"column":21},"end":{"line":61,"column":17}},"type":"if","locations":[{"start":{"line":33,"column":21},"end":{"line":61,"column":17}},{"start":{"line":33,"column":21},"end":{"line":61,"column":17}}],"line":33},"2":{"loc":{"start":{"line":36,"column":24},"end":{"line":52,"column":25}},"type":"if","locations":[{"start":{"line":36,"column":24},"end":{"line":52,"column":25}},{"start":{"line":36,"column":24},"end":{"line":52,"column":25}}],"line":36},"3":{"loc":{"start":{"line":77,"column":12},"end":{"line":119,"column":17}},"type":"if","locations":[{"start":{"line":77,"column":12},"end":{"line":119,"column":17}},{"start":{"line":77,"column":12},"end":{"line":119,"column":17}}],"line":77},"4":{"loc":{"start":{"line":81,"column":17},"end":{"line":119,"column":17}},"type":"if","locations":[{"start":{"line":81,"column":17},"end":{"line":119,"column":17}},{"start":{"line":81,"column":17},"end":{"line":119,"column":17}}],"line":81},"5":{"loc":{"start":{"line":88,"column":17},"end":{"line":119,"column":17}},"type":"if","locations":[{"start":{"line":88,"column":17},"end":{"line":119,"column":17}},{"start":{"line":88,"column":17},"end":{"line":119,"column":17}}],"line":88},"6":{"loc":{"start":{"line":94,"column":24},"end":{"line":110,"column":25}},"type":"if","locations":[{"start":{"line":94,"column":24},"end":{"line":110,"column":25}},{"start":{"line":94,"column":24},"end":{"line":110,"column":25}}],"line":94},"7":{"loc":{"start":{"line":98,"column":29},"end":{"line":110,"column":25}},"type":"if","locations":[{"start":{"line":98,"column":29},"end":{"line":110,"column":25}},{"start":{"line":98,"column":29},"end":{"line":110,"column":25}}],"line":98},"8":{"loc":{"start":{"line":157,"column":16},"end":{"line":172,"column":17}},"type":"if","locations":[{"start":{"line":157,"column":16},"end":{"line":172,"column":17}},{"start":{"line":157,"column":16},"end":{"line":172,"column":17}}],"line":157},"9":{"loc":{"start":{"line":160,"column":21},"end":{"line":172,"column":17}},"type":"if","locations":[{"start":{"line":160,"column":21},"end":{"line":172,"column":17}},{"start":{"line":160,"column":21},"end":{"line":172,"column":17}}],"line":160},"10":{"loc":{"start":{"line":189,"column":12},"end":{"line":199,"column":13}},"type":"if","locations":[{"start":{"line":189,"column":12},"end":{"line":199,"column":13}},{"start":{"line":189,"column":12},"end":{"line":199,"column":13}}],"line":189},"11":{"loc":{"start":{"line":193,"column":17},"end":{"line":199,"column":13}},"type":"if","locations":[{"start":{"line":193,"column":17},"end":{"line":199,"column":13}},{"start":{"line":193,"column":17},"end":{"line":199,"column":13}}],"line":193},"12":{"loc":{"start":{"line":213,"column":16},"end":{"line":244,"column":17}},"type":"if","locations":[{"start":{"line":213,"column":16},"end":{"line":244,"column":17}},{"start":{"line":213,"column":16},"end":{"line":244,"column":17}}],"line":213},"13":{"loc":{"start":{"line":217,"column":21},"end":{"line":244,"column":17}},"type":"if","locations":[{"start":{"line":217,"column":21},"end":{"line":244,"column":17}},{"start":{"line":217,"column":21},"end":{"line":244,"column":17}}],"line":217},"14":{"loc":{"start":{"line":224,"column":24},"end":{"line":240,"column":25}},"type":"if","locations":[{"start":{"line":224,"column":24},"end":{"line":240,"column":25}},{"start":{"line":224,"column":24},"end":{"line":240,"column":25}}],"line":224},"15":{"loc":{"start":{"line":253,"column":16},"end":{"line":270,"column":17}},"type":"if","locations":[{"start":{"line":253,"column":16},"end":{"line":270,"column":17}},{"start":{"line":253,"column":16},"end":{"line":270,"column":17}}],"line":253},"16":{"loc":{"start":{"line":257,"column":21},"end":{"line":270,"column":17}},"type":"if","locations":[{"start":{"line":257,"column":21},"end":{"line":270,"column":17}},{"start":{"line":257,"column":21},"end":{"line":270,"column":17}}],"line":257}},"s":{"0":1,"1":1,"2":1,"3":1,"4":1,"5":1,"6":1,"7":1,"8":0,"9":0,"10":0,"11":0,"12":0,"13":0,"14":0,"15":0,"16":0,"17":0,"18":0,"19":0,"20":0,"21":0,"22":0,"23":4,"24":4,"25":4,"26":0,"27":0,"28":0,"29":0,"30":0,"31":0,"32":0,"33":0,"34":0,"35":0,"36":0,"37":0,"38":0,"39":0,"40":0,"41":0,"42":0,"43":0,"44":0,"45":0,"46":0,"47":0,"48":0,"49":0,"50":0,"51":0,"52":0,"53":0,"54":0,"55":0,"56":0,"57":0,"58":0,"59":0,"60":0,"61":0,"62":0,"63":0,"64":0,"65":0,"66":0,"67":0,"68":0,"69":0,"70":2,"71":2,"72":0,"73":0,"74":0,"75":0,"76":0,"77":0,"78":0,"79":0,"80":0,"81":0,"82":0,"83":0,"84":0,"85":0,"86":0,"87":0,"88":0,"89":0,"90":0,"91":0,"92":0,"93":0,"94":0,"95":0,"96":0,"97":0,"98":0,"99":0,"100":0,"101":0,"102":0,"103":0,"104":0,"105":0,"106":1},"f":{"0":1,"1":1,"2":0,"3":0,"4":0,"5":0,"6":4,"7":0,"8":0,"9":0,"10":0,"11":0,"12":0,"13":0,"14":0,"15":0,"16":0,"17":0,"18":2,"19":0,"20":0,"21":0,"22":0,"23":0,"24":0,"25":0,"26":0,"27":0,"28":0,"29":0,"30":0},"b":{"0":[0,0],"1":[0,0],"2":[0,0],"3":[0,0],"4":[0,0],"5":[0,0],"6":[0,0],"7":[0,0],"8":[0,0],"9":[0,0],"10":[0,0],"11":[0,0],"12":[0,0],"13":[0,0],"14":[0,0],"15":[0,0],"16":[0,0]},"_coverageSchema":"1a1c01bbd47fc00a2c39e90264f33305004495a9","hash":"66855a2f99ab93f8fc4a9833c8e818b776241286","contentHash":"252b5a9879c217a8ab8140ed7a885e14d80a78c0853705bfce4707dc574093ba"},"/home/admin1/Fundoo/backend/utility/bcrypt.js":{"path":"/home/admin1/Fundoo/backend/utility/bcrypt.js","statementMap":{"0":{"start":{"line":12,"column":17},"end":{"line":12,"column":34}},"1":{"start":{"line":14,"column":0},"end":{"line":58,"column":1}},"2":{"start":{"line":22,"column":8},"end":{"line":22,"column":36}},"3":{"start":{"line":23,"column":8},"end":{"line":32,"column":10}},"4":{"start":{"line":24,"column":12},"end":{"line":31,"column":13}},"5":{"start":{"line":25,"column":16},"end":{"line":25,"column":33}},"6":{"start":{"line":26,"column":16},"end":{"line":26,"column":37}},"7":{"start":{"line":29,"column":16},"end":{"line":29,"column":43}},"8":{"start":{"line":30,"column":16},"end":{"line":30,"column":44}},"9":{"start":{"line":44,"column":8},"end":{"line":56,"column":10}},"10":{"start":{"line":45,"column":12},"end":{"line":55,"column":13}},"11":{"start":{"line":47,"column":16},"end":{"line":47,"column":39}},"12":{"start":{"line":51,"column":29},"end":{"line":51,"column":31}},"13":{"start":{"line":52,"column":16},"end":{"line":52,"column":39}},"14":{"start":{"line":53,"column":16},"end":{"line":53,"column":48}},"15":{"start":{"line":54,"column":16},"end":{"line":54,"column":43}}},"fnMap":{"0":{"name":"(anonymous_0)","decl":{"start":{"line":21,"column":4},"end":{"line":21,"column":5}},"loc":{"start":{"line":21,"column":39},"end":{"line":33,"column":5}},"line":21},"1":{"name":"(anonymous_1)","decl":{"start":{"line":23,"column":33},"end":{"line":23,"column":34}},"loc":{"start":{"line":23,"column":48},"end":{"line":32,"column":9}},"line":23},"2":{"name":"(anonymous_2)","decl":{"start":{"line":43,"column":4},"end":{"line":43,"column":5}},"loc":{"start":{"line":43,"column":42},"end":{"line":57,"column":5}},"line":43},"3":{"name":"(anonymous_3)","decl":{"start":{"line":44,"column":36},"end":{"line":44,"column":37}},"loc":{"start":{"line":44,"column":50},"end":{"line":56,"column":9}},"line":44}},"branchMap":{"0":{"loc":{"start":{"line":24,"column":12},"end":{"line":31,"column":13}},"type":"if","locations":[{"start":{"line":24,"column":12},"end":{"line":31,"column":13}},{"start":{"line":24,"column":12},"end":{"line":31,"column":13}}],"line":24},"1":{"loc":{"start":{"line":45,"column":12},"end":{"line":55,"column":13}},"type":"if","locations":[{"start":{"line":45,"column":12},"end":{"line":55,"column":13}},{"start":{"line":45,"column":12},"end":{"line":55,"column":13}}],"line":45}},"s":{"0":1,"1":1,"2":0,"3":0,"4":0,"5":0,"6":0,"7":0,"8":0,"9":0,"10":0,"11":0,"12":0,"13":0,"14":0,"15":0},"f":{"0":0,"1":0,"2":0,"3":0},"b":{"0":[0,0],"1":[0,0]},"_coverageSchema":"1a1c01bbd47fc00a2c39e90264f33305004495a9","hash":"491355eeb567717270dd19561ffe45ee321510cf","contentHash":"4d5292ca1ad9ffe93f14ce385fa6aaa4ad9526d3c9abd8e208650ee3fb06a7d0"},"/home/admin1/Fundoo/backend/utility/jwtToken.js":{"path":"/home/admin1/Fundoo/backend/utility/jwtToken.js","statementMap":{"0":{"start":{"line":11,"column":12},"end":{"line":11,"column":35}},"1":{"start":{"line":12,"column":12},"end":{"line":12,"column":28}},"2":{"start":{"line":13,"column":13},"end":{"line":13,"column":33}},"3":{"start":{"line":14,"column":13},"end":{"line":14,"column":41}},"4":{"start":{"line":16,"column":0},"end":{"line":101,"column":1}},"5":{"start":{"line":24,"column":8},"end":{"line":24,"column":39}},"6":{"start":{"line":25,"column":20},"end":{"line":25,"column":51}},"7":{"start":{"line":26,"column":8},"end":{"line":26,"column":35}},"8":{"start":{"line":27,"column":8},"end":{"line":27,"column":21}},"9":{"start":{"line":41,"column":20},"end":{"line":41,"column":51}},"10":{"start":{"line":42,"column":8},"end":{"line":42,"column":63}},"11":{"start":{"line":46,"column":8},"end":{"line":99,"column":9}},"12":{"start":{"line":48,"column":12},"end":{"line":94,"column":14}},"13":{"start":{"line":51,"column":16},"end":{"line":93,"column":17}},"14":{"start":{"line":53,"column":20},"end":{"line":53,"column":72}},"15":{"start":{"line":56,"column":20},"end":{"line":56,"column":51}},"16":{"start":{"line":59,"column":20},"end":{"line":69,"column":21}},"17":{"start":{"line":60,"column":24},"end":{"line":60,"column":50}},"18":{"start":{"line":61,"column":27},"end":{"line":69,"column":21}},"19":{"start":{"line":62,"column":24},"end":{"line":62,"column":56}},"20":{"start":{"line":63,"column":27},"end":{"line":69,"column":21}},"21":{"start":{"line":64,"column":24},"end":{"line":64,"column":49}},"22":{"start":{"line":65,"column":27},"end":{"line":69,"column":21}},"23":{"start":{"line":66,"column":24},"end":{"line":66,"column":48}},"24":{"start":{"line":67,"column":27},"end":{"line":69,"column":21}},"25":{"start":{"line":68,"column":23},"end":{"line":68,"column":47}},"26":{"start":{"line":70,"column":20},"end":{"line":70,"column":50}},"27":{"start":{"line":71,"column":20},"end":{"line":71,"column":65}},"28":{"start":{"line":73,"column":20},"end":{"line":73,"column":47}},"29":{"start":{"line":74,"column":20},"end":{"line":74,"column":48}},"30":{"start":{"line":75,"column":20},"end":{"line":75,"column":40}},"31":{"start":{"line":77,"column":20},"end":{"line":78,"column":40}},"32":{"start":{"line":79,"column":20},"end":{"line":79,"column":74}},"33":{"start":{"line":80,"column":15},"end":{"line":92,"column":21}},"34":{"start":{"line":81,"column":19},"end":{"line":91,"column":21}},"35":{"start":{"line":83,"column":23},"end":{"line":83,"column":69}},"36":{"start":{"line":84,"column":25},"end":{"line":91,"column":21}},"37":{"start":{"line":86,"column":23},"end":{"line":86,"column":63}},"38":{"start":{"line":87,"column":23},"end":{"line":87,"column":30}},"39":{"start":{"line":90,"column":24},"end":{"line":90,"column":77}},"40":{"start":{"line":98,"column":12},"end":{"line":98,"column":54}}},"fnMap":{"0":{"name":"(anonymous_0)","decl":{"start":{"line":22,"column":4},"end":{"line":22,"column":5}},"loc":{"start":{"line":23,"column":4},"end":{"line":28,"column":5}},"line":23},"1":{"name":"(anonymous_1)","decl":{"start":{"line":37,"column":4},"end":{"line":37,"column":5}},"loc":{"start":{"line":38,"column":4},"end":{"line":100,"column":5}},"line":38},"2":{"name":"(anonymous_2)","decl":{"start":{"line":48,"column":43},"end":{"line":48,"column":44}},"loc":{"start":{"line":48,"column":65},"end":{"line":94,"column":13}},"line":48},"3":{"name":"(anonymous_3)","decl":{"start":{"line":80,"column":54},"end":{"line":80,"column":55}},"loc":{"start":{"line":80,"column":69},"end":{"line":92,"column":20}},"line":80}},"branchMap":{"0":{"loc":{"start":{"line":41,"column":20},"end":{"line":41,"column":51}},"type":"binary-expr","locations":[{"start":{"line":41,"column":20},"end":{"line":41,"column":37}},{"start":{"line":41,"column":41},"end":{"line":41,"column":51}}],"line":41},"1":{"loc":{"start":{"line":46,"column":8},"end":{"line":99,"column":9}},"type":"if","locations":[{"start":{"line":46,"column":8},"end":{"line":99,"column":9}},{"start":{"line":46,"column":8},"end":{"line":99,"column":9}}],"line":46},"2":{"loc":{"start":{"line":51,"column":16},"end":{"line":93,"column":17}},"type":"if","locations":[{"start":{"line":51,"column":16},"end":{"line":93,"column":17}},{"start":{"line":51,"column":16},"end":{"line":93,"column":17}}],"line":51},"3":{"loc":{"start":{"line":59,"column":20},"end":{"line":69,"column":21}},"type":"if","locations":[{"start":{"line":59,"column":20},"end":{"line":69,"column":21}},{"start":{"line":59,"column":20},"end":{"line":69,"column":21}}],"line":59},"4":{"loc":{"start":{"line":61,"column":27},"end":{"line":69,"column":21}},"type":"if","locations":[{"start":{"line":61,"column":27},"end":{"line":69,"column":21}},{"start":{"line":61,"column":27},"end":{"line":69,"column":21}}],"line":61},"5":{"loc":{"start":{"line":63,"column":27},"end":{"line":69,"column":21}},"type":"if","locations":[{"start":{"line":63,"column":27},"end":{"line":69,"column":21}},{"start":{"line":63,"column":27},"end":{"line":69,"column":21}}],"line":63},"6":{"loc":{"start":{"line":65,"column":27},"end":{"line":69,"column":21}},"type":"if","locations":[{"start":{"line":65,"column":27},"end":{"line":69,"column":21}},{"start":{"line":65,"column":27},"end":{"line":69,"column":21}}],"line":65},"7":{"loc":{"start":{"line":67,"column":27},"end":{"line":69,"column":21}},"type":"if","locations":[{"start":{"line":67,"column":27},"end":{"line":69,"column":21}},{"start":{"line":67,"column":27},"end":{"line":69,"column":21}}],"line":67},"8":{"loc":{"start":{"line":81,"column":19},"end":{"line":91,"column":21}},"type":"if","locations":[{"start":{"line":81,"column":19},"end":{"line":91,"column":21}},{"start":{"line":81,"column":19},"end":{"line":91,"column":21}}],"line":81},"9":{"loc":{"start":{"line":84,"column":25},"end":{"line":91,"column":21}},"type":"if","locations":[{"start":{"line":84,"column":25},"end":{"line":91,"column":21}},{"start":{"line":84,"column":25},"end":{"line":91,"column":21}}],"line":84}},"s":{"0":1,"1":1,"2":1,"3":1,"4":1,"5":0,"6":0,"7":0,"8":0,"9":3,"10":3,"11":3,"12":3,"13":3,"14":0,"15":3,"16":3,"17":3,"18":0,"19":0,"20":0,"21":0,"22":0,"23":0,"24":0,"25":0,"26":3,"27":3,"28":3,"29":3,"30":3,"31":3,"32":3,"33":3,"34":3,"35":0,"36":3,"37":0,"38":0,"39":3,"40":0},"f":{"0":0,"1":3,"2":3,"3":3},"b":{"0":[3,0],"1":[3,0],"2":[0,3],"3":[3,0],"4":[0,0],"5":[0,0],"6":[0,0],"7":[0,0],"8":[0,3],"9":[0,3]},"_coverageSchema":"1a1c01bbd47fc00a2c39e90264f33305004495a9","hash":"492ff7b90021e3cdd738f12aefd066ce08657441","contentHash":"45a649dc76feb6fe697c22a513793431b46e81fc51d777edb9431e05fbcad695"},"/home/admin1/Fundoo/backend/utility/nodeMailer.js":{"path":"/home/admin1/Fundoo/backend/utility/nodeMailer.js","statementMap":{"0":{"start":{"line":11,"column":19},"end":{"line":11,"column":40}},"1":{"start":{"line":12,"column":0},"end":{"line":12,"column":27}},"2":{"start":{"line":13,"column":14},"end":{"line":13,"column":42}},"3":{"start":{"line":14,"column":0},"end":{"line":55,"column":1}},"4":{"start":{"line":23,"column":8},"end":{"line":23,"column":39}},"5":{"start":{"line":24,"column":8},"end":{"line":24,"column":42}},"6":{"start":{"line":25,"column":8},"end":{"line":25,"column":36}},"7":{"start":{"line":26,"column":8},"end":{"line":26,"column":33}},"8":{"start":{"line":27,"column":26},"end":{"line":33,"column":10}},"9":{"start":{"line":35,"column":28},"end":{"line":40,"column":9}},"10":{"start":{"line":42,"column":8},"end":{"line":52,"column":12}},"11":{"start":{"line":43,"column":12},"end":{"line":51,"column":13}},"12":{"start":{"line":45,"column":16},"end":{"line":45,"column":33}},"13":{"start":{"line":46,"column":16},"end":{"line":46,"column":26}},"14":{"start":{"line":49,"column":16},"end":{"line":49,"column":34}},"15":{"start":{"line":50,"column":16},"end":{"line":50,"column":27}}},"fnMap":{"0":{"name":"(anonymous_0)","decl":{"start":{"line":21,"column":4},"end":{"line":21,"column":5}},"loc":{"start":{"line":22,"column":4},"end":{"line":53,"column":5}},"line":22},"1":{"name":"(anonymous_1)","decl":{"start":{"line":42,"column":42},"end":{"line":42,"column":43}},"loc":{"start":{"line":42,"column":63},"end":{"line":52,"column":10}},"line":42}},"branchMap":{"0":{"loc":{"start":{"line":43,"column":12},"end":{"line":51,"column":13}},"type":"if","locations":[{"start":{"line":43,"column":12},"end":{"line":51,"column":13}},{"start":{"line":43,"column":12},"end":{"line":51,"column":13}}],"line":43}},"s":{"0":1,"1":1,"2":1,"3":1,"4":0,"5":0,"6":0,"7":0,"8":0,"9":0,"10":0,"11":0,"12":0,"13":0,"14":0,"15":0},"f":{"0":0,"1":0},"b":{"0":[0,0]},"_coverageSchema":"1a1c01bbd47fc00a2c39e90264f33305004495a9","hash":"910e4b96870b0fb55eca02b9c04b920fbdfee62a","contentHash":"c71ede797c09dfbca963e5b3f219ad449d933a1ea31e1b153f1aa16a5b1ee75c"},"/home/admin1/Fundoo/backend/utility/urlShortner.js":{"path":"/home/admin1/Fundoo/backend/utility/urlShortner.js","statementMap":{"0":{"start":{"line":11,"column":20},"end":{"line":11,"column":38}},"1":{"start":{"line":12,"column":17},"end":{"line":12,"column":40}},"2":{"start":{"line":13,"column":14},"end":{"line":13,"column":41}},"3":{"start":{"line":14,"column":14},"end":{"line":14,"column":42}},"4":{"start":{"line":15,"column":0},"end":{"line":15,"column":28}},"5":{"start":{"line":16,"column":0},"end":{"line":67,"column":1}},"6":{"start":{"line":26,"column":8},"end":{"line":65,"column":9}},"7":{"start":{"line":28,"column":27},"end":{"line":28,"column":56}},"8":{"start":{"line":29,"column":27},"end":{"line":29,"column":63}},"9":{"start":{"line":31,"column":37},"end":{"line":35,"column":13}},"10":{"start":{"line":36,"column":12},"end":{"line":36,"column":53}},"11":{"start":{"line":37,"column":12},"end":{"line":45,"column":14}},"12":{"start":{"line":38,"column":16},"end":{"line":44,"column":18}},"13":{"start":{"line":39,"column":20},"end":{"line":39,"column":47}},"14":{"start":{"line":40,"column":20},"end":{"line":40,"column":33}},"15":{"start":{"line":42,"column":20},"end":{"line":42,"column":48}},"16":{"start":{"line":43,"column":20},"end":{"line":43,"column":33}},"17":{"start":{"line":63,"column":12},"end":{"line":63,"column":31}},"18":{"start":{"line":64,"column":12},"end":{"line":64,"column":35}}},"fnMap":{"0":{"name":"(anonymous_0)","decl":{"start":{"line":24,"column":4},"end":{"line":24,"column":5}},"loc":{"start":{"line":25,"column":4},"end":{"line":66,"column":5}},"line":25},"1":{"name":"(anonymous_1)","decl":{"start":{"line":37,"column":31},"end":{"line":37,"column":32}},"loc":{"start":{"line":37,"column":55},"end":{"line":45,"column":13}},"line":37},"2":{"name":"(anonymous_2)","decl":{"start":{"line":38,"column":76},"end":{"line":38,"column":77}},"loc":{"start":{"line":38,"column":82},"end":{"line":41,"column":17}},"line":38},"3":{"name":"(anonymous_3)","decl":{"start":{"line":41,"column":25},"end":{"line":41,"column":26}},"loc":{"start":{"line":41,"column":32},"end":{"line":44,"column":17}},"line":41}},"branchMap":{},"s":{"0":1,"1":1,"2":1,"3":1,"4":1,"5":1,"6":0,"7":0,"8":0,"9":0,"10":0,"11":0,"12":0,"13":0,"14":0,"15":0,"16":0,"17":0,"18":0},"f":{"0":0,"1":0,"2":0,"3":0},"b":{},"_coverageSchema":"1a1c01bbd47fc00a2c39e90264f33305004495a9","hash":"d899b099513290b5bd34171d4dff6da748ea6af7","contentHash":"411cf36bb730d0cd11401cad5de88ac30be9297a7aac72472e3b56a69a7451af"},"/home/admin1/Fundoo/backend/services/s3.js":{"path":"/home/admin1/Fundoo/backend/services/s3.js","statementMap":{"0":{"start":{"line":1,"column":12},"end":{"line":1,"column":30}},"1":{"start":{"line":2,"column":15},"end":{"line":2,"column":32}},"2":{"start":{"line":3,"column":17},"end":{"line":3,"column":37}},"3":{"start":{"line":4,"column":0},"end":{"line":4,"column":26}},"4":{"start":{"line":5,"column":0},"end":{"line":9,"column":2}},"5":{"start":{"line":11,"column":11},"end":{"line":11,"column":23}},"6":{"start":{"line":12,"column":15},"end":{"line":25,"column":2}},"7":{"start":{"line":19,"column":12},"end":{"line":19,"column":51}},"8":{"start":{"line":22,"column":12},"end":{"line":22,"column":43}},"9":{"start":{"line":27,"column":0},"end":{"line":27,"column":24}}},"fnMap":{"0":{"name":"(anonymous_0)","decl":{"start":{"line":18,"column":18},"end":{"line":18,"column":19}},"loc":{"start":{"line":18,"column":43},"end":{"line":20,"column":9}},"line":18},"1":{"name":"(anonymous_1)","decl":{"start":{"line":21,"column":13},"end":{"line":21,"column":14}},"loc":{"start":{"line":21,"column":38},"end":{"line":23,"column":9}},"line":21}},"branchMap":{},"s":{"0":1,"1":1,"2":1,"3":1,"4":1,"5":1,"6":1,"7":0,"8":0,"9":1},"f":{"0":0,"1":0},"b":{},"_coverageSchema":"1a1c01bbd47fc00a2c39e90264f33305004495a9","hash":"44e4e5d5e2fcd0a5f55234a9c16aa75ef7466c02","contentHash":"53e34c48b245c1edf2666cb22699d64df7b56c8a30984ef7cb63572ea3afa4ab"},"/home/admin1/Fundoo/backend/controller/note.js":{"path":"/home/admin1/Fundoo/backend/controller/note.js","statementMap":{"0":{"start":{"line":1,"column":18},"end":{"line":1,"column":45}},"1":{"start":{"line":2,"column":13},"end":{"line":2,"column":41}},"2":{"start":{"line":8,"column":8},"end":{"line":8,"column":53}},"3":{"start":{"line":9,"column":8},"end":{"line":9,"column":52}},"4":{"start":{"line":10,"column":8},"end":{"line":72,"column":9}},"5":{"start":{"line":11,"column":12},"end":{"line":12,"column":54}},"6":{"start":{"line":12,"column":18},"end":{"line":12,"column":54}},"7":{"start":{"line":13,"column":12},"end":{"line":14,"column":59}},"8":{"start":{"line":14,"column":18},"end":{"line":14,"column":59}},"9":{"start":{"line":16,"column":12},"end":{"line":17,"column":37}},"10":{"start":{"line":18,"column":12},"end":{"line":19,"column":27}},"11":{"start":{"line":20,"column":12},"end":{"line":21,"column":37}},"12":{"start":{"line":22,"column":12},"end":{"line":23,"column":27}},"13":{"start":{"line":27,"column":25},"end":{"line":27,"column":27}},"14":{"start":{"line":28,"column":25},"end":{"line":28,"column":51}},"15":{"start":{"line":29,"column":25},"end":{"line":29,"column":27}},"16":{"start":{"line":31,"column":12},"end":{"line":67,"column":13}},"17":{"start":{"line":33,"column":16},"end":{"line":33,"column":38}},"18":{"start":{"line":34,"column":16},"end":{"line":34,"column":39}},"19":{"start":{"line":35,"column":16},"end":{"line":35,"column":57}},"20":{"start":{"line":38,"column":39},"end":{"line":42,"column":17}},"21":{"start":{"line":43,"column":16},"end":{"line":43,"column":63}},"22":{"start":{"line":44,"column":16},"end":{"line":66,"column":18}},"23":{"start":{"line":45,"column":20},"end":{"line":58,"column":21}},"24":{"start":{"line":47,"column":24},"end":{"line":47,"column":43}},"25":{"start":{"line":48,"column":24},"end":{"line":48,"column":46}},"26":{"start":{"line":49,"column":24},"end":{"line":49,"column":68}},"27":{"start":{"line":50,"column":24},"end":{"line":50,"column":65}},"28":{"start":{"line":54,"column":24},"end":{"line":54,"column":45}},"29":{"start":{"line":55,"column":24},"end":{"line":55,"column":47}},"30":{"start":{"line":56,"column":24},"end":{"line":56,"column":63}},"31":{"start":{"line":57,"column":24},"end":{"line":57,"column":65}},"32":{"start":{"line":62,"column":20},"end":{"line":62,"column":41}},"33":{"start":{"line":63,"column":20},"end":{"line":63,"column":43}},"34":{"start":{"line":64,"column":20},"end":{"line":64,"column":44}},"35":{"start":{"line":65,"column":20},"end":{"line":65,"column":61}},"36":{"start":{"line":71,"column":12},"end":{"line":71,"column":51}},"37":{"start":{"line":78,"column":21},"end":{"line":78,"column":23}},"38":{"start":{"line":79,"column":8},"end":{"line":79,"column":45}},"39":{"start":{"line":80,"column":8},"end":{"line":80,"column":45}},"40":{"start":{"line":81,"column":29},"end":{"line":83,"column":9}},"41":{"start":{"line":98,"column":8},"end":{"line":98,"column":70}},"42":{"start":{"line":99,"column":8},"end":{"line":122,"column":10}},"43":{"start":{"line":101,"column":12},"end":{"line":115,"column":13}},"44":{"start":{"line":103,"column":16},"end":{"line":103,"column":62}},"45":{"start":{"line":104,"column":16},"end":{"line":104,"column":38}},"46":{"start":{"line":105,"column":16},"end":{"line":105,"column":47}},"47":{"start":{"line":106,"column":16},"end":{"line":106,"column":35}},"48":{"start":{"line":107,"column":16},"end":{"line":107,"column":56}},"49":{"start":{"line":111,"column":16},"end":{"line":111,"column":39}},"50":{"start":{"line":112,"column":16},"end":{"line":112,"column":50}},"51":{"start":{"line":113,"column":16},"end":{"line":113,"column":35}},"52":{"start":{"line":114,"column":16},"end":{"line":114,"column":56}},"53":{"start":{"line":118,"column":12},"end":{"line":118,"column":35}},"54":{"start":{"line":119,"column":12},"end":{"line":119,"column":45}},"55":{"start":{"line":120,"column":12},"end":{"line":120,"column":33}},"56":{"start":{"line":121,"column":12},"end":{"line":121,"column":52}},"57":{"start":{"line":127,"column":21},"end":{"line":127,"column":23}},"58":{"start":{"line":128,"column":8},"end":{"line":128,"column":54}},"59":{"start":{"line":129,"column":8},"end":{"line":129,"column":84}},"60":{"start":{"line":130,"column":31},"end":{"line":133,"column":9}},"61":{"start":{"line":134,"column":8},"end":{"line":134,"column":71}},"62":{"start":{"line":135,"column":8},"end":{"line":158,"column":10}},"63":{"start":{"line":137,"column":12},"end":{"line":151,"column":13}},"64":{"start":{"line":139,"column":16},"end":{"line":139,"column":61}},"65":{"start":{"line":140,"column":16},"end":{"line":140,"column":38}},"66":{"start":{"line":141,"column":16},"end":{"line":141,"column":56}},"67":{"start":{"line":142,"column":16},"end":{"line":142,"column":35}},"68":{"start":{"line":143,"column":16},"end":{"line":143,"column":56}},"69":{"start":{"line":147,"column":16},"end":{"line":147,"column":39}},"70":{"start":{"line":148,"column":16},"end":{"line":148,"column":59}},"71":{"start":{"line":149,"column":16},"end":{"line":149,"column":35}},"72":{"start":{"line":150,"column":16},"end":{"line":150,"column":56}},"73":{"start":{"line":154,"column":12},"end":{"line":154,"column":35}},"74":{"start":{"line":155,"column":12},"end":{"line":155,"column":45}},"75":{"start":{"line":156,"column":12},"end":{"line":156,"column":33}},"76":{"start":{"line":157,"column":12},"end":{"line":157,"column":52}},"77":{"start":{"line":164,"column":23},"end":{"line":164,"column":25}},"78":{"start":{"line":165,"column":23},"end":{"line":168,"column":9}},"79":{"start":{"line":173,"column":8},"end":{"line":176,"column":9}},"80":{"start":{"line":175,"column":12},"end":{"line":175,"column":62}},"81":{"start":{"line":177,"column":8},"end":{"line":180,"column":9}},"82":{"start":{"line":179,"column":12},"end":{"line":179,"column":50}},"83":{"start":{"line":188,"column":19},"end":{"line":188,"column":21}},"84":{"start":{"line":189,"column":8},"end":{"line":189,"column":68}},"85":{"start":{"line":190,"column":8},"end":{"line":206,"column":10}},"86":{"start":{"line":192,"column":12},"end":{"line":198,"column":13}},"87":{"start":{"line":194,"column":16},"end":{"line":194,"column":38}},"88":{"start":{"line":195,"column":16},"end":{"line":195,"column":55}},"89":{"start":{"line":196,"column":16},"end":{"line":196,"column":35}},"90":{"start":{"line":197,"column":16},"end":{"line":197,"column":56}},"91":{"start":{"line":201,"column":12},"end":{"line":201,"column":47}},"92":{"start":{"line":202,"column":12},"end":{"line":202,"column":35}},"93":{"start":{"line":203,"column":12},"end":{"line":203,"column":45}},"94":{"start":{"line":204,"column":12},"end":{"line":204,"column":33}},"95":{"start":{"line":205,"column":12},"end":{"line":205,"column":52}},"96":{"start":{"line":210,"column":0},"end":{"line":210,"column":34}}},"fnMap":{"0":{"name":"(anonymous_0)","decl":{"start":{"line":6,"column":4},"end":{"line":6,"column":5}},"loc":{"start":{"line":7,"column":4},"end":{"line":73,"column":5}},"line":7},"1":{"name":"(anonymous_1)","decl":{"start":{"line":44,"column":62},"end":{"line":44,"column":63}},"loc":{"start":{"line":44,"column":70},"end":{"line":60,"column":17}},"line":44},"2":{"name":"(anonymous_2)","decl":{"start":{"line":61,"column":23},"end":{"line":61,"column":24}},"loc":{"start":{"line":61,"column":32},"end":{"line":66,"column":17}},"line":61},"3":{"name":"(anonymous_3)","decl":{"start":{"line":76,"column":4},"end":{"line":76,"column":5}},"loc":{"start":{"line":77,"column":4},"end":{"line":123,"column":5}},"line":77},"4":{"name":"(anonymous_4)","decl":{"start":{"line":100,"column":14},"end":{"line":100,"column":15}},"loc":{"start":{"line":100,"column":22},"end":{"line":116,"column":9}},"line":100},"5":{"name":"(anonymous_5)","decl":{"start":{"line":117,"column":15},"end":{"line":117,"column":16}},"loc":{"start":{"line":117,"column":22},"end":{"line":122,"column":9}},"line":117},"6":{"name":"(anonymous_6)","decl":{"start":{"line":125,"column":4},"end":{"line":125,"column":5}},"loc":{"start":{"line":126,"column":4},"end":{"line":160,"column":5}},"line":126},"7":{"name":"(anonymous_7)","decl":{"start":{"line":136,"column":14},"end":{"line":136,"column":15}},"loc":{"start":{"line":136,"column":22},"end":{"line":152,"column":9}},"line":136},"8":{"name":"(anonymous_8)","decl":{"start":{"line":153,"column":15},"end":{"line":153,"column":16}},"loc":{"start":{"line":153,"column":22},"end":{"line":158,"column":9}},"line":153},"9":{"name":"(anonymous_9)","decl":{"start":{"line":162,"column":4},"end":{"line":162,"column":5}},"loc":{"start":{"line":163,"column":4},"end":{"line":207,"column":5}},"line":163},"10":{"name":"(anonymous_10)","decl":{"start":{"line":191,"column":14},"end":{"line":191,"column":15}},"loc":{"start":{"line":191,"column":20},"end":{"line":199,"column":9}},"line":191},"11":{"name":"(anonymous_11)","decl":{"start":{"line":
[...]
column":12},"end":{"line":94,"column":52}},"53":{"start":{"line":100,"column":21},"end":{"line":100,"column":23}},"54":{"start":{"line":101,"column":8},"end":{"line":101,"column":56}},"55":{"start":{"line":103,"column":32},"end":{"line":105,"column":9}},"56":{"start":{"line":106,"column":8},"end":{"line":106,"column":72}},"57":{"start":{"line":107,"column":8},"end":{"line":132,"column":10}},"58":{"start":{"line":109,"column":12},"end":{"line":124,"column":13}},"59":{"start":{"line":111,"column":16},"end":{"line":111,"column":62}},"60":{"start":{"line":112,"column":16},"end":{"line":112,"column":38}},"61":{"start":{"line":113,"column":16},"end":{"line":113,"column":56}},"62":{"start":{"line":114,"column":16},"end":{"line":114,"column":35}},"63":{"start":{"line":115,"column":16},"end":{"line":115,"column":56}},"64":{"start":{"line":119,"column":16},"end":{"line":119,"column":44}},"65":{"start":{"line":120,"column":16},"end":{"line":120,"column":39}},"66":{"start":{"line":121,"column":16},"end":{"line":121,"column":59}},"67":{"start":{"line":122,"column":16},"end":{"line":122,"column":35}},"68":{"start":{"line":123,"column":16},"end":{"line":123,"column":56}},"69":{"start":{"line":127,"column":12},"end":{"line":127,"column":43}},"70":{"start":{"line":128,"column":12},"end":{"line":128,"column":35}},"71":{"start":{"line":129,"column":12},"end":{"line":129,"column":45}},"72":{"start":{"line":130,"column":12},"end":{"line":130,"column":33}},"73":{"start":{"line":131,"column":12},"end":{"line":131,"column":52}},"74":{"start":{"line":139,"column":25},"end":{"line":142,"column":9}},"75":{"start":{"line":152,"column":19},"end":{"line":152,"column":21}},"76":{"start":{"line":153,"column":8},"end":{"line":153,"column":68}},"77":{"start":{"line":154,"column":8},"end":{"line":170,"column":10}},"78":{"start":{"line":156,"column":12},"end":{"line":162,"column":13}},"79":{"start":{"line":158,"column":16},"end":{"line":158,"column":38}},"80":{"start":{"line":159,"column":16},"end":{"line":159,"column":55}},"81":{"start":{"line":160,"column":16},"end":{"line":160,"column":35}},"82":{"start":{"line":161,"column":16},"end":{"line":161,"column":56}},"83":{"start":{"line":165,"column":12},"end":{"line":165,"column":47}},"84":{"start":{"line":166,"column":12},"end":{"line":166,"column":35}},"85":{"start":{"line":167,"column":12},"end":{"line":167,"column":45}},"86":{"start":{"line":168,"column":12},"end":{"line":168,"column":33}},"87":{"start":{"line":169,"column":12},"end":{"line":169,"column":52}},"88":{"start":{"line":174,"column":0},"end":{"line":174,"column":34}}},"fnMap":{"0":{"name":"(anonymous_0)","decl":{"start":{"line":6,"column":4},"end":{"line":6,"column":5}},"loc":{"start":{"line":7,"column":4},"end":{"line":60,"column":5}},"line":7},"1":{"name":"(anonymous_1)","decl":{"start":{"line":31,"column":65},"end":{"line":31,"column":66}},"loc":{"start":{"line":31,"column":73},"end":{"line":47,"column":17}},"line":31},"2":{"name":"(anonymous_2)","decl":{"start":{"line":48,"column":23},"end":{"line":48,"column":24}},"loc":{"start":{"line":48,"column":32},"end":{"line":53,"column":17}},"line":48},"3":{"name":"(anonymous_3)","decl":{"start":{"line":63,"column":4},"end":{"line":63,"column":5}},"loc":{"start":{"line":64,"column":4},"end":{"line":96,"column":5}},"line":64},"4":{"name":"(anonymous_4)","decl":{"start":{"line":72,"column":14},"end":{"line":72,"column":15}},"loc":{"start":{"line":72,"column":22},"end":{"line":88,"column":9}},"line":72},"5":{"name":"(anonymous_5)","decl":{"start":{"line":89,"column":15},"end":{"line":89,"column":16}},"loc":{"start":{"line":89,"column":22},"end":{"line":95,"column":9}},"line":89},"6":{"name":"(anonymous_6)","decl":{"start":{"line":98,"column":4},"end":{"line":98,"column":5}},"loc":{"start":{"line":99,"column":4},"end":{"line":134,"column":5}},"line":99},"7":{"name":"(anonymous_7)","decl":{"start":{"line":108,"column":14},"end":{"line":108,"column":15}},"loc":{"start":{"line":108,"column":22},"end":{"line":125,"column":9}},"line":108},"8":{"name":"(anonymous_8)","decl":{"start":{"line":126,"column":15},"end":{"line":126,"column":16}},"loc":{"start":{"line":126,"column":22},"end":{"line":132,"column":9}},"line":126},"9":{"name":"(anonymous_9)","decl":{"start":{"line":136,"column":4},"end":{"line":136,"column":5}},"loc":{"start":{"line":137,"column":4},"end":{"line":171,"column":5}},"line":137},"10":{"name":"(anonymous_10)","decl":{"start":{"line":155,"column":14},"end":{"line":155,"column":15}},"loc":{"start":{"line":155,"column":20},"end":{"line":163,"column":9}},"line":155},"11":{"name":"(anonymous_11)","decl":{"start":{"line":164,"column":15},"end":{"line":164,"column":16}},"loc":{"start":{"line":164,"column":22},"end":{"line":170,"column":9}},"line":164}},"branchMap":{"0":{"loc":{"start":{"line":12,"column":12},"end":{"line":12,"column":81}},"type":"if","locations":[{"start":{"line":12,"column":12},"end":{"line":12,"column":81}},{"start":{"line":12,"column":12},"end":{"line":12,"column":81}}],"line":12},"1":{"loc":{"start":{"line":13,"column":12},"end":{"line":13,"column":91}},"type":"if","locations":[{"start":{"line":13,"column":12},"end":{"line":13,"column":91}},{"start":{"line":13,"column":12},"end":{"line":13,"column":91}}],"line":13},"2":{"loc":{"start":{"line":18,"column":12},"end":{"line":54,"column":13}},"type":"if","locations":[{"start":{"line":18,"column":12},"end":{"line":54,"column":13}},{"start":{"line":18,"column":12},"end":{"line":54,"column":13}}],"line":18},"3":{"loc":{"start":{"line":32,"column":20},"end":{"line":45,"column":21}},"type":"if","locations":[{"start":{"line":32,"column":20},"end":{"line":45,"column":21}},{"start":{"line":32,"column":20},"end":{"line":45,"column":21}}],"line":32},"4":{"loc":{"start":{"line":73,"column":12},"end":{"line":87,"column":13}},"type":"if","locations":[{"start":{"line":73,"column":12},"end":{"line":87,"column":13}},{"start":{"line":73,"column":12},"end":{"line":87,"column":13}}],"line":73},"5":{"loc":{"start":{"line":109,"column":12},"end":{"line":124,"column":13}},"type":"if","locations":[{"start":{"line":109,"column":12},"end":{"line":124,"column":13}},{"start":{"line":109,"column":12},"end":{"line":124,"column":13}}],"line":109},"6":{"loc":{"start":{"line":156,"column":12},"end":{"line":162,"column":13}},"type":"if","locations":[{"start":{"line":156,"column":12},"end":{"line":162,"column":13}},{"start":{"line":156,"column":12},"end":{"line":162,"column":13}}],"line":156}},"s":{"0":1,"1":1,"2":0,"3":0,"4":0,"5":0,"6":0,"7":0,"8":0,"9":0,"10":0,"11":0,"12":0,"13":0,"14":0,"15":0,"16":0,"17":0,"18":0,"19":0,"20":0,"21":0,"22":0,"23":0,"24":0,"25":0,"26":0,"27":0,"28":0,"29":0,"30":0,"31":0,"32":0,"33":0,"34":0,"35":0,"36":0,"37":0,"38":0,"39":0,"40":0,"41":0,"42":0,"43":0,"44":0,"45":0,"46":0,"47":0,"48":0,"49":0,"50":0,"51":0,"52":0,"53":0,"54":0,"55":0,"56":0,"57":0,"58":0,"59":0,"60":0,"61":0,"62":0,"63":0,"64":0,"65":0,"66":0,"67":0,"68":0,"69":0,"70":0,"71":0,"72":0,"73":0,"74":0,"75":0,"76":0,"77":0,"78":0,"79":0,"80":0,"81":0,"82":0,"83":0,"84":0,"85":0,"86":0,"87":0,"88":1},"f":{"0":0,"1":0,"2":0,"3":0,"4":0,"5":0,"6":0,"7":0,"8":0,"9":0,"10":0,"11":0},"b":{"0":[0,0],"1":[0,0],"2":[0,0],"3":[0,0],"4":[0,0],"5":[0,0],"6":[0,0]},"_coverageSchema":"1a1c01bbd47fc00a2c39e90264f33305004495a9","hash":"b8b871dfd4e1b57b0c9c2ce653d61c9a9c537e80","contentHash":"be6b1b8e8195c368aed32ec23d7af102c2458b43cafafdc0b99aaee8e8ce9a81"},"/home/admin1/Fundoo/backend/services/label.js":{"path":"/home/admin1/Fundoo/backend/services/label.js","statementMap":{"0":{"start":{"line":1,"column":18},"end":{"line":1,"column":47}},"1":{"start":{"line":3,"column":13},"end":{"line":3,"column":41}},"2":{"start":{"line":8,"column":8},"end":{"line":8,"column":53}},"3":{"start":{"line":9,"column":8},"end":{"line":9,"column":52}},"4":{"start":{"line":10,"column":8},"end":{"line":29,"column":14}},"5":{"start":{"line":11,"column":12},"end":{"line":23,"column":18}},"6":{"start":{"line":12,"column":16},"end":{"line":17,"column":17}},"7":{"start":{"line":13,"column":20},"end":{"line":13,"column":41}},"8":{"start":{"line":16,"column":20},"end":{"line":16,"column":40}},"9":{"start":{"line":20,"column":20},"end":{"line":20,"column":58}},"10":{"start":{"line":21,"column":20},"end":{"line":21,"column":57}},"11":{"start":{"line":22,"column":20},"end":{"line":22,"column":41}},"12":{"start":{"line":26,"column":16},"end":{"line":26,"column":57}},"13":{"start":{"line":27,"column":16},"end":{"line":27,"column":56}},"14":{"start":{"line":28,"column":16},"end":{"line":28,"column":37}},"15":{"start":{"line":37,"column":8},"end":{"line":37,"column":67}},"16":{"start":{"line":38,"column":8},"end":{"line":56,"column":10}},"17":{"start":{"line":39,"column":12},"end":{"line":55,"column":14}},"18":{"start":{"line":41,"column":16},"end":{"line":41,"column":79}},"19":{"start":{"line":42,"column":16},"end":{"line":42,"column":51}},"20":{"start":{"line":43,"column":16},"end":{"line":50,"column":17}},"21":{"start":{"line":45,"column":20},"end":{"line":45,"column":52}},"22":{"start":{"line":47,"column":21},"end":{"line":50,"column":17}},"23":{"start":{"line":49,"column":20},"end":{"line":49,"column":41}},"24":{"start":{"line":53,"column":16},"end":{"line":53,"column":43}},"25":{"start":{"line":54,"column":16},"end":{"line":54,"column":37}},"26":{"start":{"line":61,"column":8},"end":{"line":61,"column":67}},"27":{"start":{"line":62,"column":8},"end":{"line":79,"column":10}},"28":{"start":{"line":63,"column":12},"end":{"line":78,"column":14}},"29":{"start":{"line":65,"column":16},"end":{"line":74,"column":17}},"30":{"start":{"line":67,"column":20},"end":{"line":67,"column":65}},"31":{"start":{"line":68,"column":20},"end":{"line":68,"column":41}},"32":{"start":{"line":72,"column":20},"end":{"line":72,"column":51}},"33":{"start":{"line":73,"column":20},"end":{"line":73,"column":52}},"34":{"start":{"line":77,"column":16},"end":{"line":77,"column":37}},"35":{"start":{"line":84,"column":8},"end":{"line":84,"column":55}},"36":{"start":{"line":85,"column":8},"end":{"line":85,"column":60}},"37":{"start":{"line":86,"column":8},"end":{"line":86,"column":59}},"38":{"start":{"line":98,"column":8},"end":{"line":115,"column":10}},"39":{"start":{"line":99,"column":12},"end":{"line":114,"column":14}},"40":{"start":{"line":101,"column":16},"end":{"line":109,"column":17}},"41":{"start":{"line":103,"column":20},"end":{"line":103,"column":57}},"42":{"start":{"line":104,"column":20},"end":{"line":104,"column":41}},"43":{"start":{"line":107,"column":20},"end":{"line":107,"column":58}},"44":{"start":{"line":108,"column":20},"end":{"line":108,"column":40}},"45":{"start":{"line":112,"column":16},"end":{"line":112,"column":55}},"46":{"start":{"line":113,"column":16},"end":{"line":113,"column":36}},"47":{"start":{"line":120,"column":0},"end":{"line":120,"column":31}}},"fnMap":{"0":{"name":"(anonymous_0)","decl":{"start":{"line":6,"column":4},"end":{"line":6,"column":5}},"loc":{"start":{"line":7,"column":4},"end":{"line":30,"column":5}},"line":7},"1":{"name":"(anonymous_1)","decl":{"start":{"line":10,"column":27},"end":{"line":10,"column":28}},"loc":{"start":{"line":10,"column":54},"end":{"line":24,"column":9}},"line":10},"2":{"name":"(anonymous_2)","decl":{"start":{"line":11,"column":44},"end":{"line":11,"column":45}},"loc":{"start":{"line":11,"column":54},"end":{"line":18,"column":13}},"line":11},"3":{"name":"(anonymous_3)","decl":{"start":{"line":19,"column":23},"end":{"line":19,"column":24}},"loc":{"start":{"line":19,"column":34},"end":{"line":23,"column":17}},"line":19},"4":{"name":"(anonymous_4)","decl":{"start":{"line":25,"column":19},"end":{"line":25,"column":20}},"loc":{"start":{"line":25,"column":30},"end":{"line":29,"column":13}},"line":25},"5":{"name":"(anonymous_5)","decl":{"start":{"line":32,"column":4},"end":{"line":32,"column":5}},"loc":{"start":{"line":33,"column":4},"end":{"line":57,"column":5}},"line":33},"6":{"name":"(anonymous_6)","decl":{"start":{"line":38,"column":27},"end":{"line":38,"column":28}},"loc":{"start":{"line":38,"column":51},"end":{"line":56,"column":9}},"line":38},"7":{"name":"(anonymous_7)","decl":{"start":{"line":40,"column":18},"end":{"line":40,"column":19}},"loc":{"start":{"line":40,"column":26},"end":{"line":51,"column":13}},"line":40},"8":{"name":"(anonymous_8)","decl":{"start":{"line":52,"column":19},"end":{"line":52,"column":20}},"loc":{"start":{"line":52,"column":26},"end":{"line":55,"column":13}},"line":52},"9":{"name":"(anonymous_9)","decl":{"start":{"line":59,"column":4},"end":{"line":59,"column":5}},"loc":{"start":{"line":60,"column":4},"end":{"line":80,"column":5}},"line":60},"10":{"name":"(anonymous_10)","decl":{"start":{"line":62,"column":27},"end":{"line":62,"column":28}},"loc":{"start":{"line":62,"column":51},"end":{"line":79,"column":9}},"line":62},"11":{"name":"(anonymous_11)","decl":{"start":{"line":64,"column":18},"end":{"line":64,"column":19}},"loc":{"start":{"line":64,"column":26},"end":{"line":75,"column":13}},"line":64},"12":{"name":"(anonymous_12)","decl":{"start":{"line":76,"column":19},"end":{"line":76,"column":20}},"loc":{"start":{"line":76,"column":26},"end":{"line":78,"column":13}},"line":76},"13":{"name":"(anonymous_13)","decl":{"start":{"line":82,"column":4},"end":{"line":82,"column":5}},"loc":{"start":{"line":83,"column":4},"end":{"line":117,"column":5}},"line":83},"14":{"name":"(anonymous_14)","decl":{"start":{"line":98,"column":27},"end":{"line":98,"column":28}},"loc":{"start":{"line":98,"column":45},"end":{"line":115,"column":9}},"line":98},"15":{"name":"(anonymous_15)","decl":{"start":{"line":100,"column":18},"end":{"line":100,"column":19}},"loc":{"start":{"line":100,"column":26},"end":{"line":110,"column":13}},"line":100},"16":{"name":"(anonymous_16)","decl":{"start":{"line":111,"column":19},"end":{"line":111,"column":20}},"loc":{"start":{"line":111,"column":26},"end":{"line":114,"column":13}},"line":111}},"branchMap":{"0":{"loc":{"start":{"line":12,"column":16},"end":{"line":17,"column":17}},"type":"if","locations":[{"start":{"line":12,"column":16},"end":{"line":17,"column":17}},{"start":{"line":12,"column":16},"end":{"line":17,"column":17}}],"line":12},"1":{"loc":{"start":{"line":43,"column":16},"end":{"line":50,"column":17}},"type":"if","locations":[{"start":{"line":43,"column":16},"end":{"line":50,"column":17}},{"start":{"line":43,"column":16},"end":{"line":50,"column":17}}],"line":43},"2":{"loc":{"start":{"line":47,"column":21},"end":{"line":50,"column":17}},"type":"if","locations":[{"start":{"line":47,"column":21},"end":{"line":50,"column":17}},{"start":{"line":47,"column":21},"end":{"line":50,"column":17}}],"line":47},"3":{"loc":{"start":{"line":65,"column":16},"end":{"line":74,"column":17}},"type":"if","locations":[{"start":{"line":65,"column":16},"end":{"line":74,"column":17}},{"start":{"line":65,"column":16},"end":{"line":74,"column":17}}],"line":65},"4":{"loc":{"start":{"line":101,"column":16},"end":{"line":109,"column":17}},"type":"if","locations":[{"start":{"line":101,"column":16},"end":{"line":109,"column":17}},{"start":{"line":101,"column":16},"end":{"line":109,"column":17}}],"line":101}},"s":{"0":1,"1":1,"2":0,"3":0,"4":0,"5":0,"6":0,"7":0,"8":0,"9":0,"10":0,"11":0,"12":0,"13":0,"14":0,"15":0,"16":0,"17":0,"18":0,"19":0,"20":0,"21":0,"22":0,"23":0,"24":0,"25":0,"26":0,"27":0,"28":0,"29":0,"30":0,"31":0,"32":0,"33":0,"34":0,"35":0,"36":0,"37":0,"38":0,"39":0,"40":0,"41":0,"42":0,"43":0,"44":0,"45":0,"46":0,"47":1},"f":{"0":0,"1":0,"2":0,"3":0,"4":0,"5":0,"6":0,"7":0,"8":0,"9":0,"10":0,"11":0,"12":0,"13":0,"14":0,"15":0,"16":0},"b":{"0":[0,0],"1":[0,0],"2":[0,0],"3":[0,0],"4":[0,0]},"_coverageSchema":"1a1c01bbd47fc00a2c39e90264f33305004495a9","hash":"46910fe6986c34ca280a26998bb15ccfcdadaa9e","contentHash":"9854eaa049b84e94ce8e30be0f466a4b6be847e1849796988232412de29d6860"},"/home/admin1/Fundoo/backend/app/model/label.js":{"path":"/home/admin1/Fundoo/backend/app/model/label.js","statementMap":{"0":{"start":{"line":15,"column":17},"end":{"line":15,"column":36}},"1":{"start":{"line":16,"column":17},"end":{"line":16,"column":48}},"2":{"start":{"line":18,"column":20},"end":{"line":34,"column":2}},"3":{"start":{"line":36,"column":12},"end":{"line":36,"column":48}},"4":{"start":{"line":42,"column":26},"end":{"line":46,"column":10}},"5":{"start":{"line":47,"column":8},"end":{"line":56,"column":10}},"6":{"start":{"line":48,"column":12},"end":{"line":55,"column":14}},"7":{"start":{"line":49,"column":16},"end":{"line":49,"column":55}},"8":{"start":{"line":50,"column":16},"end":{"line":50,"column":29}},"9":{"start":{"line":53,"column":16},"end":{"line":53,"column":54}},"10":{"start":{"line":54,"column":16},"end":{"line":54,"column":29}},"11":{"start":{"line":61,"column":18},"end":{"line":61,"column":43}},"12":{"start":{"line":62,"column":7},"end":{"line":62,"column":19}},"13":{"start":{"line":67,"column":8},"end":{"line":67,"column":48}},"14":{"start":{"line":68,"column":19},"end":{"line":68,"column":57}},"15":{"start":{"line":69,"column":8},"end":{"line":69,"column":59}},"16":{"start":{"line":70,"column":8},"end":{"line":70,"column":20}},"17":{"start":{"line":75,"column":8},"end":{"line":75,"column":50}},"18":{"start":{"line":76,"column":8},"end":{"line":76,"column":59}},"19":{"start":{"line":77,"column":8},"end":{"line":87,"column":10}},"20":{"start":{"line":78,"column":12},"end":{"line":86,"column":14}},"21":{"start":{"line":80,"column":16},"end":{"line":80,"column":51}},"22":{"start":{"line":81,"column":16},"end":{"line":81,"column":36}},"23":{"start":{"line":84,"column":16},"end":{"line":84,"column":52}},"24":{"start":{"line":85,"column":16},"end":{"line":85,"column":37}},"25":{"start":{"line":92,"column":0},"end":{"line":92,"column":27}}},"fnMap":{"0":{"name":"(anonymous_0)","decl":{"start":{"line":40,"column":4},"end":{"line":40,"column":5}},"loc":{"start":{"line":41,"column":4},"end":{"line":57,"column":5}},"line":41},"1":{"name":"(anonymous_1)","decl":{"start":{"line":47,"column":27},"end":{"line":47,"column":28}},"loc":{"start":{"line":47,"column":53},"end":{"line":56,"column":9}},"line":47},"2":{"name":"(anonymous_2)","decl":{"start":{"line":48,"column":36},"end":{"line":48,"column":37}},"loc":{"start":{"line":48,"column":46},"end":{"line":51,"column":13}},"line":48},"3":{"name":"(anonymous_3)","decl":{"start":{"line":52,"column":19},"end":{"line":52,"column":20}},"loc":{"start":{"line":52,"column":30},"end":{"line":55,"column":13}},"line":52},"4":{"name":"(anonymous_4)","decl":{"start":{"line":59,"column":4},"end":{"line":59,"column":5}},"loc":{"start":{"line":60,"column":4},"end":{"line":63,"column":5}},"line":60},"5":{"name":"(anonymous_5)","decl":{"start":{"line":65,"column":4},"end":{"line":65,"column":5}},"loc":{"start":{"line":66,"column":4},"end":{"line":71,"column":5}},"line":66},"6":{"name":"(anonymous_6)","decl":{"start":{"line":73,"column":4},"end":{"line":73,"column":5}},"loc":{"start":{"line":74,"column":4},"end":{"line":88,"column":5}},"line":74},"7":{"name":"(anonymous_7)","decl":{"start":{"line":77,"column":27},"end":{"line":77,"column":28}},"loc":{"start":{"line":77,"column":45},"end":{"line":87,"column":9}},"line":77},"8":{"name":"(anonymous_8)","decl":{"start":{"line":79,"column":18},"end":{"line":79,"column":19}},"loc":{"start":{"line":79,"column":24},"end":{"line":82,"column":13}},"line":79},"9":{"name":"(anonymous_9)","decl":{"start":{"line":83,"column":19},"end":{"line":83,"column":20}},"loc":{"start":{"line":83,"column":26},"end":{"line":86,"column":13}},"line":83}},"branchMap":{},"s":{"0":1,"1":1,"2":1,"3":1,"4":0,"5":0,"6":0,"7":0,"8":0,"9":0,"10":0,"11":0,"12":0,"13":0,"14":0,"15":0,"16":0,"17":0,"18":0,"19":0,"20":0,"21":0,"22":0,"23":0,"24":0,"25":1},"f":{"0":0,"1":0,"2":0,"3":0,"4":0,"5":0,"6":0,"7":0,"8":0,"9":0},"b":{},"_coverageSchema":"1a1c01bbd47fc00a2c39e90264f33305004495a9","hash":"c6b7471722435765424d5c3ff27fe578066d336f","contentHash":"44809b98ec816c7e9a289c82b9252a888e8793c07a4eb34b41ee6e720cd071c4"}}