{"/home/admin1/Fundoo/backend/server.js":{"path":"/home/admin1/Fundoo/backend/server.js","statementMap":{"0":{"start":{"line":15,"column":16},"end":{"line":15,"column":34}},"1":{"start":{"line":16,"column":19},"end":{"line":16,"column":41}},"2":{"start":{"line":17,"column":17},"end":{"line":17,"column":52}},"3":{"start":{"line":18,"column":12},"end":{"line":18,"column":21}},"4":{"start":{"line":19,"column":11},"end":{"line":19,"column":26}},"5":{"start":{"line":20,"column":18},"end":{"line":20,"column":46}},"6":{"start":{"line":21,"column":12},"end":{"line":21,"column":38}},"7":{"start":{"line":22,"column":0},"end":{"line":22,"column":16}},"8":{"start":{"line":23,"column":0},"end":{"line":23,"column":28}},"9":{"start":{"line":24,"column":0},"end":{"line":24,"column":27}},"10":{"start":{"line":25,"column":0},"end":{"line":25,"column":21}},"11":{"start":{"line":26,"column":0},"end":{"line":26,"column":20}},"12":{"start":{"line":27,"column":0},"end":{"line":29,"column":3}},"13":{"start":{"line":28,"column":4},"end":{"line":28,"column":63}},"14":{"start":{"line":34,"column":11},"end":{"line":34,"column":27}},"15":{"start":{"line":36,"column":0},"end":{"line":39,"column":3}},"16":{"start":{"line":37,"column":4},"end":{"line":37,"column":23}},"17":{"start":{"line":38,"column":4},"end":{"line":38,"column":55}},"18":{"start":{"line":41,"column":0},"end":{"line":41,"column":21}}},"fnMap":{"0":{"name":"(anonymous_0)","decl":{"start":{"line":27,"column":13},"end":{"line":27,"column":14}},"loc":{"start":{"line":27,"column":27},"end":{"line":29,"column":1}},"line":27},"1":{"name":"(anonymous_1)","decl":{"start":{"line":36,"column":25},"end":{"line":36,"column":26}},"loc":{"start":{"line":36,"column":31},"end":{"line":39,"column":1}},"line":36}},"branchMap":{"0":{"loc":{"start":{"line":36,"column":11},"end":{"line":36,"column":23}},"type":"binary-expr","locations":[{"start":{"line":36,"column":11},"end":{"line":36,"column":15}},{"start":{"line":36,"column":19},"end":{"line":36,"column":23}}],"line":36}},"s":{"0":1,"1":1,"2":1,"3":1,"4":1,"5":1,"6":1,"7":1,"8":1,"9":1,"10":1,"11":1,"12":1,"13":0,"14":1,"15":1,"16":1,"17":1,"18":1},"f":{"0":0,"1":1},"b":{"0":[1,0]},"_coverageSchema":"1a1c01bbd47fc00a2c39e90264f33305004495a9","hash":"a48858e0644044aa8efdf877517c3077af46c628","contentHash":"f39550034a0ef2dba03e5ae4c294c237e7c3c4d11bc8a1122bad0f3fc0be15c8"},"/home/admin1/Fundoo/backend/config/database.config.js":{"path":"/home/admin1/Fundoo/backend/config/database.config.js","statementMap":{"0":{"start":{"line":12,"column":17},"end":{"line":12,"column":36}},"1":{"start":{"line":13,"column":0},"end":{"line":13,"column":27}},"2":{"start":{"line":14,"column":13},"end":{"line":14,"column":33}},"3":{"start":{"line":19,"column":8},"end":{"line":19,"column":33}},"4":{"start":{"line":20,"column":8},"end":{"line":20,"column":41}},"5":{"start":{"line":21,"column":8},"end":{"line":21,"column":44}},"6":{"start":{"line":22,"column":8},"end":{"line":22,"column":40}},"7":{"start":{"line":26,"column":8},"end":{"line":26,"column":29}},"8":{"start":{"line":27,"column":8},"end":{"line":32,"column":11}},"9":{"start":{"line":33,"column":8},"end":{"line":33,"column":23}},"10":{"start":{"line":34,"column":8},"end":{"line":34,"column":29}},"11":{"start":{"line":40,"column":8},"end":{"line":43,"column":11}},"12":{"start":{"line":41,"column":12},"end":{"line":41,"column":54}},"13":{"start":{"line":42,"column":12},"end":{"line":42,"column":28}},"14":{"start":{"line":45,"column":8},"end":{"line":47,"column":11}},"15":{"start":{"line":46,"column":12},"end":{"line":46,"column":69}},"16":{"start":{"line":49,"column":8},"end":{"line":51,"column":11}},"17":{"start":{"line":50,"column":12},"end":{"line":50,"column":63}},"18":{"start":{"line":53,"column":8},"end":{"line":56,"column":11}},"19":{"start":{"line":54,"column":12},"end":{"line":54,"column":62}},"20":{"start":{"line":55,"column":12},"end":{"line":55,"column":28}},"21":{"start":{"line":60,"column":0},"end":{"line":60,"column":30}}},"fnMap":{"0":{"name":"(anonymous_0)","decl":{"start":{"line":18,"column":4},"end":{"line":18,"column":5}},"loc":{"start":{"line":18,"column":17},"end":{"line":23,"column":5}},"line":18},"1":{"name":"(anonymous_1)","decl":{"start":{"line":25,"column":4},"end":{"line":25,"column":5}},"loc":{"start":{"line":25,"column":13},"end":{"line":36,"column":5}},"line":25},"2":{"name":"(anonymous_2)","decl":{"start":{"line":38,"column":4},"end":{"line":38,"column":5}},"loc":{"start":{"line":38,"column":13},"end":{"line":57,"column":5}},"line":38},"3":{"name":"(anonymous_3)","decl":{"start":{"line":40,"column":52},"end":{"line":40,"column":53}},"loc":{"start":{"line":40,"column":63},"end":{"line":43,"column":9}},"line":40},"4":{"name":"(anonymous_4)","decl":{"start":{"line":45,"column":45},"end":{"line":45,"column":46}},"loc":{"start":{"line":45,"column":55},"end":{"line":47,"column":9}},"line":45},"5":{"name":"(anonymous_5)","decl":{"start":{"line":49,"column":44},"end":{"line":49,"column":45}},"loc":{"start":{"line":49,"column":55},"end":{"line":51,"column":9}},"line":49},"6":{"name":"(anonymous_6)","decl":{"start":{"line":53,"column":40},"end":{"line":53,"column":41}},"loc":{"start":{"line":53,"column":54},"end":{"line":56,"column":9}},"line":53}},"branchMap":{},"s":{"0":1,"1":1,"2":1,"3":1,"4":1,"5":1,"6":1,"7":1,"8":1,"9":1,"10":1,"11":1,"12":0,"13":0,"14":1,"15":0,"16":1,"17":1,"18":1,"19":0,"20":0,"21":1},"f":{"0":1,"1":1,"2":1,"3":0,"4":0,"5":1,"6":0},"b":{},"_coverageSchema":"1a1c01bbd47fc00a2c39e90264f33305004495a9","hash":"399aae80e8410eb085860a8ee6040b62d38a38f0","contentHash":"9ad09eb407f5068fda679252153a134677f515533fd99d41733d6e4f492e4074"},"/home/admin1/Fundoo/backend/config/winston.js":{"path":"/home/admin1/Fundoo/backend/config/winston.js","statementMap":{"0":{"start":{"line":1,"column":14},"end":{"line":1,"column":32}},"1":{"start":{"line":3,"column":14},"end":{"line":19,"column":1}},"2":{"start":{"line":22,"column":13},"end":{"line":28,"column":4}},"3":{"start":{"line":30,"column":0},"end":{"line":30,"column":24}}},"fnMap":{},"branchMap":{},"s":{"0":1,"1":1,"2":1,"3":1},"f":{},"b":{},"_coverageSchema":"1a1c01bbd47fc00a2c39e90264f33305004495a9","hash":"18997ca9c6600ee6dbb94f9d77228a2f5c552af4","contentHash":"a75d0e4463d1408203d65f12ae89f6b5a8adb73759a3899a98e6343996d9dbac"},"/home/admin1/Fundoo/backend/routes/routes.js":{"path":"/home/admin1/Fundoo/backend/routes/routes.js","statementMap":{"0":{"start":{"line":15,"column":21},"end":{"line":15,"column":50}},"1":{"start":{"line":16,"column":14},"end":{"line":16,"column":32}},"2":{"start":{"line":17,"column":15},"end":{"line":17,"column":31}},"3":{"start":{"line":18,"column":10},"end":{"line":18,"column":37}},"4":{"start":{"line":19,"column":11},"end":{"line":19,"column":39}},"5":{"start":{"line":20,"column":13},"end":{"line":20,"column":38}},"6":{"start":{"line":21,"column":19},"end":{"line":21,"column":41}},"7":{"start":{"line":22,"column":13},"end":{"line":22,"column":41}},"8":{"start":{"line":23,"column":21},"end":{"line":23,"column":50}},"9":{"start":{"line":24,"column":22},"end":{"line":24,"column":52}},"10":{"start":{"line":26,"column":0},"end":{"line":26,"column":58}},"11":{"start":{"line":28,"column":0},"end":{"line":28,"column":54}},"12":{"start":{"line":30,"column":0},"end":{"line":30,"column":72}},"13":{"start":{"line":32,"column":0},"end":{"line":32,"column":87}},"14":{"start":{"line":34,"column":0},"end":{"line":45,"column":2}},"15":{"start":{"line":35,"column":4},"end":{"line":35,"column":46}},"16":{"start":{"line":36,"column":4},"end":{"line":44,"column":6}},"17":{"start":{"line":37,"column":8},"end":{"line":43,"column":9}},"18":{"start":{"line":38,"column":12},"end":{"line":38,"column":62}},"19":{"start":{"line":41,"column":12},"end":{"line":41,"column":50}},"20":{"start":{"line":42,"column":12},"end":{"line":42,"column":44}},"21":{"start":{"line":47,"column":0},"end":{"line":47,"column":88}},"22":{"start":{"line":49,"column":0},"end":{"line":86,"column":3}},"23":{"start":{"line":50,"column":4},"end":{"line":50,"column":37}},"24":{"start":{"line":51,"column":26},"end":{"line":51,"column":28}},"25":{"start":{"line":52,"column":4},"end":{"line":52,"column":47}},"26":{"start":{"line":54,"column":4},"end":{"line":85,"column":6}},"27":{"start":{"line":55,"column":18},"end":{"line":55,"column":20}},"28":{"start":{"line":56,"column":8},"end":{"line":84,"column":9}},"29":{"start":{"line":57,"column":12},"end":{"line":57,"column":38}},"30":{"start":{"line":59,"column":12},"end":{"line":59,"column":32}},"31":{"start":{"line":60,"column":12},"end":{"line":60,"column":32}},"32":{"start":{"line":61,"column":12},"end":{"line":61,"column":50}},"33":{"start":{"line":63,"column":12},"end":{"line":63,"column":46}},"34":{"start":{"line":65,"column":12},"end":{"line":65,"column":54}},"35":{"start":{"line":68,"column":12},"end":{"line":68,"column":61}},"36":{"start":{"line":69,"column":12},"end":{"line":69,"column":41}},"37":{"start":{"line":71,"column":12},"end":{"line":71,"column":75}},"38":{"start":{"line":73,"column":16},"end":{"line":82,"column":17}},"39":{"start":{"line":74,"column":20},"end":{"line":74,"column":38}},"40":{"start":{"line":75,"column":20},"end":{"line":75,"column":40}},"41":{"start":{"line":76,"column":20},"end":{"line":76,"column":58}},"42":{"start":{"line":79,"column":20},"end":{"line":79,"column":55}},"43":{"start":{"line":80,"column":20},"end":{"line":80,"column":39}},"44":{"start":{"line":81,"column":20},"end":{"line":81,"column":58}},"45":{"start":{"line":89,"column":0},"end":{"line":89,"column":65}},"46":{"start":{"line":91,"column":0},"end":{"line":91,"column":65}},"47":{"start":{"line":93,"column":0},"end":{"line":93,"column":70}},"48":{"start":{"line":95,"column":0},"end":{"line":95,"column":75}},"49":{"start":{"line":97,"column":0},"end":{"line":97,"column":79}},"50":{"start":{"line":100,"column":0},"end":{"line":100,"column":76}},"51":{"start":{"line":102,"column":0},"end":{"line":102,"column":76}},"52":{"start":{"line":104,"column":0},"end":{"line":104,"column":74}},"53":{"start":{"line":106,"column":0},"end":{"line":106,"column":79}},"54":{"start":{"line":108,"column":0},"end":{"line":108,"column":24}}},"fnMap":{"0":{"name":"(anonymous_0)","decl":{"start":{"line":34,"column":27},"end":{"line":34,"column":28}},"loc":{"start":{"line":34,"column":50},"end":{"line":45,"column":1}},"line":34},"1":{"name":"(anonymous_1)","decl":{"start":{"line":36,"column":52},"end":{"line":36,"column":53}},"loc":{"start":{"line":36,"column":69},"end":{"line":44,"column":5}},"line":36},"2":{"name":"(anonymous_2)","decl":{"start":{"line":49,"column":45},"end":{"line":49,"column":46}},"loc":{"start":{"line":49,"column":74},"end":{"line":86,"column":1}},"line":49},"3":{"name":"(anonymous_3)","decl":{"start":{"line":54,"column":36},"end":{"line":54,"column":37}},"loc":{"start":{"line":54,"column":53},"end":{"line":85,"column":5}},"line":54}},"branchMap":{"0":{"loc":{"start":{"line":37,"column":8},"end":{"line":43,"column":9}},"type":"if","locations":[{"start":{"line":37,"column":8},"end":{"line":43,"column":9}},{"start":{"line":37,"column":8},"end":{"line":43,"column":9}}],"line":37},"1":{"loc":{"start":{"line":56,"column":8},"end":{"line":84,"column":9}},"type":"if","locations":[{"start":{"line":56,"column":8},"end":{"line":84,"column":9}},{"start":{"line":56,"column":8},"end":{"line":84,"column":9}}],"line":56},"2":{"loc":{"start":{"line":73,"column":16},"end":{"line":82,"column":17}},"type":"if","locations":[{"start":{"line":73,"column":16},"end":{"line":82,"column":17}},{"start":{"line":73,"column":16},"end":{"line":82,"column":17}}],"line":73}},"s":{"0":1,"1":1,"2":1,"3":1,"4":1,"5":1,"6":1,"7":1,"8":1,"9":1,"10":1,"11":1,"12":1,"13":1,"14":1,"15":0,"16":0,"17":0,"18":0,"19":0,"20":0,"21":1,"22":1,"23":0,"24":0,"25":0,"26":0,"27":0,"28":0,"29":0,"30":0,"31":0,"32":0,"33":0,"34":0,"35":0,"36":0,"37":0,"38":0,"39":0,"40":0,"41":0,"42":0,"43":0,"44":0,"45":1,"46":1,"47":1,"48":1,"49":1,"50":1,"51":1,"52":1,"53":1,"54":1},"f":{"0":0,"1":0,"2":0,"3":0},"b":{"0":[0,0],"1":[0,0],"2":[0,0]},"_coverageSchema":"1a1c01bbd47fc00a2c39e90264f33305004495a9","hash":"6c2928bdcadacd346e91d4ff6fcc2017a042e510","contentHash":"d4490731049e906a8df79f26b6d32f45e6d058096a2c4ee3dde295e560d09e81"},"/home/admin1/Fundoo/backend/controller/user.js":{"path":"/home/admin1/Fundoo/backend/controller/user.js","statementMap":{"0":{"start":{"line":10,"column":19},"end":{"line":10,"column":46}},"1":{"start":{"line":11,"column":19},"end":{"line":11,"column":46}},"2":{"start":{"line":12,"column":19},"end":{"line":12,"column":51}},"3":{"start":{"line":13,"column":19},"end":{"line":13,"column":52}},"4":{"start":{"line":14,"column":19},"end":{"line":14,"column":47}},"5":{"start":{"line":15,"column":12},"end":{"line":15,"column":28}},"6":{"start":{"line":16,"column":13},"end":{"line":16,"column":33}},"7":{"start":{"line":17,"column":0},"end":{"line":17,"column":27}},"8":{"start":{"line":30,"column":8},"end":{"line":112,"column":9}},"9":{"start":{"line":32,"column":12},"end":{"line":32,"column":189}},"10":{"start":{"line":32,"column":152},"end":{"line":32,"column":189}},"11":{"start":{"line":33,"column":12},"end":{"line":33,"column":214}},"12":{"start":{"line":33,"column":172},"end":{"line":33,"column":214}},"13":{"start":{"line":34,"column":12},"end":{"line":34,"column":187}},"14":{"start":{"line":34,"column":144},"end":{"line":34,"column":187}},"15":{"start":{"line":36,"column":12},"end":{"line":36,"column":98}},"16":{"start":{"line":37,"column":12},"end":{"line":37,"column":92}},"17":{"start":{"line":39,"column":12},"end":{"line":39,"column":96}},"18":{"start":{"line":40,"column":12},"end":{"line":40,"column":90}},"19":{"start":{"line":41,"column":12},"end":{"line":41,"column":78}},"20":{"start":{"line":42,"column":12},"end":{"line":42,"column":243}},"21":{"start":{"line":43,"column":25},"end":{"line":43,"column":51}},"22":{"start":{"line":44,"column":25},"end":{"line":44,"column":27}},"23":{"start":{"line":46,"column":12},"end":{"line":102,"column":13}},"24":{"start":{"line":48,"column":16},"end":{"line":48,"column":38}},"25":{"start":{"line":49,"column":16},"end":{"line":49,"column":39}},"26":{"start":{"line":50,"column":16},"end":{"line":50,"column":57}},"27":{"start":{"line":53,"column":16},"end":{"line":53,"column":62}},"28":{"start":{"line":54,"column":31},"end":{"line":59,"column":17}},"29":{"start":{"line":61,"column":16},"end":{"line":100,"column":18}},"30":{"start":{"line":62,"column":20},"end":{"line":99,"column":22}},"31":{"start":{"line":63,"column":24},"end":{"line":93,"column":25}},"32":{"start":{"line":66,"column":42},"end":{"line":68,"column":29}},"33":{"start":{"line":70,"column":43},"end":{"line":70,"column":78}},"34":{"start":{"line":71,"column":42},"end":{"line":71,"column":73}},"35":{"start":{"line":73,"column":28},"end":{"line":73,"column":77}},"36":{"start":{"line":75,"column":28},"end":{"line":85,"column":30}},"37":{"start":{"line":77,"column":32},"end":{"line":77,"column":75}},"38":{"start":{"line":78,"column":32},"end":{"line":78,"column":54}},"39":{"start":{"line":79,"column":32},"end":{"line":79,"column":51}},"40":{"start":{"line":80,"column":32},"end":{"line":80,"column":73}},"41":{"start":{"line":82,"column":32},"end":{"line":82,"column":53}},"42":{"start":{"line":83,"column":32},"end":{"line":83,"column":82}},"43":{"start":{"line":84,"column":32},"end":{"line":84,"column":73}},"44":{"start":{"line":89,"column":28},"end":{"line":89,"column":58}},"45":{"start":{"line":90,"column":28},"end":{"line":90,"column":58}},"46":{"start":{"line":91,"column":28},"end":{"line":91,"column":52}},"47":{"start":{"line":92,"column":28},"end":{"line":92,"column":69}},"48":{"start":{"line":95,"column":24},"end":{"line":95,"column":45}},"49":{"start":{"line":96,"column":24},"end":{"line":96,"column":63}},"50":{"start":{"line":97,"column":24},"end":{"line":97,"column":47}},"51":{"start":{"line":98,"column":24},"end":{"line":98,"column":65}},"52":{"start":{"line":105,"column":25},"end":{"line":105,"column":27}},"53":{"start":{"line":107,"column":12},"end":{"line":107,"column":33}},"54":{"start":{"line":109,"column":12},"end":{"line":109,"column":34}},"55":{"start":{"line":111,"column":12},"end":{"line":111,"column":52}},"56":{"start":{"line":123,"column":8},"end":{"line":182,"column":9}},"57":{"start":{"line":125,"column":12},"end":{"line":125,"column":78}},"58":{"start":{"line":126,"column":12},"end":{"line":126,"column":243}},"59":{"start":{"line":128,"column":25},"end":{"line":128,"column":51}},"60":{"start":{"line":129,"column":25},"end":{"line":129,"column":27}},"61":{"start":{"line":131,"column":12},"end":{"line":172,"column":13}},"62":{"start":{"line":132,"column":16},"end":{"line":132,"column":45}},"63":{"start":{"line":133,"column":16},"end":{"line":133,"column":39}},"64":{"start":{"line":134,"column":16},"end":{"line":134,"column":57}},"65":{"start":{"line":137,"column":31},"end":{"line":140,"column":17}},"66":{"start":{"line":142,"column":16},"end":{"line":171,"column":18}},"67":{"start":{"line":144,"column":20},"end":{"line":170,"column":21}},"68":{"start":{"line":145,"column":24},"end":{"line":145,"column":45}},"69":{"start":{"line":146,"column":24},"end":{"line":146,"column":47}},"70":{"start":{"line":147,"column":24},"end":{"line":147,"column":65}},"71":{"start":{"line":149,"column":25},"end":{"line":170,"column":21}},"72":{"start":{"line":151,"column":38},"end":{"line":153,"column":25}},"73":{"start":{"line":155,"column":39},"end":{"line":155,"column":74}},"74":{"start":{"line":156,"column":24},"end":{"line":156,"column":71}},"75":{"start":{"line":159,"column":24},"end":{"line":159,"column":48}},"76":{"start":{"line":160,"column":24},"end":{"line":160,"column":60}},"77":{"start":{"line":161,"column":24},"end":{"line":161,"column":54}},"78":{"start":{"line":162,"column":24},"end":{"line":162,"column":43}},"79":{"start":{"line":163,"column":24},"end":{"line":163,"column":65}},"80":{"start":{"line":166,"column":24},"end":{"line":166,"column":54}},"81":{"start":{"line":167,"column":24},"end":{"line":167,"column":54}},"82":{"start":{"line":168,"column":24},"end":{"line":168,"column":48}},"83":{"start":{"line":169,"column":24},"end":{"line":169,"column":65}},"84":{"start":{"line":175,"column":25},"end":{"line":175,"column":27}},"85":{"start":{"line":176,"column":12},"end":{"line":176,"column":47}},"86":{"start":{"line":177,"column":12},"end":{"line":177,"column":33}},"87":{"start":{"line":178,"column":12},"end":{"line":178,"column":38}},"88":{"start":{"line":179,"column":12},"end":{"line":179,"column":34}},"89":{"start":{"line":180,"column":12},"end":{"line":180,"column":38}},"90":{"start":{"line":181,"column":12},"end":{"line":181,"column":52}},"91":{"start":{"line":195,"column":19},"end":{"line":195,"column":21}},"92":{"start":{"line":197,"column":8},"end":{"line":207,"column":10}},"93":{"start":{"line":198,"column":12},"end":{"line":198,"column":31}},"94":{"start":{"line":199,"column":12},"end":{"line":199,"column":34}},"95":{"start":{"line":200,"column":12},"end":{"line":200,"column":35}},"96":{"start":{"line":201,"column":12},"end":{"line":201,"column":53}},"97":{"start":{"line":204,"column":12},"end":{"line":204,"column":33}},"98":{"start":{"line":205,"column":12},"end":{"line":205,"column":35}},"99":{"start":{"line":206,"column":12},"end":{"line":206,"column":53}},"100":{"start":{"line":217,"column":8},"end":{"line":270,"column":9}},"101":{"start":{"line":220,"column":12},"end":{"line":220,"column":78}},"102":{"start":{"line":221,"column":25},"end":{"line":221,"column":51}},"103":{"start":{"line":222,"column":25},"end":{"line":222,"column":27}},"104":{"start":{"line":224,"column":12},"end":{"line":260,"column":13}},"105":{"start":{"line":225,"column":16},"end":{"line":225,"column":45}},"106":{"start":{"line":226,"column":16},"end":{"line":226,"column":39}},"107":{"start":{"line":227,"column":16},"end":{"line":227,"column":57}},"108":{"start":{"line":231,"column":29},"end":{"line":231,"column":31}},"109":{"start":{"line":232,"column":37},"end":{"line":234,"column":17}},"110":{"start":{"line":235,"column":16},"end":{"line":259,"column":18}},"111":{"start":{"line":236,"column":20},"end":{"line":258,"column":21}},"112":{"start":{"line":237,"column":24},"end":{"line":237,"column":45}},"113":{"start":{"line":238,"column":24},"end":{"line":238,"column":46}},"114":{"start":{"line":239,"column":24},"end":{"line":239,"column":65}},"115":{"start":{"line":242,"column":24},"end":{"line":242,"column":71}},"116":{"start":{"line":243,"column":38},"end":{"line":245,"column":25}},"117":{"start":{"line":247,"column":39},"end":{"line":247,"column":74}},"118":{"start":{"line":248,"column":24},"end":{"line":248,"column":54}},"119":{"start":{"line":249,"column":24},"end":{"line":249,"column":67}},"120":{"start":{"line":252,"column":34},"end":{"line":252,"column":75}},"121":{"start":{"line":253,"column":24},"end":{"line":253,"column":61}},"122":{"start":{"line":255,"column":24},"end":{"line":255,"column":52}},"123":{"start":{"line":256,"column":24},"end":{"line":256,"column":46}},"124":{"start":{"line":257,"column":24},"end":{"line":257,"column":65}},"125":{"start":{"line":263,"column":25},"end":{"line":263,"column":27}},"126":{"start":{"line":265,"column":12},"end":{"line":265,"column":33}},"127":{"start":{"line":267,"column":12},"end":{"line":267,"column":34}},"128":{"start":{"line":269,"column":12},"end":{"line":269,"column":52}},"129":{"start":{"line":281,"column":8},"end":{"line":281,"column":239}},"130":{"start":{"line":282,"column":21},"end":{"line":282,"column":47}},"131":{"start":{"line":283,"column":21},"end":{"line":283,"column":23}},"132":{"start":{"line":285,"column":8},"end":{"line":311,"column":9}},"133":{"start":{"line":286,"column":12},"end":{"line":286,"column":41}},"134":{"start":{"line":287,"column":12},"end":{"line":287,"column":35}},"135":{"start":{"line":288,"column":12},"end":{"line":288,"column":53}},"136":{"start":{"line":291,"column":25},"end":{"line":291,"column":27}},"137":{"start":{"line":292,"column":32},"end":{"line":295,"column":13}},"138":{"start":{"line":296,"column":12},"end":{"line":310,"column":14}},"139":{"start":{"line":298,"column":16},"end":{"line":298,"column":35}},"140":{"start":{"line":299,"column":16},"end":{"line":299,"column":38}},"141":{"start":{"line":301,"column":16},"end":{"line":301,"column":57}},"142":{"start":{"line":305,"column":16},"end":{"line":305,"column":37}},"143":{"start":{"line":306,"column":16},"end":{"line":306,"column":39}},"144":{"start":{"line":307,"column":16},"end":{"line":307,"column":39}},"145":{"start":{"line":309,"column":16},"end":{"line":309,"column":57}},"146":{"start":{"line":317,"column":8},"end":{"line":317,"column":57}},"147":{"start":{"line":319,"column":12},"end":{"line":326,"column":14}},"148":{"start":{"line":320,"column":16},"end":{"line":325,"column":18}},"149":{"start":{"line":321,"column":20},"end":{"line":321,"column":34}},"150":{"start":{"line":324,"column":20},"end":{"line":324,"column":34}},"151":{"start":{"line":331,"column":0},"end":{"line":331,"column":34}}},"fnMap":{"0":{"name":"(anonymous_0)","decl":{"start":{"line":29,"column":4},"end":{"line":29,"column":5}},"loc":{"start":{"line":29,"column":40},"end":{"line":113,"column":5}},"line":29},"1":{"name":"(anonymous_1)","decl":{"start":{"line":61,"column":35},"end":{"line":61,"column":36}},"loc":{"start":{"line":61,"column":62},"end":{"line":100,"column":17}},"line":61},"2":{"name":"(anonymous_2)","decl":{"start":{"line":62,"column":62},"end":{"line":62,"column":63}},"loc":{"start":{"line":62,"column":72},"end":{"line":94,"column":21}},"line":62},"3":{"name":"(anonymous_3)","decl":{"start":{"line":75,"column":69},"end":{"line":75,"column":70}},"loc":{"start":{"line":75,"column":77},"end":{"line":81,"column":29}},"line":75},"4":{"name":"(anonymous_4)","decl":{"start":{"line":81,"column":37},"end":{"line":81,"column":38}},"loc":{"start":{"line":81,"column":44},"end":{"line":85,"column":29}},"line":81},"5":{"name":"(anonymous_5)","decl":{"start":{"line":94,"column":29},"end":{"line":94,"column":30}},"loc":{"start":{"line":94,"column":40},"end":{"line":99,"column":21}},"line":94},"6":{"name":"(anonymous_6)","decl":{"start":{"line":122,"column":4},"end":{"line":122,"column":5}},"loc":{"start":{"line":122,"column":39},"end":{"line":183,"column":5}},"line":122},"7":{"name":"(anonymous_7)","decl":{"start":{"line":142,"column":52},"end":{"line":142,"column":53}},"loc":{"start":{"line":142,"column":69},"end":{"line":171,"column":17}},"line":142},"8":{"name":"(anonymous_8)","decl":{"start":{"line":193,"column":4},"end":{"line":193,"column":5}},"loc":{"start":{"line":194,"column":4},"end":{"line":208,"column":5}},"line":194},"9":{"name":"(anonymous_9)","decl":{"start":{"line":197,"column":53},"end":{"line":197,"column":54}},"loc":{"start":{"line":197,"column":59},"end":{"line":202,"column":9}},"line":197},"10":{"name":"(anonymous_10)","decl":{"start":{"line":203,"column":15},"end":{"line":203,"column":16}},"loc":{"start":{"line":203,"column":22},"end":{"line":207,"column":9}},"line":203},"11":{"name":"(anonymous_11)","decl":{"start":{"line":216,"column":4},"end":{"line":216,"column":5}},"loc":{"start":{"line":216,"column":48},"end":{"line":272,"column":5}},"line":216},"12":{"name":"(anonymous_12)","decl":{"start":{"line":235,"column":60},"end":{"line":235,"column":61}},"loc":{"start":{"line":235,"column":77},"end":{"line":259,"column":17}},"line":235},"13":{"name":"(anonymous_13)","decl":{"start":{"line":280,"column":4},"end":{"line":280,"column":5}},"loc":{"start":{"line":280,"column":47},"end":{"line":312,"column":5}},"line":280},"14":{"name":"(anonymous_14)","decl":{"start":{"line":296,"column":67},"end":{"line":296,"column":68}},"loc":{"start":{"line":296,"column":73},"end":{"line":302,"column":13}},"line":296},"15":{"name":"(anonymous_15)","decl":{"start":{"line":303,"column":19},"end":{"line":303,"column":20}},"loc":{"start":{"line":303,"column":26},"end":{"line":310,"column":13}},"line":303},"16":{"name":"(anonymous_16)","decl":{"start":{"line":314,"column":4},"end":{"line":314,"column":5}},"loc":{"start":{"line":315,"column":4},"end":{"line":328,"column":5}},"line":315},"17":{"name":"(anonymous_17)","decl":{"start":{"line":319,"column":31},"end":{"line":319,"column":32}},"loc":{"start":{"line":319,"column":55},"end":{"line":326,"column":13}},"line":319},"18":{"name":"(anonymous_18)","decl":{"start":{"line":320,"column":63},"end":{"line":320,"column":64}},"loc":{"start":{"line":320,"column":69},"end":{"line":322,"column":17}},"line":320},"19":{"name":"(anonymous_19)","decl":{"start":{"line":323,"column":23},"end":{"line":323,"column":24}},"loc":{"start":{"line":323,"column":30},"end":{"line":325,"column":17}},"line":323}},"branchMap":{"0":{"loc":{"start":{"line":32,"column":12},"end":{"line":32,"column":189}},"type":"if","locations":[{"start":{"line":32,"column":12},"end":{"line":32,"column":189}},{"start":{"line":32,"column":12},"end":{"line":32,"column":189}}],"line":32},"1":{"loc":{"start":{"line":32,"column":15},"end":{"line":32,"column":145}},"type":"binary-expr","locations":[{"start":{"line":32,"column":15},"end":{"line":32,"column":46}},{"start":{"line":32,"column":50},"end":{"line":32,"column":80}},{"start":{"line":32,"column":84},"end":{"line":32,"column":111}},{"start":{"line":32,"column":115},"end":{"line":32,"column":145}}],"line":32},"2":{"loc":{"start":{"line":33,"column":12},"end":{"line":33,"column":214}},"type":"if","locations":[{"start":{"line":33,"column":12},"end":{"line":33,"column":214}},{"start":{"line":33,"column":12},"end":{"line":33,"column":214}}],"line":33},"3":{"loc":{"start":{"line":33,"column":15},"end":{"line":33,"column":165}},"type":"binary-expr","locations":[{"start":{"line":33,"column":15},"end":{"line":33,"column":51}},{"start":{"line":33,"column":55},"end":{"line":33,"column":90}},{"start":{"line":33,"column":94},"end":{"line":33,"column":126}},{"start":{"line":33,"column":130},"end":{"line":33,"column":165}}],"line":33},"4":{"loc":{"start":{"line":34,"column":12},"end":{"line":34,"column":187}},"type":"if","locations":[{"start":{"line":34,"column":12},"end":{"line":34,"column":187}},{"start":{"line":34,"column":12},"end":{"line":34,"column":187}}],"line":34},"5":{"loc":{"start":{"line":34,"column":15},"end":{"line":34,"column":137}},"type":"binary-expr","locations":[{"start":{"line":34,"column":15},"end":{"line":34,"column":44}},{"start":{"line":34,"column":48},"end":{"line":34,"column":76}},{"start":{"line":34,"column":80},"end":{"line":34,"column":105}},{"start":{"line":34,"column":109},"end":{"line":34,"column":137}}],"line":34},"6":{"loc":{"start":{"line":46,"column":12},"end":{"line":102,"column":13}},"type":"if","locations":[{"start":{"line":46,"column":12},"end":{"line":102,"column":13}},{"start":{"line":46,"column":12},"end":{"line":102,"column":13}}],"line":46},"7":{"loc":{"start":{"line":63,"column":24},"end":{"line":93,"column":25}},"type":"if","locations":[{"start":{"line":63,"column":24},"end":{"line":93,"column":25}},{"start":{"line":63,"column":24},"end":{"line":93,"column":25}}],"line":63},"8":{"loc":{"start":{"line":131,"column":12},"end":{"line":172,"column":13}},"type":"if","locations":[{"start":{"line":131,"column":12},"end":{"line":172,"column":13}},{"start":{"line":131,"column":12},"end":{"line":172,"column":13}}],"line":131},"9":{"loc":{"start":{"line":144,"column":20},"end":{"line":170,"column":21}},"type":"if","locations":[{"start":{"line":144,"column":20},"end":{"line":170,"column":21}},{"start":{"line":144,"column":20},"end":{"line":170,"column":21}}],"line":144},"10":{"loc":{"start":{"line":149,"column":25},"end":{"line":170,"column":21}},"type":"if","locations":[{"start":{"line":149,"column":25},"end":{"line":170,"column":21}},{"start":{"line":149,"column":25},"end":{"line":170,"column":21}}],"line":149},"11":{"loc":{"start":{"line":224,"column":12},"end":{"line":260,"column":13}},"type":"if","locations":[{"start":{"line":224,"column":12},"end":{"line":260,"column":13}},{"start":{"line":224,"column":12},"end":{"line":260,"column":13}}],"line":224},"12":{"loc":{"start":{"line":236,"column":20},"end":{"line":258,"column":21}},"type":"if","locations":[{"start":{"line":236,"column":20},"end":{"line":258,"column":21}},{"start":{"line":236,"column":20},"end":{"line":258,"column":21}}],"line":236},"13":{"loc":{"start":{"line":285,"column":8},"end":{"line":311,"column":9}},"type":"if","locations":[{"start":{"line":285,"column":8},"end":{"line":311,"column":9}},{"start":{"line":285,"column":8},"end":{"line":311,"column":9}}],"line":285}},"s":{"0":1,"1":1,"2":1,"3":1,"4":1,"5":1,"6":1,"7":1,"8":0,"9":0,"10":0,"11":0,"12":0,"13":0,"14":0,"15":0,"16":0,"17":0,"18":0,"19":0,"20":0,"21":0,"22":0,"23":0,"24":0,"25":0,"26":0,"27":0,"28":0,"29":0,"30":0,"31":0,"32":0,"33":0,"34":0,"35":0,"36":0,"37":0,"38":0,"39":0,"40":0,"41":0,"42":0,"43":0,"44":0,"45":0,"46":0,"47":0,"48":0,"49":0,"50":0,"51":0,"52":0,"53":0,"54":0,"55":0,"56":0,"57":0,"58":0,"59":0,"60":0,"61":0,"62":0,"63":0,"64":0,"65":0,"66":0,"67":0,"68":0,"69":0,"70":0,"71":0,"72":0,"73":0,"74":0,"75":0,"76":0,"77":0,"78":0,"79":0,"80":0,"81":0,"82":0,"83":0,"84":0,"85":0,"86":0,"87":0,"88":0,"89":0,"90":0,"91":0,"92":0,"93":0,"94":0,"95":0,"96":0,"97":0,"98":0,"99":0,"100":6,"101":6,"102":6,"103":6,"104":6,"105":4,"106":4,"107":4,"108":2,"109":2,"110":2,"111":2,"112":0,"113":0,"114":0,"115":2,"116":2,"117":2,"118":2,"119":2,"120":2,"121":2,"122":2,"123":2,"124":2,"125":0,"126":0,"127":0,"128":0,"129":0,"130":0,"131":0,"132":0,"133":0,"134":0,"135":0,"136":0,"137":0,"138":0,"139":0,"140":0,"141":0,"142":0,"143":0,"144":0,"145":0,"146":0,"147":0,"148":0,"149":0,"150":0,"151":1},"f":{"0":0,"1":0,"2":0,"3":0,"4":0,"5":0,"6":0,"7":0,"8":0,"9":0,"10":0,"11":6,"12":2,"13":0,"14":0,"15":0,"16":0,"17":0,"18":0,"19":0},"b":{"0":[0,0],"1":[0,0,0,0],"2":[0,0],"3":[0,0,0,0],"4":[0,0],"5":[0,0,0,0],"6":[0,0],"7":[0,0],"8":[0,0],"9":[0,0],"10":[0,0],"11":[4,2],"12":[0,2],"13":[0,0]},"_coverageSchema":"1a1c01bbd47fc00a2c39e90264f33305004495a9","hash":"a63912c3c99a70d5067893718971a95ad82620b1","contentHash":"b21546f38d3d233ed6575b5cd99c2baebc9f3c6f64208d569f85ed20d31537e3"},"/home/admin1/Fundoo/backend/services/user.js":{"path":"/home/admin1/Fundoo/backend/services/user.js","statementMap":{"0":{"start":{"line":9,"column":16},"end":{"line":9,"column":44}},"1":{"start":{"line":10,"column":16},"end":{"line":10,"column":44}},"2":{"start":{"line":11,"column":19},"end":{"line":11,"column":47}},"3":{"start":{"line":12,"column":0},"end":{"line":12,"column":28}},"4":{"start":{"line":24,"column":8},"end":{"line":24,"column":34}},"5":{"start":{"line":25,"column":18},"end":{"line":25,"column":20}},"6":{"start":{"line":26,"column":8},"end":{"line":63,"column":10}},"7":{"start":{"line":28,"column":12},"end":{"line":62,"column":14}},"8":{"start":{"line":29,"column":16},"end":{"line":61,"column":17}},"9":{"start":{"line":31,"column":20},"end":{"line":31,"column":34}},"10":{"start":{"line":33,"column":21},"end":{"line":61,"column":17}},"11":{"start":{"line":35,"column":20},"end":{"line":53,"column":22}},"12":{"start":{"line":36,"column":24},"end":{"line":52,"column":25}},"13":{"start":{"line":38,"column":28},"end":{"line":38,"column":41}},"14":{"start":{"line":42,"column":28},"end":{"line":42,"column":65}},"15":{"start":{"line":43,"column":28},"end":{"line":43,"column":62}},"16":{"start":{"line":44,"column":28},"end":{"line":51,"column":30}},"17":{"start":{"line":46,"column":36},"end":{"line":46,"column":50}},"18":{"start":{"line":50,"column":32},"end":{"line":50,"column":44}},"19":{"start":{"line":57,"column":20},"end":{"line":57,"column":55}},"20":{"start":{"line":58,"column":20},"end":{"line":58,"column":40}},"21":{"start":{"line":59,"column":20},"end":{"line":59,"column":39}},"22":{"start":{"line":60,"column":20},"end":{"line":60,"column":33}},"23":{"start":{"line":74,"column":8},"end":{"line":74,"column":44}},"24":{"start":{"line":75,"column":16},"end":{"line":75,"column":18}},"25":{"start":{"line":76,"column":8},"end":{"line":120,"column":14}},"26":{"start":{"line":77,"column":12},"end":{"line":119,"column":17}},"27":{"start":{"line":79,"column":16},"end":{"line":79,"column":39}},"28":{"start":{"line":81,"column":17},"end":{"line":119,"column":17}},"29":{"start":{"line":83,"column":16},"end":{"line":83,"column":57}},"30":{"start":{"line":84,"column":16},"end":{"line":84,"column":36}},"31":{"start":{"line":85,"column":16},"end":{"line":85,"column":35}},"32":{"start":{"line":86,"column":16},"end":{"line":86,"column":42}},"33":{"start":{"line":88,"column":17},"end":{"line":119,"column":17}},"34":{"start":{"line":90,"column":20},"end":{"line":90,"column":60}},"35":{"start":{"line":91,"column":20},"end":{"line":91,"column":56}},"36":{"start":{"line":92,"column":20},"end":{"line":111,"column":22}},"37":{"start":{"line":93,"column":24},"end":{"line":93,"column":78}},"38":{"start":{"line":94,"column":24},"end":{"line":110,"column":25}},"39":{"start":{"line":96,"column":28},"end":{"line":96,"column":51}},"40":{"start":{"line":98,"column":29},"end":{"line":110,"column":25}},"41":{"start":{"line":100,"column":28},"end":{"line":100,"column":67}},"42":{"start":{"line":101,"column":28},"end":{"line":101,"column":48}},"43":{"start":{"line":102,"column":28},"end":{"line":102,"column":54}},"44":{"start":{"line":106,"column":28},"end":{"line":106,"column":64}},"45":{"start":{"line":107,"column":28},"end":{"line":107,"column":46}},"46":{"start":{"line":108,"column":28},"end":{"line":108,"column":46}},"47":{"start":{"line":109,"column":28},"end":{"line":109,"column":54}},"48":{"start":{"line":115,"column":20},"end":{"line":115,"column":70}},"49":{"start":{"line":116,"column":20},"end":{"line":116,"column":40}},"50":{"start":{"line":117,"column":20},"end":{"line":117,"column":39}},"51":{"start":{"line":118,"column":20},"end":{"line":118,"column":46}},"52":{"start":{"line":132,"column":8},"end":{"line":132,"column":31}},"53":{"start":{"line":133,"column":8},"end":{"line":140,"column":10}},"54":{"start":{"line":134,"column":12},"end":{"line":139,"column":14}},"55":{"start":{"line":135,"column":16},"end":{"line":135,"column":29}},"56":{"start":{"line":138,"column":16},"end":{"line":138,"column":29}},"57":{"start":{"line":152,"column":8},"end":{"line":152,"column":40}},"58":{"start":{"line":153,"column":8},"end":{"line":153,"column":45}},"59":{"start":{"line":154,"column":8},"end":{"line":154,"column":40}},"60":{"start":{"line":155,"column":8},"end":{"line":174,"column":10}},"61":{"start":{"line":156,"column":12},"end":{"line":173,"column":14}},"62":{"start":{"line":157,"column":16},"end":{"line":172,"column":17}},"63":{"start":{"line":158,"column":20},"end":{"line":158,"column":33}},"64":{"start":{"line":160,"column":21},"end":{"line":172,"column":17}},"65":{"start":{"line":161,"column":20},"end":{"line":161,"column":33}},"66":{"start":{"line":165,"column":20},"end":{"line":171,"column":26}},"67":{"start":{"line":166,"column":24},"end":{"line":166,"column":51}},"68":{"start":{"line":167,"column":24},"end":{"line":167,"column":37}},"69":{"start":{"line":170,"column":28},"end":{"line":170,"column":41}},"70":{"start":{"line":187,"column":8},"end":{"line":187,"column":27}},"71":{"start":{"line":188,"column":8},"end":{"line":200,"column":10}},"72":{"start":{"line":189,"column":12},"end":{"line":199,"column":13}},"73":{"start":{"line":191,"column":16},"end":{"line":191,"column":38}},"74":{"start":{"line":193,"column":17},"end":{"line":199,"column":13}},"75":{"start":{"line":194,"column":16},"end":{"line":194,"column":38}},"76":{"start":{"line":197,"column":16},"end":{"line":197,"column":56}},"77":{"start":{"line":198,"column":16},"end":{"line":198,"column":43}},"78":{"start":{"line":211,"column":8},"end":{"line":246,"column":10}},"79":{"start":{"line":212,"column":12},"end":{"line":245,"column":14}},"80":{"start":{"line":213,"column":16},"end":{"line":244,"column":17}},"81":{"start":{"line":215,"column":20},"end":{"line":215,"column":33}},"82":{"start":{"line":217,"column":21},"end":{"line":244,"column":17}},"83":{"start":{"line":218,"column":20},"end":{"line":218,"column":34}},"84":{"start":{"line":222,"column":20},"end":{"line":222,"column":48}},"85":{"start":{"line":223,"column":20},"end":{"line":242,"column":22}},"86":{"start":{"line":224,"column":24},"end":{"line":240,"column":25}},"87":{"start":{"line":226,"column":28},"end":{"line":226,"column":41}},"88":{"start":{"line":230,"column":28},"end":{"line":230,"column":63}},"89":{"start":{"line":231,"column":50},"end":{"line":231,"column":63}},"90":{"start":{"line":232,"column":28},"end":{"line":239,"column":30}},"91":{"start":{"line":233,"column":32},"end":{"line":233,"column":58}},"92":{"start":{"line":234,"column":32},"end":{"line":234,"column":46}},"93":{"start":{"line":237,"column":32},"end":{"line":237,"column":59}},"94":{"start":{"line":238,"column":32},"end":{"line":238,"column":45}},"95":{"start":{"line":251,"column":8},"end":{"line":272,"column":10}},"96":{"start":{"line":252,"column":12},"end":{"line":271,"column":13}},"97":{"start":{"line":253,"column":16},"end":{"line":270,"column":17}},"98":{"start":{"line":255,"column":20},"end":{"line":255,"column":33}},"99":{"start":{"line":257,"column":21},"end":{"line":270,"column":17}},"100":{"start":{"line":258,"column":20},"end":{"line":258,"column":34}},"101":{"start":{"line":262,"column":20},"end":{"line":269,"column":22}},"102":{"start":{"line":263,"column":24},"end":{"line":263,"column":50}},"103":{"start":{"line":264,"column":24},"end":{"line":264,"column":38}},"104":{"start":{"line":267,"column":24},"end":{"line":267,"column":51}},"105":{"start":{"line":268,"column":24},"end":{"line":268,"column":37}},"106":{"start":{"line":276,"column":0},"end":{"line":276,"column":32}}},"fnMap":{"0":{"name":"(anonymous_0)","decl":{"start":{"line":22,"column":4},"end":{"line":22,"column":5}},"loc":{"start":{"line":23,"column":4},"end":{"line":64,"column":5}},"line":23},"1":{"name":"(anonymous_1)","decl":{"start":{"line":26,"column":27},"end":{"line":26,"column":28}},"loc":{"start":{"line":27,"column":8},"end":{"line":63,"column":9}},"line":27},"2":{"name":"(anonymous_2)","decl":{"start":{"line":28,"column":57},"end":{"line":28,"column":58}},"loc":{"start":{"line":28,"column":71},"end":{"line":62,"column":13}},"line":28},"3":{"name":"(anonymous_3)","decl":{"start":{"line":35,"column":60},"end":{"line":35,"column":61}},"loc":{"start":{"line":35,"column":87},"end":{"line":53,"column":21}},"line":35},"4":{"name":"(anonymous_4)","decl":{"start":{"line":45,"column":34},"end":{"line":45,"column":35}},"loc":{"start":{"line":45,"column":42},"end":{"line":48,"column":29}},"line":45},"5":{"name":"(anonymous_5)","decl":{"start":{"line":49,"column":35},"end":{"line":49,"column":36}},"loc":{"start":{"line":49,"column":40},"end":{"line":51,"column":29}},"line":49},"6":{"name":"(anonymous_6)","decl":{"start":{"line":72,"column":4},"end":{"line":72,"column":5}},"loc":{"start":{"line":73,"column":4},"end":{"line":122,"column":5}},"line":73},"7":{"name":"(anonymous_7)","decl":{"start":{"line":76,"column":50},"end":{"line":76,"column":51}},"loc":{"start":{"line":76,"column":64},"end":{"line":120,"column":13}},"line":76},"8":{"name":"(anonymous_8)","decl":{"start":{"line":92,"column":74},"end":{"line":92,"column":75}},"loc":{"start":{"line":92,"column":91},"end":{"line":111,"column":21}},"line":92},"9":{"name":"(anonymous_9)","decl":{"start":{"line":130,"column":4},"end":{"line":130,"column":5}},"loc":{"start":{"line":131,"column":4},"end":{"line":141,"column":5}},"line":131},"10":{"name":"(anonymous_10)","decl":{"start":{"line":133,"column":27},"end":{"line":133,"column":28}},"loc":{"start":{"line":133,"column":51},"end":{"line":140,"column":9}},"line":133},"11":{"name":"(anonymous_11)","decl":{"start":{"line":134,"column":89},"end":{"line":134,"column":90}},"loc":{"start":{"line":134,"column":95},"end":{"line":136,"column":13}},"line":134},"12":{"name":"(anonymous_12)","decl":{"start":{"line":137,"column":19},"end":{"line":137,"column":20}},"loc":{"start":{"line":137,"column":26},"end":{"line":139,"column":13}},"line":137},"13":{"name":"(anonymous_13)","decl":{"start":{"line":151,"column":4},"end":{"line":151,"column":5}},"loc":{"start":{"line":151,"column":51},"end":{"line":175,"column":5}},"line":151},"14":{"name":"(anonymous_14)","decl":{"start":{"line":155,"column":27},"end":{"line":155,"column":28}},"loc":{"start":{"line":155,"column":54},"end":{"line":174,"column":9}},"line":155},"15":{"name":"(anonymous_15)","decl":{"start":{"line":156,"column":58},"end":{"line":156,"column":59}},"loc":{"start":{"line":156,"column":75},"end":{"line":173,"column":13}},"line":156},"16":{"name":"(anonymous_16)","decl":{"start":{"line":165,"column":179},"end":{"line":165,"column":180}},"loc":{"start":{"line":165,"column":187},"end":{"line":168,"column":21}},"line":165},"17":{"name":"(anonymous_17)","decl":{"start":{"line":169,"column":31},"end":{"line":169,"column":32}},"loc":{"start":{"line":169,"column":40},"end":{"line":171,"column":25}},"line":169},"18":{"name":"(anonymous_18)","decl":{"start":{"line":185,"column":4},"end":{"line":185,"column":5}},"loc":{"start":{"line":186,"column":4},"end":{"line":201,"column":5}},"line":186},"19":{"name":"(anonymous_19)","decl":{"start":{"line":188,"column":50},"end":{"line":188,"column":51}},"loc":{"start":{"line":188,"column":64},"end":{"line":200,"column":9}},"line":188},"20":{"name":"(anonymous_20)","decl":{"start":{"line":209,"column":4},"end":{"line":209,"column":5}},"loc":{"start":{"line":210,"column":4},"end":{"line":247,"column":5}},"line":210},"21":{"name":"(anonymous_21)","decl":{"start":{"line":211,"column":27},"end":{"line":211,"column":28}},"loc":{"start":{"line":211,"column":51},"end":{"line":246,"column":9}},"line":211},"22":{"name":"(anonymous_22)","decl":{"start":{"line":212,"column":49},"end":{"line":212,"column":50}},"loc":{"start":{"line":212,"column":63},"end":{"line":245,"column":13}},"line":212},"23":{"name":"(anonymous_23)","decl":{"start":{"line":223,"column":60},"end":{"line":223,"column":61}},"loc":{"start":{"line":223,"column":83},"end":{"line":242,"column":21}},"line":223},"24":{"name":"(anonymous_24)","decl":{"start":{"line":232,"column":99},"end":{"line":232,"column":100}},"loc":{"start":{"line":232,"column":105},"end":{"line":235,"column":29}},"line":232},"25":{"name":"(anonymous_25)","decl":{"start":{"line":236,"column":35},"end":{"line":236,"column":36}},"loc":{"start":{"line":236,"column":42},"end":{"line":239,"column":29}},"line":236},"26":{"name":"(anonymous_26)","decl":{"start":{"line":249,"column":4},"end":{"line":249,"column":5}},"loc":{"start":{"line":250,"column":4},"end":{"line":273,"column":5}},"line":250},"27":{"name":"(anonymous_27)","decl":{"start":{"line":251,"column":27},"end":{"line":251,"column":28}},"loc":{"start":{"line":251,"column":51},"end":{"line":272,"column":9}},"line":251},"28":{"name":"(anonymous_28)","decl":{"start":{"line":252,"column":49},"end":{"line":252,"column":50}},"loc":{"start":{"line":252,"column":63},"end":{"line":271,"column":12}},"line":252},"29":{"name":"(anonymous_29)","decl":{"start":{"line":262,"column":92},"end":{"line":262,"column":93}},"loc":{"start":{"line":262,"column":98},"end":{"line":265,"column":21}},"line":262},"30":{"name":"(anonymous_30)","decl":{"start":{"line":266,"column":27},"end":{"line":266,"column":28}},"loc":{"start":{"line":266,"column":34},"end":{"line":269,"column":21}},"line":266}},"branchMap":{"0":{"loc":{"start":{"line":29,"column":16},"end":{"line":61,"column":17}},"type":"if","locations":[{"start":{"line":29,"column":16},"end":{"line":61,"column":17}},{"start":{"line":29,"column":16},"end":{"line":61,"column":17}}],"line":29},"1":{"loc":{"start":{"line":33,"column":21},"end":{"line":61,"column":17}},"type":"if","locations":[{"start":{"line":33,"column":21},"end":{"line":61,"column":17}},{"start":{"line":33,"column":21},"end":{"line":61,"column":17}}],"line":33},"2":{"loc":{"start":{"line":36,"column":24},"end":{"line":52,"column":25}},"type":"if","locations":[{"start":{"line":36,"column":24},"end":{"line":52,"column":25}},{"start":{"line":36,"column":24},"end":{"line":52,"column":25}}],"line":36},"3":{"loc":{"start":{"line":77,"column":12},"end":{"line":119,"column":17}},"type":"if","locations":[{"start":{"line":77,"column":12},"end":{"line":119,"column":17}},{"start":{"line":77,"column":12},"end":{"line":119,"column":17}}],"line":77},"4":{"loc":{"start":{"line":81,"column":17},"end":{"line":119,"column":17}},"type":"if","locations":[{"start":{"line":81,"column":17},"end":{"line":119,"column":17}},{"start":{"line":81,"column":17},"end":{"line":119,"column":17}}],"line":81},"5":{"loc":{"start":{"line":88,"column":17},"end":{"line":119,"column":17}},"type":"if","locations":[{"start":{"line":88,"column":17},"end":{"line":119,"column":17}},{"start":{"line":88,"column":17},"end":{"line":119,"column":17}}],"line":88},"6":{"loc":{"start":{"line":94,"column":24},"end":{"line":110,"column":25}},"type":"if","locations":[{"start":{"line":94,"column":24},"end":{"line":110,"column":25}},{"start":{"line":94,"column":24},"end":{"line":110,"column":25}}],"line":94},"7":{"loc":{"start":{"line":98,"column":29},"end":{"line":110,"column":25}},"type":"if","locations":[{"start":{"line":98,"column":29},"end":{"line":110,"column":25}},{"start":{"line":98,"column":29},"end":{"line":110,"column":25}}],"line":98},"8":{"loc":{"start":{"line":157,"column":16},"end":{"line":172,"column":17}},"type":"if","locations":[{"start":{"line":157,"column":16},"end":{"line":172,"column":17}},{"start":{"line":157,"column":16},"end":{"line":172,"column":17}}],"line":157},"9":{"loc":{"start":{"line":160,"column":21},"end":{"line":172,"column":17}},"type":"if","locations":[{"start":{"line":160,"column":21},"end":{"line":172,"column":17}},{"start":{"line":160,"column":21},"end":{"line":172,"column":17}}],"line":160},"10":{"loc":{"start":{"line":189,"column":12},"end":{"line":199,"column":13}},"type":"if","locations":[{"start":{"line":189,"column":12},"end":{"line":199,"column":13}},{"start":{"line":189,"column":12},"end":{"line":199,"column":13}}],"line":189},"11":{"loc":{"start":{"line":193,"column":17},"end":{"line":199,"column":13}},"type":"if","locations":[{"start":{"line":193,"column":17},"end":{"line":199,"column":13}},{"start":{"line":193,"column":17},"end":{"line":199,"column":13}}],"line":193},"12":{"loc":{"start":{"line":213,"column":16},"end":{"line":244,"column":17}},"type":"if","locations":[{"start":{"line":213,"column":16},"end":{"line":244,"column":17}},{"start":{"line":213,"column":16},"end":{"line":244,"column":17}}],"line":213},"13":{"loc":{"start":{"line":217,"column":21},"end":{"line":244,"column":17}},"type":"if","locations":[{"start":{"line":217,"column":21},"end":{"line":244,"column":17}},{"start":{"line":217,"column":21},"end":{"line":244,"column":17}}],"line":217},"14":{"loc":{"start":{"line":224,"column":24},"end":{"line":240,"column":25}},"type":"if","locations":[{"start":{"line":224,"column":24},"end":{"line":240,"column":25}},{"start":{"line":224,"column":24},"end":{"line":240,"column":25}}],"line":224},"15":{"loc":{"start":{"line":253,"column":16},"end":{"line":270,"column":17}},"type":"if","locations":[{"start":{"line":253,"column":16},"end":{"line":270,"column":17}},{"start":{"line":253,"column":16},"end":{"line":270,"column":17}}],"line":253},"16":{"loc":{"start":{"line":257,"column":21},"end":{"line":270,"column":17}},"type":"if","locations":[{"start":{"line":257,"column":21},"end":{"line":270,"column":17}},{"start":{"line":257,"column":21},"end":{"line":270,"column":17}}],"line":257}},"s":{"0":1,"1":1,"2":1,"3":1,"4":0,"5":0,"6":0,"7":0,"8":0,"9":0,"10":0,"11":0,"12":0,"13":0,"14":0,"15":0,"16":0,"17":0,"18":0,"19":0,"20":0,"21":0,"22":0,"23":0,"24":0,"25":0,"26":0,"27":0,"28":0,"29":0,"30":0,"31":0,"32":0,"33":0,"34":0,"35":0,"36":0,"37":0,"38":0,"39":0,"40":0,"41":0,"42":0,"43":0,"44":0,"45":0,"46":0,"47":0,"48":0,"49":0,"50":0,"51":0,"52":0,"53":0,"54":0,"55":0,"56":0,"57":0,"58":0,"59":0,"60":0,"61":0,"62":0,"63":0,"64":0,"65":0,"66":0,"67":0,"68":0,"69":0,"70":2,"71":2,"72":2,"73":0,"74":2,"75":0,"76":2,"77":2,"78":0,"79":0,"80":0,"81":0,"82":0,"83":0,"84":0,"85":0,"86":0,"87":0,"88":0,"89":0,"90":0,"91":0,"92":0,"93":0,"94":0,"95":0,"96":0,"97":0,"98":0,"99":0,"100":0,"101":0,"102":0,"103":0,"104":0,"105":0,"106":1},"f":{"0":0,"1":0,"2":0,"3":0,"4":0,"5":0,"6":0,"7":0,"8":0,"9":0,"10":0,"11":0,"12":0,"13":0,"14":0,"15":0,"16":0,"17":0,"18":2,"19":2,"20":0,"21":0,"22":0,"23":0,"24":0,"25":0,"26":0,"27":0,"28":0,"29":0,"30":0},"b":{"0":[0,0],"1":[0,0],"2":[0,0],"3":[0,0],"4":[0,0],"5":[0,0],"6":[0,0],"7":[0,0],"8":[0,0],"9":[0,0],"10":[0,2],"11":[0,2],"12":[0,0],"13":[0,0],"14":[0,0],"15":[0,0],"16":[0,0]},"_coverageSchema":"1a1c01bbd47fc00a2c39e90264f33305004495a9","hash":"66855a2f99ab93f8fc4a9833c8e818b776241286","contentHash":"c0c5562b2bb26bcfb07cb9f577083123b4b35060286b5fb2118ff29c26a0ed76"},"/home/admin1/Fundoo/backend/app/model/user.js":{"path":"/home/admin1/Fundoo/backend/app/model/user.js","statementMap":{"0":{"start":{"line":15,"column":17},"end":{"line":15,"column":36}},"1":{"start":{"line":16,"column":19},"end":{"line":16,"column":50}},"2":{"start":{"line":17,"column":19},"end":{"line":59,"column":2}},"3":{"start":{"line":61,"column":11},"end":{"line":61,"column":45}},"4":{"start":{"line":75,"column":8},"end":{"line":92,"column":10}},"5":{"start":{"line":77,"column":12},"end":{"line":91,"column":13}},"6":{"start":{"line":80,"column":16},"end":{"line":80,"column":60}},"7":{"start":{"line":82,"column":17},"end":{"line":91,"column":13}},"8":{"start":{"line":84,"column":16},"end":{"line":84,"column":51}},"9":{"start":{"line":85,"column":16},"end":{"line":85,"column":44}},"10":{"start":{"line":90,"column":16},"end":{"line":90,"column":43}},"11":{"start":{"line":105,"column":8},"end":{"line":113,"column":10}},"12":{"start":{"line":106,"column":12},"end":{"line":112,"column":14}},"13":{"start":{"line":108,"column":16},"end":{"line":108,"column":29}},"14":{"start":{"line":111,"column":16},"end":{"line":111,"column":29}},"15":{"start":{"line":138,"column":25},"end":{"line":143,"column":10}},"16":{"start":{"line":144,"column":8},"end":{"line":151,"column":10}},"17":{"start":{"line":145,"column":12},"end":{"line":150,"column":14}},"18":{"start":{"line":146,"column":16},"end":{"line":146,"column":29}},"19":{"start":{"line":149,"column":16},"end":{"line":149,"column":29}},"20":{"start":{"line":156,"column":0},"end":{"line":156,"column":27}}},"fnMap":{"0":{"name":"(anonymous_0)","decl":{"start":{"line":72,"column":4},"end":{"line":72,"column":5}},"loc":{"start":{"line":73,"column":4},"end":{"line":93,"column":5}},"line":73},"1":{"name":"(anonymous_1)","decl":{"start":{"line":75,"column":29},"end":{"line":75,"column":30}},"loc":{"start":{"line":75,"column":43},"end":{"line":92,"column":9}},"line":75},"2":{"name":"(anonymous_2)","decl":{"start":{"line":102,"column":4},"end":{"line":102,"column":5}},"loc":{"start":{"line":103,"column":4},"end":{"line":127,"column":5}},"line":103},"3":{"name":"(anonymous_3)","decl":{"start":{"line":105,"column":27},"end":{"line":105,"column":28}},"loc":{"start":{"line":105,"column":51},"end":{"line":113,"column":9}},"line":105},"4":{"name":"(anonymous_4)","decl":{"start":{"line":106,"column":74},"end":{"line":106,"column":75}},"loc":{"start":{"line":106,"column":80},"end":{"line":109,"column":13}},"line":106},"5":{"name":"(anonymous_5)","decl":{"start":{"line":110,"column":19},"end":{"line":110,"column":20}},"loc":{"start":{"line":110,"column":26},"end":{"line":112,"column":13}},"line":110},"6":{"name":"(anonymous_6)","decl":{"start":{"line":134,"column":4},"end":{"line":134,"column":5}},"loc":{"start":{"line":135,"column":4},"end":{"line":152,"column":5}},"line":135},"7":{"name":"(anonymous_7)","decl":{"start":{"line":144,"column":27},"end":{"line":144,"column":28}},"loc":{"start":{"line":144,"column":54},"end":{"line":151,"column":9}},"line":144},"8":{"name":"(anonymous_8)","decl":{"start":{"line":145,"column":35},"end":{"line":145,"column":36}},"loc":{"start":{"line":145,"column":45},"end":{"line":147,"column":13}},"line":145},"9":{"name":"(anonymous_9)","decl":{"start":{"line":148,"column":19},"end":{"line":148,"column":20}},"loc":{"start":{"line":148,"column":30},"end":{"line":150,"column":13}},"line":148}},"branchMap":{"0":{"loc":{"start":{"line":77,"column":12},"end":{"line":91,"column":13}},"type":"if","locations":[{"start":{"line":77,"column":12},"end":{"line":91,"column":13}},{"start":{"line":77,"column":12},"end":{"line":91,"column":13}}],"line":77},"1":{"loc":{"start":{"line":82,"column":17},"end":{"line":91,"column":13}},"type":"if","locations":[{"start":{"line":82,"column":17},"end":{"line":91,"column":13}},{"start":{"line":82,"column":17},"end":{"line":91,"column":13}}],"line":82}},"s":{"0":1,"1":1,"2":1,"3":1,"4":2,"5":2,"6":0,"7":2,"8":0,"9":0,"10":2,"11":0,"12":0,"13":0,"14":0,"15":0,"16":0,"17":0,"18":0,"19":0,"20":1},"f":{"0":2,"1":2,"2":0,"3":0,"4":0,"5":0,"6":0,"7":0,"8":0,"9":0},"b":{"0":[0,2],"1":[0,2]},"_coverageSchema":"1a1c01bbd47fc00a2c39e90264f33305004495a9","hash":"ed75441f6e66e8ac2875ff14cf9f328e77d96da3","contentHash":"25a39155150460537d7a4cbd05849c122735ab4f68d3f4f9b021eb164a40827a"},"/home/admin1/Fundoo/backend/utility/bcrypt.js":{"path":"/home/admin1/Fundoo/backend/utility/bcrypt.js","statementMap":{"0":{"start":{"line":12,"column":17},"end":{"line":12,"column":34}},"1":{"start":{"line":14,"column":0},"end":{"line":58,"column":1}},"2":{"start":{"line":22,"column":8},"end":{"line":22,"column":36}},"3":{"start":{"line":23,"column":8},"end":{"line":32,"column":10}},"4":{"start":{"line":24,"column":12},"end":{"line":31,"column":13}},"5":{"start":{"line":25,"column":16},"end":{"line":25,"column":33}},"6":{"start":{"line":26,"column":16},"end":{"line":26,"column":37}},"7":{"start":{"line":29,"column":16},"end":{"line":29,"column":43}},"8":{"start":{"line":30,"column":16},"end":{"line":30,"column":44}},"9":{"start":{"line":44,"column":8},"end":{"line":56,"column":10}},"10":{"start":{"line":45,"column":12},"end":{"line":55,"column":13}},"11":{"start":{"line":47,"column":16},"end":{"line":47,"column":39}},"12":{"start":{"line":51,"column":29},"end":{"line":51,"column":31}},"13":{"start":{"line":52,"column":16},"end":{"line":52,"column":39}},"14":{"start":{"line":53,"column":16},"end":{"line":53,"column":48}},"15":{"start":{"line":54,"column":16},"end":{"line":54,"column":43}}},"fnMap":{"0":{"name":"(anonymous_0)","decl":{"start":{"line":21,"column":4},"end":{"line":21,"column":5}},"loc":{"start":{"line":21,"column":39},"end":{"line":33,"column":5}},"line":21},"1":{"name":"(anonymous_1)","decl":{"start":{"line":23,"column":33},"end":{"line":23,"column":34}},"loc":{"start":{"line":23,"column":48},"end":{"line":32,"column":9}},"line":23},"2":{"name":"(anonymous_2)","decl":{"start":{"line":43,"column":4},"end":{"line":43,"column":5}},"loc":{"start":{"line":43,"column":42},"end":{"line":57,"column":5}},"line":43},"3":{"name":"(anonymous_3)","decl":{"start":{"line":44,"column":36},"end":{"line":44,"column":37}},"loc":{"start":{"line":44,"column":50},"end":{"line":56,"column":9}},"line":44}},"branchMap":{"0":{"loc":{"start":{"line":24,"column":12},"end":{"line":31,"column":13}},"type":"if","locations":[{"start":{"line":24,"column":12},"end":{"line":31,"column":13}},{"start":{"line":24,"column":12},"end":{"line":31,"column":13}}],"line":24},"1":{"loc":{"start":{"line":45,"column":12},"end":{"line":55,"column":13}},"type":"if","locations":[{"start":{"line":45,"column":12},"end":{"line":55,"column":13}},{"start":{"line":45,"column":12},"end":{"line":55,"column":13}}],"line":45}},"s":{"0":1,"1":1,"2":0,"3":0,"4":0,"5":0,"6":0,"7":0,"8":0,"9":0,"10":0,"11":0,"12":0,"13":0,"14":0,"15":0},"f":{"0":0,"1":0,"2":0,"3":0},"b":{"0":[0,0],"1":[0,0]},"_coverageSchema":"1a1c01bbd47fc00a2c39e90264f33305004495a9","hash":"491355eeb567717270dd19561ffe45ee321510cf","contentHash":"bef378c0825fad6a050e1c2b55ddfd718e79a51760e38de4d9549c2a44f504f3"},"/home/admin1/Fundoo/backend/auth/jwtToken.js":{"path":"/home/admin1/Fundoo/backend/auth/jwtToken.js","statementMap":{"0":{"start":{"line":11,"column":12},"end":{"line":11,"column":35}},"1":{"start":{"line":12,"column":12},"end":{"line":12,"column":28}},"2":{"start":{"line":13,"column":13},"end":{"line":13,"column":33}},"3":{"start":{"line":14,"column":13},"end":{"line":14,"column":41}},"4":{"start":{"line":16,"column":0},"end":{"line":111,"column":1}},"5":{"start":{"line":23,"column":8},"end":{"line":23,"column":40}},"6":{"start":{"line":24,"column":20},"end":{"line":24,"column":52}},"7":{"start":{"line":25,"column":8},"end":{"line":25,"column":36}},"8":{"start":{"line":26,"column":8},"end":{"line":26,"column":21}},"9":{"start":{"line":37,"column":8},"end":{"line":108,"column":9}},"10":{"start":{"line":38,"column":12},"end":{"line":38,"column":83}},"11":{"start":{"line":38,"column":55},"end":{"line":38,"column":83}},"12":{"start":{"line":40,"column":24},"end":{"line":40,"column":55}},"13":{"start":{"line":41,"column":12},"end":{"line":41,"column":67}},"14":{"start":{"line":42,"column":12},"end":{"line":104,"column":13}},"15":{"start":{"line":43,"column":16},"end":{"line":100,"column":18}},"16":{"start":{"line":44,"column":20},"end":{"line":99,"column":21}},"17":{"start":{"line":45,"column":24},"end":{"line":45,"column":78}},"18":{"start":{"line":48,"column":36},"end":{"line":48,"column":54}},"19":{"start":{"line":49,"column":24},"end":{"line":49,"column":57}},"20":{"start":{"line":51,"column":24},"end":{"line":82,"column":25}},"21":{"start":{"line":54,"column":36},"end":{"line":54,"column":62}},"22":{"start":{"line":55,"column":36},"end":{"line":55,"column":42}},"23":{"start":{"line":59,"column":36},"end":{"line":59,"column":61}},"24":{"start":{"line":60,"column":36},"end":{"line":60,"column":42}},"25":{"start":{"line":64,"column":36},"end":{"line":64,"column":61}},"26":{"start":{"line":65,"column":36},"end":{"line":65,"column":42}},"27":{"start":{"line":69,"column":36},"end":{"line":69,"column":68}},"28":{"start":{"line":70,"column":36},"end":{"line":70,"column":42}},"29":{"start":{"line":74,"column":36},"end":{"line":74,"column":61}},"30":{"start":{"line":75,"column":36},"end":{"line":75,"column":42}},"31":{"start":{"line":79,"column":36},"end":{"line":79,"column":61}},"32":{"start":{"line":80,"column":36},"end":{"line":80,"column":42}},"33":{"start":{"line":83,"column":24},"end":{"line":83,"column":51}},"34":{"start":{"line":84,"column":24},"end":{"line":84,"column":44}},"35":{"start":{"line":85,"column":24},"end":{"line":86,"column":49}},"36":{"start":{"line":87,"column":24},"end":{"line":87,"column":82}},"37":{"start":{"line":88,"column":24},"end":{"line":98,"column":26}},"38":{"start":{"line":89,"column":28},"end":{"line":97,"column":29}},"39":{"start":{"line":90,"column":32},"end":{"line":90,"column":80}},"40":{"start":{"line":91,"column":35},"end":{"line":97,"column":29}},"41":{"start":{"line":92,"column":32},"end":{"line":92,"column":73}},"42":{"start":{"line":93,"column":32},"end":{"line":93,"column":39}},"43":{"start":{"line":96,"column":32},"end":{"line":96,"column":85}},"44":{"start":{"line":103,"column":16},"end":{"line":103,"column":58}},"45":{"start":{"line":107,"column":12},"end":{"line":107,"column":51}}},"fnMap":{"0":{"name":"(anonymous_0)","decl":{"start":{"line":22,"column":4},"end":{"line":22,"column":5}},"loc":{"start":{"line":22,"column":27},"end":{"line":27,"column":5}},"line":22},"1":{"name":"(anonymous_1)","decl":{"start":{"line":36,"column":4},"end":{"line":36,"column":5}},"loc":{"start":{"line":36,"column":32},"end":{"line":110,"column":5}},"line":36},"2":{"name":"(anonymous_2)","decl":{"start":{"line":43,"column":49},"end":{"line":43,"column":50}},"loc":{"start":{"line":43,"column":73},"end":{"line":100,"column":17}},"line":43},"3":{"name":"(anonymous_3)","decl":{"start":{"line":88,"column":66},"end":{"line":88,"column":67}},"loc":{"start":{"line":88,"column":84},"end":{"line":98,"column":25}},"line":88}},"branchMap":{"0":{"loc":{"start":{"line":38,"column":12},"end":{"line":38,"column":83}},"type":"if","locations":[{"start":{"line":38,"column":12},"end":{"line":38,"column":83}},{"start":{"line":38,"column":12},"end":{"line":38,"column":83}}],"line":38},"1":{"loc":{"start":{"line":38,"column":16},"end":{"line":38,"column":53}},"type":"binary-expr","locations":[{"start":{"line":38,"column":16},"end":{"line":38,"column":30}},{"start":{"line":38,"column":34},"end":{"line":38,"column":53}}],"line":38},"2":{"loc":{"start":{"line":40,"column":24},"end":{"line":40,"column":55}},"type":"binary-expr","locations":[{"start":{"line":40,"column":24},"end":{"line":40,"column":41}},{"start":{"line":40,"column":45},"end":{"line":40,"column":55}}],"line":40},"3":{"loc":{"start":{"line":42,"column":12},"end":{"line":104,"column":13}},"type":"if","locations":[{"start":{"line":42,"column":12},"end":{"line":104,"column":13}},{"start":{"line":42,"column":12},"end":{"line":104,"column":13}}],"line":42},"4":{"loc":{"start":{"line":44,"column":20},"end":{"line":99,"column":21}},"type":"if","locations":[{"start":{"line":44,"column":20},"end":{"line":99,"column":21}},{"start":{"line":44,"column":20},"end":{"line":99,"column":21}}],"line":44},"5":{"loc":{"start":{"line":51,"column":24},"end":{"line":82,"column":25}},"type":"switch","locations":[{"start":{"line":52,"column":28},"end":{"line":56,"column":33}},{"start":{"line":57,"column":28},"end":{"line":61,"column":33}},{"start":{"line":62,"column":28},"end":{"line":66,"column":33}},{"start":{"line":67,"column":28},"end":{"line":71,"column":33}},{"start":{"line":72,"column":28},"end":{"line":76,"column":33}},{"start":{"line":77,"column":28},"end":{"line":81,"column":33}}],"line":51},"6":{"loc":{"start":{"line":89,"column":28},"end":{"line":97,"column":29}},"type":"if","locations":[{"start":{"line":89,"column":28},"end":{"line":97,"column":29}},{"start":{"line":89,"column":28},"end":{"line":97,"column":29}}],"line":89},"7":{"loc":{"start":{"line":91,"column":35},"end":{"line":97,"column":29}},"type":"if","locations":[{"start":{"line":91,"column":35},"end":{"line":97,"column":29}},{"start":{"line":91,"column":35},"end":{"line":97,"column":29}}],"line":91}},"s":{"0":1,"1":1,"2":1,"3":1,"4":1,"5":2,"6":2,"7":2,"8":2,"9":0,"10":0,"11":0,"12":0,"13":0,"14":0,"15":0,"16":0,"17":0,"18":0,"19":0,"20":0,"21":0,"22":0,"23":0,"24":0,"25":0,"26":0,"27":0,"28":0,"29":0,"30":0,"31":0,"32":0,"33":0,"34":0,"35":0,"36":0,"37":0,"38":0,"39":0,"40":0,"41":0,"42":0,"43":0,"44":0,"45":0},"f":{"0":2,"1":0,"2":0,"3":0},"b":{"0":[0,0],"1":[0,0],"2":[0,0],"3":[0,0],"4":[0,0],"5":[0,0,0,0,0,0],"6":[0,0],"7":[0,0]},"_coverageSchema":"1a1c01bbd47fc00a2c39e90264f33305004495a9","hash":"cc75a2dfeb3a6eefd8e8b996a1cbd39308c7317c","contentHash":"54b31e34a6b677e295ba6017f66d5e07d5b4cdc0eaa0a98de71438821edde7cf"},"/home/admin1/Fundoo/backend/utility/nodeMailer.js":{"path":"/home/admin1/Fundoo/backend/utility/nodeMailer.js","statementMap":{"0":{"start":{"line":11,"column":19},"end":{"line":11,"column":40}},"1":{"start":{"line":12,"column":0},"end":{"line":12,"column":27}},"2":{"start":{"line":13,"column":14},"end":{"line":13,"column":42}},"3":{"start":{"line":14,"column":0},"end":{"line":55,"column":1}},"4":{"start":{"line":23,"column":8},"end":{"line":23,"column":39}},"5":{"start":{"line":24,"column":8},"end":{"line":24,"column":42}},"6":{"start":{"line":25,"column":8},"end":{"line":25,"column":36}},"7":{"start":{"line":26,"column":8},"end":{"line":26,"column":33}},"8":{"start":{"line":27,"column":26},"end":{"line":33,"column":10}},"9":{"start":{"line":35,"column":28},"end":{"line":40,"column":9}},"10":{"start":{"line":42,"column":8},"end":{"line":52,"column":12}},"11":{"start":{"line":43,"column":12},"end":{"line":51,"column":13}},"12":{"start":{"line":45,"column":16},"end":{"line":45,"column":33}},"13":{"start":{"line":46,"column":16},"end":{"line":46,"column":26}},"14":{"start":{"line":49,"column":16},"end":{"line":49,"column":34}},"15":{"start":{"line":50,"column":16},"end":{"line":50,"column":27}}},"fnMap":{"0":{"name":"(anonymous_0)","decl":{"start":{"line":21,"column":4},"end":{"line":21,"column":5}},"loc":{"start":{"line":22,"column":4},"end":{"line":53,"column":5}},"line":22},"1":{"name":"(anonymous_1)","decl":{"start":{"line":42,"column":42},"end":{"line":42,"column":43}},"loc":{"start":{"line":42,"column":63},"end":{"line":52,"column":10}},"line":42}},"branchMap":{"0":{"loc":{"start":{"line":43,"column":12},"end":{"line":51,"column":13}},"type":"if","locations":[{"start":{"line":43,"column":12},"end":{"line":51,"column":13}},{"start":{"line":43,"column":12},"end":{"line":51,"column":13}}],"line":43}},"s":{"0":1,"1":1,"2":1,"3":1,"4":2,"5":2,"6":2,"7":2,"8":2,"9":2,"10":2,"11":2,"12":0,"13":0,"14":2,"15":2},"f":{"0":2,"1":2},"b":{"0":[0,2]},"_coverageSchema":"1a1c01bbd47fc00a2c39e90264f33305004495a9","hash":"910e4b96870b0fb55eca02b9c04b920fbdfee62a","contentHash":"3c82312617779e108738d57d33ba38794a3c97457735619df43727793d0b1b99"},"/home/admin1/Fundoo/backend/utility/urlShortner.js":{"path":"/home/admin1/Fundoo/backend/utility/urlShortner.js","statementMap":{"0":{"start":{"line":11,"column":20},"end":{"line":11,"column":38}},"1":{"start":{"line":12,"column":17},"end":{"line":12,"column":40}},"2":{"start":{"line":13,"column":14},"end":{"line":13,"column":41}},"3":{"start":{"line":14,"column":14},"end":{"line":14,"column":42}},"4":{"start":{"line":15,"column":0},"end":{"line":15,"column":28}},"5":{"start":{"line":16,"column":0},"end":{"line":67,"column":1}},"6":{"start":{"line":26,"column":8},"end":{"line":65,"column":9}},"7":{"start":{"line":28,"column":27},"end":{"line":28,"column":56}},"8":{"start":{"line":29,"column":27},"end":{"line":29,"column":63}},"9":{"start":{"line":31,"column":37},"end":{"line":35,"column":13}},"10":{"start":{"line":36,"column":12},"end":{"line":36,"column":53}},"11":{"start":{"line":37,"column":12},"end":{"line":45,"column":14}},"12":{"start":{"line":38,"column":16},"end":{"line":44,"column":18}},"13":{"start":{"line":39,"column":20},"end":{"line":39,"column":47}},"14":{"start":{"line":40,"column":20},"end":{"line":40,"column":33}},"15":{"start":{"line":42,"column":20},"end":{"line":42,"column":48}},"16":{"start":{"line":43,"column":20},"end":{"line":43,"column":33}},"17":{"start":{"line":63,"column":12},"end":{"line":63,"column":31}},"18":{"start":{"line":64,"column":12},"end":{"line":64,"column":35}}},"fnMap":{"0":{"name":"(anonymous_0)","decl":{"start":{"line":24,"column":4},"end":{"line":24,"column":5}},"loc":{"start":{"line":25,"column":4},"end":{"line":66,"column":5}},"line":25},"1":{"name":"(anonymous_1)","decl":{"start":{"line":37,"column":31},"end":{"line":37,"column":32}},"loc":{"start":{"line":37,"column":55},"end":{"line":45,"column":13}},"line":37},"2":{"name":"(anonymous_2)","decl":{"start":{"line":38,"column":76},"end":{"line":38,"column":77}},"loc":{"start":{"line":38,"column":82},"end":{"line":41,"column":17}},"line":38},"3":{"name":"(anonymous_3)","decl":{"start":{"line":41,"column":25},"end":{"line":41,"column":26}},"loc":{"start":{"line":41,"column":32},"end":{"line":44,"column":17}},"line":41}},"branchMap":{},"s":{"0":1,"1":1,"2":1,"3":1,"4":1,"5":1,"6":0,"7":0,"8":0,"9":0,"10":0,"11":0,"12":0,"13":0,"14":0,"15":0,"16":0,"17":0,"18":0},"f":{"0":0,"1":0,"2":0,"3":0},"b":{},"_coverageSchema":"1a1c01bbd47fc00a2c39e90264f33305004495a9","hash":"d899b099513290b5bd34171d4dff6da748ea6af7","contentHash":"2254a9b7041638f97c2a83fb453a75bbc0d83309721ff27996052412796f3010"},"/home/admin1/Fundoo/backend/services/s3.js":{"path":"/home/admin1/Fundoo/backend/services/s3.js","statementMap":{"0":{"start":{"line":1,"column":12},"end":{"line":1,"column":30}},"1":{"start":{"line":2,"column":15},"end":{"line":2,"column":32}},"2":{"start":{"line":3,"column":17},"end":{"line":3,"column":37}},"3":{"start":{"line":4,"column":0},"end":{"line":4,"column":26}},"4":{"start":{"line":5,"column":0},"end":{"line":9,"column":2}},"5":{"start":{"line":11,"column":11},"end":{"line":11,"column":23}},"6":{"start":{"line":12,"column":15},"end":{"line":25,"column":2}},"7":{"start":{"line":19,"column":12},"end":{"line":19,"column":51}},"8":{"start":{"line":22,"column":12},"end":{"line":22,"column":43}},"9":{"start":{"line":27,"column":0},"end":{"line":27,"column":24}}},"fnMap":{"0":{"name":"(anonymous_0)","decl":{"start":{"line":18,"column":18},"end":{"line":18,"column":19}},"loc":{"start":{"line":18,"column":43},"end":{"line":20,"column":9}},"line":18},"1":{"name":"(anonymous_1)","decl":{"start":{"line":21,"column":13},"end":{"line":21,"column":14}},"loc":{"start":{"line":21,"column":38},"end":{"line":23,"column":9}},"line":21}},"branchMap":{},"s":{"0":1,"1":1,"2":1,"3":1,"4":1,"5":1,"6":1,"7":0,"8":0,"9":1},"f":{"0":0,"1":0},"b":{},"_coverageSchema":"1a1c01bbd47fc00a2c39e90264f33305004495a9","hash":"44e4e5d5e2fcd0a5f55234a9c16aa75ef7466c02","contentHash":"31bb861aa00ae5ae2bcd8137b90efb8a10417f26b76bdde9d896112a6fbf04f3"},"/home/admin1/Fundoo/backend/controller/note.js":{"path":"/home/admin1/Fundoo/backend/controller/note.js","statementMap":{"0":{"start":{"line":1,"column":18},"end":{"line":1,"column":45}},"1":{"start":{"line":2,"column":13},"end":{"line":2,"column":41}},"2":{"start":{"line":6,"column":8},"end":{"line":6,"column":55}},"3":{"start":{"line":7,"column":8},"end":{"line":7,"column":53}},"4":{"start":{"line":8,"column":8},"end":{"line":65,"column":9}},"5":{"start":{"line":9,"column":12},"end":{"line":10,"column":50}},"6":{"start":{"line":10,"column":14},"end":{"line":10,"column":50}},"7":{"start":{"line":11,"column":12},"end":{"line":12,"column":55}},"8":{"start":{"line":12,"column":14},"end":{"line":12,"column":55}},"9":{"start":{"line":14,"column":12},"end":{"line":15,"column":37}},"10":{"start":{"line":16,"column":12},"end":{"line":17,"column":27}},"11":{"start":{"line":18,"column":12},"end":{"line":19,"column":37}},"12":{"start":{"line":20,"column":12},"end":{"line":21,"column":27}},"13":{"start":{"line":23,"column":12},"end":{"line":24,"column":45}},"14":{"start":{"line":25,"column":25},"end":{"line":25,"column":27}},"15":{"start":{"line":26,"column":25},"end":{"line":26,"column":51}},"16":{"start":{"line":27,"column":12},"end":{"line":61,"column":13}},"17":{"start":{"line":29,"column":16},"end":{"line":29,"column":38}},"18":{"start":{"line":30,"column":16},"end":{"line":30,"column":39}},"19":{"start":{"line":31,"column":16},"end":{"line":31,"column":57}},"20":{"start":{"line":34,"column":39},"end":{"line":38,"column":17}},"21":{"start":{"line":39,"column":16},"end":{"line":39,"column":64}},"22":{"start":{"line":40,"column":16},"end":{"line":60,"column":22}},"23":{"start":{"line":41,"column":20},"end":{"line":52,"column":21}},"24":{"start":{"line":42,"column":24},"end":{"line":42,"column":43}},"25":{"start":{"line":43,"column":24},"end":{"line":43,"column":46}},"26":{"start":{"line":44,"column":24},"end":{"line":44,"column":68}},"27":{"start":{"line":45,"column":24},"end":{"line":45,"column":65}},"28":{"start":{"line":48,"column":24},"end":{"line":48,"column":45}},"29":{"start":{"line":49,"column":24},"end":{"line":49,"column":47}},"30":{"start":{"line":50,"column":24},"end":{"line":50,"column":63}},"31":{"start":{"line":51,"column":24},"end":{"line":51,"column":65}},"32":{"start":{"line":56,"column":24},"end":{"line":56,"column":45}},"33":{"start":{"line":57,"column":24},"end":{"line":57,"column":47}},"34":{"start":{"line":58,"column":24},"end":{"line":58,"column":48}},"35":{"start":{"line":59,"column":24},"end":{"line":59,"column":65}},"36":{"start":{"line":64,"column":12},"end":{"line":64,"column":51}},"37":{"start":{"line":69,"column":21},"end":{"line":69,"column":23}},"38":{"start":{"line":70,"column":8},"end":{"line":70,"column":47}},"39":{"start":{"line":71,"column":8},"end":{"line":71,"column":46}},"40":{"start":{"line":72,"column":29},"end":{"line":74,"column":9}},"41":{"start":{"line":75,"column":8},"end":{"line":75,"column":72}},"42":{"start":{"line":76,"column":8},"end":{"line":97,"column":14}},"43":{"start":{"line":78,"column":16},"end":{"line":90,"column":17}},"44":{"start":{"line":79,"column":20},"end":{"line":79,"column":42}},"45":{"start":{"line":80,"column":20},"end":{"line":80,"column":54}},"46":{"start":{"line":81,"column":20},"end":{"line":81,"column":39}},"47":{"start":{"line":82,"column":20},"end":{"line":82,"column":60}},"48":{"start":{"line":84,"column":21},"end":{"line":90,"column":17}},"49":{"start":{"line":85,"column":20},"end":{"line":85,"column":68}},"50":{"start":{"line":86,"column":20},"end":{"line":86,"column":42}},"51":{"start":{"line":87,"column":20},"end":{"line":87,"column":51}},"52":{"start":{"line":88,"column":20},"end":{"line":88,"column":39}},"53":{"start":{"line":89,"column":20},"end":{"line":89,"column":60}},"54":{"start":{"line":93,"column":16},"end":{"line":93,"column":39}},"55":{"start":{"line":94,"column":16},"end":{"line":94,"column":49}},"56":{"start":{"line":95,"column":16},"end":{"line":95,"column":37}},"57":{"start":{"line":96,"column":16},"end":{"line":96,"column":56}},"58":{"start":{"line":101,"column":8},"end":{"line":102,"column":41}},"59":{"start":{"line":104,"column":21},"end":{"line":104,"column":47}},"60":{"start":{"line":105,"column":21},"end":{"line":105,"column":23}},"61":{"start":{"line":106,"column":8},"end":{"line":106,"column":39}},"62":{"start":{"line":107,"column":8},"end":{"line":145,"column":9}},"63":{"start":{"line":109,"column":12},"end":{"line":109,"column":34}},"64":{"start":{"line":110,"column":12},"end":{"line":110,"column":35}},"65":{"start":{"line":111,"column":12},"end":{"line":111,"column":53}},"66":{"start":{"line":114,"column":25},"end":{"line":114,"column":27}},"67":{"start":{"line":115,"column":12},"end":{"line":115,"column":59}},"68":{"start":{"line":116,"column":12},"end":{"line":116,"column":90}},"69":{"start":{"line":117,"column":35},"end":{"line":120,"column":13}},"70":{"start":{"line":121,"column":12},"end":{"line":121,"column":77}},"71":{"start":{"line":122,"column":12},"end":{"line":144,"column":18}},"72":{"start":{"line":124,"column":20},"end":{"line":136,"column":21}},"73":{"start":{"line":125,"column":24},"end":{"line":125,"column":46}},"74":{"start":{"line":126,"column":24},"end":{"line":126,"column":73}},"75":{"start":{"line":127,"column":24},"end":{"line":127,"column":43}},"76":{"start":{"line":128,"column":24},"end":{"line":128,"column":65}},"77":{"start":{"line":130,"column":25},"end":{"line":136,"column":21}},"78":{"start":{"line":131,"column":24},"end":{"line":131,"column":72}},"79":{"start":{"line":132,"column":24},"end":{"line":132,"column":46}},"80":{"start":{"line":133,"column":24},"end":{"line":133,"column":64}},"81":{"start":{"line":134,"column":24},"end":{"line":134,"column":43}},"82":{"start":{"line":135,"column":24},"end":{"line":135,"column":64}},"83":{"start":{"line":139,"column":20},"end":{"line":139,"column":49}},"84":{"start":{"line":140,"column":20},"end":{"line":140,"column":43}},"85":{"start":{"line":141,"column":20},"end":{"line":141,"column":53}},"86":{"start":{"line":142,"column":20},"end":{"line":142,"column":41}},"87":{"start":{"line":143,"column":20},"end":{"line":143,"column":60}},"88":{"start":{"line":150,"column":8},"end":{"line":151,"column":41}},"89":{"start":{"line":153,"column":21},"end":{"line":153,"column":47}},"90":{"start":{"line":154,"column":21},"end":{"line":154,"column":23}},"91":{"start":{"line":155,"column":8},"end":{"line":155,"column":39}},"92":{"start":{"line":156,"column":8},"end":{"line":198,"column":9}},"93":{"start":{"line":158,"column":12},"end":{"line":158,"column":34}},"94":{"start":{"line":159,"column":12},"end":{"line":159,"column":35}},"95":{"start":{"line":160,"column":12},"end":{"line":160,"column":53}},"96":{"start":{"line":163,"column":29},"end":{"line":163,"column":31}},"97":{"start":{"line":164,"column":27},"end":{"line":167,"column":13}},"98":{"start":{"line":168,"column":12},"end":{"line":170,"column":13}},"99":{"start":{"line":169,"column":16},"end":{"line":169,"column":66}},"100":{"start":{"line":171,"column":12},"end":{"line":173,"column":13}},"101":{"start":{"line":172,"column":16},"end":{"line":172,"column":54}},"102":{"start":{"line":174,"column":25},"end":{"line":174,"column":27}},"103":{"start":{"line":175,"column":12},"end":{"line":175,"column":74}},"104":{"start":{"line":176,"column":12},"end":{"line":197,"column":18}},"105":{"start":{"line":178,"column":20},"end":{"line":189,"column":21}},"106":{"start":{"line":179,"column":24},"end":{"line":179,"column":46}},"107":{"start":{"line":180,"column":24},"end":{"line":180,"column":63}},"108":{"start":{"line":181,"column":24},"end":{"line":181,"column":43}},"109":{"start":{"line":182,"column":24},"end":{"line":182,"column":64}},"110":{"start":{"line":185,"column":24},"end":{"line":185,"column":46}},"111":{"start":{"line":186,"column":24},"end":{"line":186,"column":79}},"112":{"start":{"line":187,"column":24},"end":{"line":187,"column":43}},"113":{"start":{"line":188,"column":24},"end":{"line":188,"column":65}},"114":{"start":{"line":192,"column":20},"end":{"line":192,"column":57}},"115":{"start":{"line":193,"column":20},"end":{"line":193,"column":43}},"116":{"start":{"line":194,"column":20},"end":{"line":194,"column":53}},"117":{"start":{"line":195,"column":20},"end":{"line":195,"column":41}},"118":{"start":{"line":196,"column":20},"end":{"line":196,"column":60}},"119":{"start":{"line":202,"column":8},"end":{"line":203,"column":76}},"120":{"start":{"line":204,"column":8},"end":{"line":205,"column":41}},"121":{"start":{"line":207,"column":21},"end":{"line":207,"column":47}},"122":{"start":{"line":208,"column":21},"end":{"line":208,"column":23}},"123":{"star
[...]
47}},"88":{"start":{"line":152,"column":8},"end":{"line":181,"column":9}},"89":{"start":{"line":154,"column":12},"end":{"line":154,"column":34}},"90":{"start":{"line":155,"column":12},"end":{"line":155,"column":35}},"91":{"start":{"line":156,"column":12},"end":{"line":156,"column":53}},"92":{"start":{"line":159,"column":29},"end":{"line":162,"column":13}},"93":{"start":{"line":163,"column":25},"end":{"line":163,"column":27}},"94":{"start":{"line":164,"column":12},"end":{"line":164,"column":74}},"95":{"start":{"line":165,"column":12},"end":{"line":180,"column":18}},"96":{"start":{"line":167,"column":20},"end":{"line":172,"column":21}},"97":{"start":{"line":168,"column":24},"end":{"line":168,"column":46}},"98":{"start":{"line":169,"column":24},"end":{"line":169,"column":63}},"99":{"start":{"line":170,"column":24},"end":{"line":170,"column":43}},"100":{"start":{"line":171,"column":24},"end":{"line":171,"column":64}},"101":{"start":{"line":175,"column":20},"end":{"line":175,"column":57}},"102":{"start":{"line":176,"column":20},"end":{"line":176,"column":43}},"103":{"start":{"line":177,"column":20},"end":{"line":177,"column":53}},"104":{"start":{"line":178,"column":20},"end":{"line":178,"column":41}},"105":{"start":{"line":179,"column":20},"end":{"line":179,"column":60}},"106":{"start":{"line":185,"column":0},"end":{"line":185,"column":34}}},"fnMap":{"0":{"name":"(anonymous_0)","decl":{"start":{"line":5,"column":4},"end":{"line":5,"column":5}},"loc":{"start":{"line":5,"column":35},"end":{"line":57,"column":5}},"line":5},"1":{"name":"(anonymous_1)","decl":{"start":{"line":31,"column":65},"end":{"line":31,"column":66}},"loc":{"start":{"line":31,"column":75},"end":{"line":45,"column":17}},"line":31},"2":{"name":"(anonymous_2)","decl":{"start":{"line":46,"column":27},"end":{"line":46,"column":28}},"loc":{"start":{"line":46,"column":38},"end":{"line":51,"column":21}},"line":46},"3":{"name":"(anonymous_3)","decl":{"start":{"line":60,"column":4},"end":{"line":60,"column":5}},"loc":{"start":{"line":60,"column":36},"end":{"line":102,"column":5}},"line":60},"4":{"name":"(anonymous_4)","decl":{"start":{"line":79,"column":22},"end":{"line":79,"column":23}},"loc":{"start":{"line":79,"column":32},"end":{"line":93,"column":17}},"line":79},"5":{"name":"(anonymous_5)","decl":{"start":{"line":94,"column":23},"end":{"line":94,"column":24}},"loc":{"start":{"line":94,"column":32},"end":{"line":100,"column":17}},"line":94},"6":{"name":"(anonymous_6)","decl":{"start":{"line":104,"column":4},"end":{"line":104,"column":5}},"loc":{"start":{"line":104,"column":35},"end":{"line":146,"column":5}},"line":104},"7":{"name":"(anonymous_7)","decl":{"start":{"line":122,"column":22},"end":{"line":122,"column":23}},"loc":{"start":{"line":122,"column":32},"end":{"line":137,"column":17}},"line":122},"8":{"name":"(anonymous_8)","decl":{"start":{"line":138,"column":23},"end":{"line":138,"column":24}},"loc":{"start":{"line":138,"column":32},"end":{"line":144,"column":17}},"line":138},"9":{"name":"(anonymous_9)","decl":{"start":{"line":148,"column":4},"end":{"line":148,"column":5}},"loc":{"start":{"line":148,"column":33},"end":{"line":182,"column":5}},"line":148},"10":{"name":"(anonymous_10)","decl":{"start":{"line":166,"column":22},"end":{"line":166,"column":23}},"loc":{"start":{"line":166,"column":30},"end":{"line":173,"column":17}},"line":166},"11":{"name":"(anonymous_11)","decl":{"start":{"line":174,"column":23},"end":{"line":174,"column":24}},"loc":{"start":{"line":174,"column":32},"end":{"line":180,"column":17}},"line":174}},"branchMap":{"0":{"loc":{"start":{"line":10,"column":12},"end":{"line":10,"column":81}},"type":"if","locations":[{"start":{"line":10,"column":12},"end":{"line":10,"column":81}},{"start":{"line":10,"column":12},"end":{"line":10,"column":81}}],"line":10},"1":{"loc":{"start":{"line":11,"column":12},"end":{"line":11,"column":91}},"type":"if","locations":[{"start":{"line":11,"column":12},"end":{"line":11,"column":91}},{"start":{"line":11,"column":12},"end":{"line":11,"column":91}}],"line":11},"2":{"loc":{"start":{"line":18,"column":12},"end":{"line":52,"column":13}},"type":"if","locations":[{"start":{"line":18,"column":12},"end":{"line":52,"column":13}},{"start":{"line":18,"column":12},"end":{"line":52,"column":13}}],"line":18},"3":{"loc":{"start":{"line":32,"column":20},"end":{"line":43,"column":21}},"type":"if","locations":[{"start":{"line":32,"column":20},"end":{"line":43,"column":21}},{"start":{"line":32,"column":20},"end":{"line":43,"column":21}}],"line":32},"4":{"loc":{"start":{"line":64,"column":8},"end":{"line":101,"column":9}},"type":"if","locations":[{"start":{"line":64,"column":8},"end":{"line":101,"column":9}},{"start":{"line":64,"column":8},"end":{"line":101,"column":9}}],"line":64},"5":{"loc":{"start":{"line":80,"column":20},"end":{"line":92,"column":21}},"type":"if","locations":[{"start":{"line":80,"column":20},"end":{"line":92,"column":21}},{"start":{"line":80,"column":20},"end":{"line":92,"column":21}}],"line":80},"6":{"loc":{"start":{"line":80,"column":24},"end":{"line":80,"column":58}},"type":"binary-expr","locations":[{"start":{"line":80,"column":24},"end":{"line":80,"column":37}},{"start":{"line":80,"column":41},"end":{"line":80,"column":58}}],"line":80},"7":{"loc":{"start":{"line":86,"column":25},"end":{"line":92,"column":21}},"type":"if","locations":[{"start":{"line":86,"column":25},"end":{"line":92,"column":21}},{"start":{"line":86,"column":25},"end":{"line":92,"column":21}}],"line":86},"8":{"loc":{"start":{"line":108,"column":8},"end":{"line":145,"column":9}},"type":"if","locations":[{"start":{"line":108,"column":8},"end":{"line":145,"column":9}},{"start":{"line":108,"column":8},"end":{"line":145,"column":9}}],"line":108},"9":{"loc":{"start":{"line":123,"column":20},"end":{"line":136,"column":21}},"type":"if","locations":[{"start":{"line":123,"column":20},"end":{"line":136,"column":21}},{"start":{"line":123,"column":20},"end":{"line":136,"column":21}}],"line":123},"10":{"loc":{"start":{"line":152,"column":8},"end":{"line":181,"column":9}},"type":"if","locations":[{"start":{"line":152,"column":8},"end":{"line":181,"column":9}},{"start":{"line":152,"column":8},"end":{"line":181,"column":9}}],"line":152},"11":{"loc":{"start":{"line":167,"column":20},"end":{"line":172,"column":21}},"type":"if","locations":[{"start":{"line":167,"column":20},"end":{"line":172,"column":21}},{"start":{"line":167,"column":20},"end":{"line":172,"column":21}}],"line":167}},"s":{"0":1,"1":1,"2":0,"3":0,"4":0,"5":0,"6":0,"7":0,"8":0,"9":0,"10":0,"11":0,"12":0,"13":0,"14":0,"15":0,"16":0,"17":0,"18":0,"19":0,"20":0,"21":0,"22":0,"23":0,"24":0,"25":0,"26":0,"27":0,"28":0,"29":0,"30":0,"31":0,"32":0,"33":0,"34":0,"35":0,"36":0,"37":0,"38":0,"39":0,"40":0,"41":0,"42":0,"43":0,"44":0,"45":0,"46":0,"47":0,"48":0,"49":0,"50":0,"51":0,"52":0,"53":0,"54":0,"55":0,"56":0,"57":0,"58":0,"59":0,"60":0,"61":0,"62":0,"63":0,"64":0,"65":0,"66":0,"67":0,"68":0,"69":0,"70":0,"71":0,"72":0,"73":0,"74":0,"75":0,"76":0,"77":0,"78":0,"79":0,"80":0,"81":0,"82":0,"83":0,"84":0,"85":0,"86":0,"87":0,"88":0,"89":0,"90":0,"91":0,"92":0,"93":0,"94":0,"95":0,"96":0,"97":0,"98":0,"99":0,"100":0,"101":0,"102":0,"103":0,"104":0,"105":0,"106":1},"f":{"0":0,"1":0,"2":0,"3":0,"4":0,"5":0,"6":0,"7":0,"8":0,"9":0,"10":0,"11":0},"b":{"0":[0,0],"1":[0,0],"2":[0,0],"3":[0,0],"4":[0,0],"5":[0,0],"6":[0,0],"7":[0,0],"8":[0,0],"9":[0,0],"10":[0,0],"11":[0,0]},"_coverageSchema":"1a1c01bbd47fc00a2c39e90264f33305004495a9","hash":"6cda48f36c8ca51435118e60043a1451b3e0b880","contentHash":"0b1247f81f9e647f2fb1211f0a7e768e5826c59da048fbd83e7af942028e8504"},"/home/admin1/Fundoo/backend/services/label.js":{"path":"/home/admin1/Fundoo/backend/services/label.js","statementMap":{"0":{"start":{"line":1,"column":17},"end":{"line":1,"column":46}},"1":{"start":{"line":3,"column":13},"end":{"line":3,"column":41}},"2":{"start":{"line":6,"column":8},"end":{"line":6,"column":53}},"3":{"start":{"line":7,"column":8},"end":{"line":7,"column":52}},"4":{"start":{"line":8,"column":8},"end":{"line":27,"column":14}},"5":{"start":{"line":9,"column":12},"end":{"line":21,"column":18}},"6":{"start":{"line":10,"column":16},"end":{"line":15,"column":17}},"7":{"start":{"line":11,"column":20},"end":{"line":11,"column":41}},"8":{"start":{"line":14,"column":20},"end":{"line":14,"column":40}},"9":{"start":{"line":18,"column":20},"end":{"line":18,"column":58}},"10":{"start":{"line":19,"column":20},"end":{"line":19,"column":57}},"11":{"start":{"line":20,"column":20},"end":{"line":20,"column":41}},"12":{"start":{"line":24,"column":16},"end":{"line":24,"column":57}},"13":{"start":{"line":25,"column":16},"end":{"line":25,"column":56}},"14":{"start":{"line":26,"column":16},"end":{"line":26,"column":37}},"15":{"start":{"line":34,"column":8},"end":{"line":34,"column":68}},"16":{"start":{"line":35,"column":8},"end":{"line":51,"column":10}},"17":{"start":{"line":36,"column":12},"end":{"line":50,"column":18}},"18":{"start":{"line":38,"column":20},"end":{"line":38,"column":83}},"19":{"start":{"line":39,"column":20},"end":{"line":39,"column":57}},"20":{"start":{"line":40,"column":20},"end":{"line":45,"column":21}},"21":{"start":{"line":41,"column":24},"end":{"line":41,"column":45}},"22":{"start":{"line":43,"column":25},"end":{"line":45,"column":21}},"23":{"start":{"line":44,"column":24},"end":{"line":44,"column":45}},"24":{"start":{"line":48,"column":20},"end":{"line":48,"column":49}},"25":{"start":{"line":49,"column":20},"end":{"line":49,"column":41}},"26":{"start":{"line":55,"column":8},"end":{"line":55,"column":68}},"27":{"start":{"line":56,"column":8},"end":{"line":71,"column":10}},"28":{"start":{"line":57,"column":12},"end":{"line":70,"column":18}},"29":{"start":{"line":59,"column":20},"end":{"line":66,"column":21}},"30":{"start":{"line":60,"column":24},"end":{"line":60,"column":71}},"31":{"start":{"line":61,"column":24},"end":{"line":61,"column":45}},"32":{"start":{"line":64,"column":24},"end":{"line":64,"column":57}},"33":{"start":{"line":65,"column":24},"end":{"line":65,"column":45}},"34":{"start":{"line":69,"column":20},"end":{"line":69,"column":41}},"35":{"start":{"line":75,"column":8},"end":{"line":75,"column":62}},"36":{"start":{"line":87,"column":8},"end":{"line":103,"column":10}},"37":{"start":{"line":88,"column":12},"end":{"line":102,"column":18}},"38":{"start":{"line":90,"column":20},"end":{"line":97,"column":21}},"39":{"start":{"line":91,"column":24},"end":{"line":91,"column":63}},"40":{"start":{"line":92,"column":24},"end":{"line":92,"column":45}},"41":{"start":{"line":95,"column":24},"end":{"line":95,"column":64}},"42":{"start":{"line":96,"column":24},"end":{"line":96,"column":44}},"43":{"start":{"line":100,"column":20},"end":{"line":100,"column":61}},"44":{"start":{"line":101,"column":20},"end":{"line":101,"column":40}},"45":{"start":{"line":108,"column":0},"end":{"line":108,"column":31}}},"fnMap":{"0":{"name":"(anonymous_0)","decl":{"start":{"line":5,"column":4},"end":{"line":5,"column":5}},"loc":{"start":{"line":5,"column":25},"end":{"line":28,"column":5}},"line":5},"1":{"name":"(anonymous_1)","decl":{"start":{"line":8,"column":27},"end":{"line":8,"column":28}},"loc":{"start":{"line":8,"column":54},"end":{"line":22,"column":9}},"line":8},"2":{"name":"(anonymous_2)","decl":{"start":{"line":9,"column":44},"end":{"line":9,"column":45}},"loc":{"start":{"line":9,"column":54},"end":{"line":16,"column":13}},"line":9},"3":{"name":"(anonymous_3)","decl":{"start":{"line":17,"column":23},"end":{"line":17,"column":24}},"loc":{"start":{"line":17,"column":34},"end":{"line":21,"column":17}},"line":17},"4":{"name":"(anonymous_4)","decl":{"start":{"line":23,"column":19},"end":{"line":23,"column":20}},"loc":{"start":{"line":23,"column":30},"end":{"line":27,"column":13}},"line":23},"5":{"name":"(anonymous_5)","decl":{"start":{"line":30,"column":4},"end":{"line":30,"column":5}},"loc":{"start":{"line":30,"column":32},"end":{"line":52,"column":5}},"line":30},"6":{"name":"(anonymous_6)","decl":{"start":{"line":35,"column":27},"end":{"line":35,"column":28}},"loc":{"start":{"line":35,"column":54},"end":{"line":51,"column":9}},"line":35},"7":{"name":"(anonymous_7)","decl":{"start":{"line":37,"column":22},"end":{"line":37,"column":23}},"loc":{"start":{"line":37,"column":32},"end":{"line":46,"column":17}},"line":37},"8":{"name":"(anonymous_8)","decl":{"start":{"line":47,"column":23},"end":{"line":47,"column":24}},"loc":{"start":{"line":47,"column":32},"end":{"line":50,"column":17}},"line":47},"9":{"name":"(anonymous_9)","decl":{"start":{"line":54,"column":4},"end":{"line":54,"column":5}},"loc":{"start":{"line":54,"column":25},"end":{"line":72,"column":5}},"line":54},"10":{"name":"(anonymous_10)","decl":{"start":{"line":56,"column":27},"end":{"line":56,"column":28}},"loc":{"start":{"line":56,"column":54},"end":{"line":71,"column":9}},"line":56},"11":{"name":"(anonymous_11)","decl":{"start":{"line":58,"column":22},"end":{"line":58,"column":23}},"loc":{"start":{"line":58,"column":32},"end":{"line":67,"column":17}},"line":58},"12":{"name":"(anonymous_12)","decl":{"start":{"line":68,"column":23},"end":{"line":68,"column":24}},"loc":{"start":{"line":68,"column":32},"end":{"line":70,"column":17}},"line":68},"13":{"name":"(anonymous_13)","decl":{"start":{"line":74,"column":4},"end":{"line":74,"column":5}},"loc":{"start":{"line":74,"column":26},"end":{"line":105,"column":5}},"line":74},"14":{"name":"(anonymous_14)","decl":{"start":{"line":87,"column":27},"end":{"line":87,"column":28}},"loc":{"start":{"line":87,"column":48},"end":{"line":103,"column":9}},"line":87},"15":{"name":"(anonymous_15)","decl":{"start":{"line":89,"column":22},"end":{"line":89,"column":23}},"loc":{"start":{"line":89,"column":32},"end":{"line":98,"column":17}},"line":89},"16":{"name":"(anonymous_16)","decl":{"start":{"line":99,"column":23},"end":{"line":99,"column":24}},"loc":{"start":{"line":99,"column":32},"end":{"line":102,"column":17}},"line":99}},"branchMap":{"0":{"loc":{"start":{"line":10,"column":16},"end":{"line":15,"column":17}},"type":"if","locations":[{"start":{"line":10,"column":16},"end":{"line":15,"column":17}},{"start":{"line":10,"column":16},"end":{"line":15,"column":17}}],"line":10},"1":{"loc":{"start":{"line":40,"column":20},"end":{"line":45,"column":21}},"type":"if","locations":[{"start":{"line":40,"column":20},"end":{"line":45,"column":21}},{"start":{"line":40,"column":20},"end":{"line":45,"column":21}}],"line":40},"2":{"loc":{"start":{"line":43,"column":25},"end":{"line":45,"column":21}},"type":"if","locations":[{"start":{"line":43,"column":25},"end":{"line":45,"column":21}},{"start":{"line":43,"column":25},"end":{"line":45,"column":21}}],"line":43},"3":{"loc":{"start":{"line":59,"column":20},"end":{"line":66,"column":21}},"type":"if","locations":[{"start":{"line":59,"column":20},"end":{"line":66,"column":21}},{"start":{"line":59,"column":20},"end":{"line":66,"column":21}}],"line":59},"4":{"loc":{"start":{"line":90,"column":20},"end":{"line":97,"column":21}},"type":"if","locations":[{"start":{"line":90,"column":20},"end":{"line":97,"column":21}},{"start":{"line":90,"column":20},"end":{"line":97,"column":21}}],"line":90}},"s":{"0":1,"1":1,"2":0,"3":0,"4":0,"5":0,"6":0,"7":0,"8":0,"9":0,"10":0,"11":0,"12":0,"13":0,"14":0,"15":0,"16":0,"17":0,"18":0,"19":0,"20":0,"21":0,"22":0,"23":0,"24":0,"25":0,"26":0,"27":0,"28":0,"29":0,"30":0,"31":0,"32":0,"33":0,"34":0,"35":0,"36":0,"37":0,"38":0,"39":0,"40":0,"41":0,"42":0,"43":0,"44":0,"45":1},"f":{"0":0,"1":0,"2":0,"3":0,"4":0,"5":0,"6":0,"7":0,"8":0,"9":0,"10":0,"11":0,"12":0,"13":0,"14":0,"15":0,"16":0},"b":{"0":[0,0],"1":[0,0],"2":[0,0],"3":[0,0],"4":[0,0]},"_coverageSchema":"1a1c01bbd47fc00a2c39e90264f33305004495a9","hash":"e2dae847a1313dca3cf8ad304e71c326e9c157ba","contentHash":"b51c40d2b3a72d18c49911ce08f582e2f8cbc062e5ddc9db023d6b80cd8bde29"},"/home/admin1/Fundoo/backend/app/model/label.js":{"path":"/home/admin1/Fundoo/backend/app/model/label.js","statementMap":{"0":{"start":{"line":15,"column":17},"end":{"line":15,"column":36}},"1":{"start":{"line":16,"column":13},"end":{"line":16,"column":44}},"2":{"start":{"line":18,"column":20},"end":{"line":34,"column":6}},"3":{"start":{"line":36,"column":12},"end":{"line":36,"column":48}},"4":{"start":{"line":40,"column":26},"end":{"line":44,"column":10}},"5":{"start":{"line":45,"column":8},"end":{"line":54,"column":10}},"6":{"start":{"line":46,"column":12},"end":{"line":53,"column":18}},"7":{"start":{"line":47,"column":16},"end":{"line":47,"column":55}},"8":{"start":{"line":48,"column":16},"end":{"line":48,"column":29}},"9":{"start":{"line":51,"column":20},"end":{"line":51,"column":59}},"10":{"start":{"line":52,"column":20},"end":{"line":52,"column":33}},"11":{"start":{"line":58,"column":19},"end":{"line":58,"column":44}},"12":{"start":{"line":59,"column":8},"end":{"line":59,"column":20}},"13":{"start":{"line":63,"column":8},"end":{"line":63,"column":50}},"14":{"start":{"line":64,"column":19},"end":{"line":64,"column":57}},"15":{"start":{"line":65,"column":8},"end":{"line":65,"column":60}},"16":{"start":{"line":66,"column":8},"end":{"line":66,"column":20}},"17":{"start":{"line":70,"column":8},"end":{"line":70,"column":53}},"18":{"start":{"line":71,"column":8},"end":{"line":71,"column":61}},"19":{"start":{"line":72,"column":8},"end":{"line":82,"column":10}},"20":{"start":{"line":73,"column":12},"end":{"line":81,"column":18}},"21":{"start":{"line":75,"column":20},"end":{"line":75,"column":57}},"22":{"start":{"line":76,"column":20},"end":{"line":76,"column":40}},"23":{"start":{"line":79,"column":20},"end":{"line":79,"column":58}},"24":{"start":{"line":80,"column":20},"end":{"line":80,"column":41}},"25":{"start":{"line":87,"column":0},"end":{"line":87,"column":27}}},"fnMap":{"0":{"name":"(anonymous_0)","decl":{"start":{"line":39,"column":4},"end":{"line":39,"column":5}},"loc":{"start":{"line":39,"column":20},"end":{"line":55,"column":5}},"line":39},"1":{"name":"(anonymous_1)","decl":{"start":{"line":45,"column":27},"end":{"line":45,"column":28}},"loc":{"start":{"line":45,"column":54},"end":{"line":54,"column":9}},"line":45},"2":{"name":"(anonymous_2)","decl":{"start":{"line":46,"column":36},"end":{"line":46,"column":37}},"loc":{"start":{"line":46,"column":46},"end":{"line":49,"column":13}},"line":46},"3":{"name":"(anonymous_3)","decl":{"start":{"line":50,"column":23},"end":{"line":50,"column":24}},"loc":{"start":{"line":50,"column":34},"end":{"line":53,"column":17}},"line":50},"4":{"name":"(anonymous_4)","decl":{"start":{"line":57,"column":4},"end":{"line":57,"column":5}},"loc":{"start":{"line":57,"column":24},"end":{"line":60,"column":5}},"line":57},"5":{"name":"(anonymous_5)","decl":{"start":{"line":62,"column":4},"end":{"line":62,"column":5}},"loc":{"start":{"line":62,"column":26},"end":{"line":67,"column":5}},"line":62},"6":{"name":"(anonymous_6)","decl":{"start":{"line":69,"column":4},"end":{"line":69,"column":5}},"loc":{"start":{"line":69,"column":34},"end":{"line":83,"column":5}},"line":69},"7":{"name":"(anonymous_7)","decl":{"start":{"line":72,"column":27},"end":{"line":72,"column":28}},"loc":{"start":{"line":72,"column":48},"end":{"line":82,"column":9}},"line":72},"8":{"name":"(anonymous_8)","decl":{"start":{"line":74,"column":22},"end":{"line":74,"column":23}},"loc":{"start":{"line":74,"column":30},"end":{"line":77,"column":17}},"line":74},"9":{"name":"(anonymous_9)","decl":{"start":{"line":78,"column":23},"end":{"line":78,"column":24}},"loc":{"start":{"line":78,"column":32},"end":{"line":81,"column":17}},"line":78}},"branchMap":{},"s":{"0":1,"1":1,"2":1,"3":1,"4":0,"5":0,"6":0,"7":0,"8":0,"9":0,"10":0,"11":0,"12":0,"13":0,"14":0,"15":0,"16":0,"17":0,"18":0,"19":0,"20":0,"21":0,"22":0,"23":0,"24":0,"25":1},"f":{"0":0,"1":0,"2":0,"3":0,"4":0,"5":0,"6":0,"7":0,"8":0,"9":0},"b":{},"_coverageSchema":"1a1c01bbd47fc00a2c39e90264f33305004495a9","hash":"53b1abded47b88fdc008110929e6d425c59dac81","contentHash":"9cc9fec5ea2cda0de1b9709cd740524ce610104c05f0b31e7c1a661fd3ab8087"}}